1NUMBER OF BEAM       NUMBER OF BEAM        APPROXIMATE NUMBER    AVERAGE TIME USED     TIME LEFT (RESERVED   NUMBER OF STARS
 PARTICLES HANDLED    PARTICLES LEFT        OF BEAM PARTICLES     BY A BEAM PARTICLE     10000.0 SECONDS      CREATED
                                            THAT CAN STILL BE                           FOR PRINTOUT)
                                            HANDLED

 NEXT SEEDS:       0       0       0       0       0       0       A    3039       0       0
          1                 59999                 59999             0.0000000E+00         1.0000000E+30                 0       
 NEXT SEEDS:   6DD6D       0       0       0       0       0       A    3039       0       0
       1000                 59000                 59000             1.8750000E-02         1.0000000E+30                 3       
 NEXT SEEDS:28834BDE       0       0       0       0       0       A    3039       0       0
       2000                 58000                 58000             2.1328125E-02         1.0000000E+30                 7       
 NEXT SEEDS:157D1FDA       1       0       0       0       0       A    3039       0       0
       3000                 57000                 57000             2.1510417E-02         1.0000000E+30                11       
 NEXT SEEDS:3B7233BE       1       0       0       0       0       A    3039       0       0
       4000                 56000                 56000             2.2277344E-02         1.0000000E+30                15       
 NEXT SEEDS:29343830       2       0       0       0       0       A    3039       0       0
       5000                 55000                 55000             2.2659375E-02         1.0000000E+30                19       
 NEXT SEEDS:1688DD40       3       0       0       0       0       A    3039       0       0
       6000                 54000                 54000             2.2723958E-02         1.0000000E+30                21       
 NEXT SEEDS: 2547D21       4       0       0       0       0       A    3039       0       0
       7000                 53000                 53000             2.2627232E-02         1.0000000E+30                26       
 NEXT SEEDS:2880B8D6       4       0       0       0       0       A    3039       0       0
       8000                 52000                 52000             2.2808594E-02         1.0000000E+30                27       
 NEXT SEEDS:15AF12A5       5       0       0       0       0       A    3039       0       0
       9000                 51000                 51000             2.2770833E-02         1.0000000E+30                30       
 NEXT SEEDS:  DE4C4D       6       0       0       0       0       A    3039       0       0
      10000                 50000                 50000             2.2740625E-02         1.0000000E+30                34       
 NEXT SEEDS:27A020B6       6       0       0       0       0       A    3039       0       0
      11000                 49000                 49000             2.2882102E-02         1.0000000E+30                38       
 NEXT SEEDS:15397A4F       7       0       0       0       0       A    3039       0       0
      12000                 48000                 48000             2.2841146E-02         1.0000000E+30                43       
 NEXT SEEDS:  5F7E90       8       0       0       0       0       A    3039       0       0
      13000                 47000                 47000             2.2919471E-02         1.0000000E+30                46       
 NEXT SEEDS:28E07BB8       8       0       0       0       0       A    3039       0       0
      14000                 46000                 46000             2.3039062E-02         1.0000000E+30                54       
 NEXT SEEDS:16DAACEE       9       0       0       0       0       A    3039       0       0
      15000                 45000                 45000             2.3106250E-02         1.0000000E+30                57       
 NEXT SEEDS: 412B7EE       A       0       0       0       0       A    3039       0       0
      16000                 44000                 44000             2.3181641E-02         1.0000000E+30                60       
 NEXT SEEDS:2D730164       A       0       0       0       0       A    3039       0       0
      17000                 43000                 43000             2.3248162E-02         1.0000000E+30                66       
 NEXT SEEDS:1B0F9FA5       B       0       0       0       0       A    3039       0       0
      18000                 42000                 42000             2.3245660E-02         1.0000000E+30                73       
 NEXT SEEDS: 74FD032       C       0       0       0       0       A    3039       0       0
      19000                 41000                 41000             2.3305921E-02         1.0000000E+30                77       
 NEXT SEEDS:308E6429       C       0       0       0       0       A    3039       0       0
      20000                 40000                 40000             2.3280469E-02         1.0000000E+30                79       
 NEXT SEEDS:1C247610       D       0       0       0       0       A    3039       0       0
      21000                 39000                 39000             2.3315476E-02         1.0000000E+30                89       
 NEXT SEEDS: 978D534       E       0       0       0       0       A    3039       0       0
      22000                 38000                 38000             2.3301847E-02         1.0000000E+30                91       
 NEXT SEEDS:30F836E4       E       0       0       0       0       A    3039       0       0
      23000                 37000                 37000             2.3383152E-02         1.0000000E+30                95       
 NEXT SEEDS:1FB1D4CD       F       0       0       0       0       A    3039       0       0
      24000                 36000                 36000             2.3341146E-02         1.0000000E+30               101       
 NEXT SEEDS: AC12A7E      10       0       0       0       0       A    3039       0       0
      25000                 35000                 35000             2.3351250E-02         1.0000000E+30               107       
 NEXT SEEDS:330E2AFD      10       0       0       0       0       A    3039       0       0
      26000                 34000                 34000             2.3331130E-02         1.0000000E+30               109       
 NEXT SEEDS:1EC38B74      11       0       0       0       0       A    3039       0       0
      27000                 33000                 33000             2.3317708E-02         1.0000000E+30               113       
 NEXT SEEDS: AAAB910      12       0       0       0       0       A    3039       0       0
      28000                 32000                 32000             2.3305804E-02         1.0000000E+30               118       
 NEXT SEEDS:3229B839      12       0       0       0       0       A    3039       0       0
      29000                 31000                 31000             2.3336746E-02         1.0000000E+30               121       
 NEXT SEEDS:1FA55565      13       0       0       0       0       A    3039       0       0
      30000                 30000                 30000             2.3345833E-02         1.0000000E+30               123       
 NEXT SEEDS: C4D3015      14       0       0       0       0       A    3039       0       0
      31000                 29000                 29000             2.3354335E-02         1.0000000E+30               128       
 NEXT SEEDS:349BF7F8      14       0       0       0       0       A    3039       0       0
      32000                 28000                 28000             2.3376465E-02         1.0000000E+30               132       
 NEXT SEEDS:21CB04F2      15       0       0       0       0       A    3039       0       0
      33000                 27000                 27000             2.3206913E-02         1.0000000E+30               135       
 NEXT SEEDS:102DE2C1      16       0       0       0       0       A    3039       0       0
      34000                 26000                 26000             2.2894301E-02         1.0000000E+30               138       
 NEXT SEEDS:371BE222      16       0       0       0       0       A    3039       0       0
      35000                 25000                 25000             2.2622768E-02         1.0000000E+30               141       
 NEXT SEEDS:2313A256      17       0       0       0       0       A    3039       0       0
      36000                 24000                 24000             2.2372830E-02         1.0000000E+30               145       
 NEXT SEEDS: F1DB494      18       0       0       0       0       A    3039       0       0
      37000                 23000                 23000             2.2175676E-02         1.0000000E+30               150       
 NEXT SEEDS:38CA1AF3      18       0       0       0       0       A    3039       0       0
      38000                 22000                 22000             2.2003701E-02         1.0000000E+30               152       
 NEXT SEEDS:27E28E9C      19       0       0       0       0       A    3039       0       0
      39000                 21000                 21000             2.1767628E-02         1.0000000E+30               153       
 NEXT SEEDS:11861CA2      1A       0       0       0       0       A    3039       0       0
      40000                 20000                 20000             2.1570703E-02         1.0000000E+30               154       
 NEXT SEEDS:39344163      1A       0       0       0       0       A    3039       0       0
      41000                 19000                 19000             2.1393293E-02         1.0000000E+30               160       
 NEXT SEEDS:2580CC95      1B       0       0       0       0       A    3039       0       0
      42000                 18000                 18000             2.1234375E-02         1.0000000E+30               163       
 NEXT SEEDS:12A89E8F      1C       0       0       0       0       A    3039       0       0
      43000                 17000                 17000             2.1072311E-02         1.0000000E+30               166       
 NEXT SEEDS:3AF13577      1C       0       0       0       0       A    3039       0       0
      44000                 16000                 16000             2.0920810E-02         1.0000000E+30               167       
 NEXT SEEDS:272C6675      1D       0       0       0       0       A    3039       0       0
      45000                 15000                 15000             2.0788194E-02         1.0000000E+30               169       
 NEXT SEEDS:14F61161      1E       0       0       0       0       A    3039       0       0
      46000                 14000                 14000             2.0652514E-02         1.0000000E+30               180       
 NEXT SEEDS: 198C4DD      1F       0       0       0       0       A    3039       0       0
      47000                 13000                 13000             2.0525598E-02         1.0000000E+30               185       
 NEXT SEEDS:2A5D4BE5      1F       0       0       0       0       A    3039       0       0
      48000                 12000                 12000             2.0383138E-02         1.0000000E+30               196       
 NEXT SEEDS:14DFED39      20       0       0       0       0       A    3039       0       0
      49000                 11000                 11000             2.0257015E-02         1.0000000E+30               201       
 NEXT SEEDS:  CD97D8      21       0       0       0       0       A    3039       0       0
      50000                 10000                 10000             2.0145000E-02         1.0000000E+30               205       
 NEXT SEEDS:292643B1      21       0       0       0       0       A    3039       0       0
      51000                  9000                  9000             2.0033701E-02         1.0000000E+30               205       
 NEXT SEEDS:159495A8      22       0       0       0       0       A    3039       0       0
      52000                  8000                  8000             1.9913762E-02         1.0000000E+30               207       
 NEXT SEEDS:  638CA8      23       0       0       0       0       A    3039       0       0
      53000                  7000                  7000             1.9803066E-02         1.0000000E+30               213       
 NEXT SEEDS:27A26A5E      23       0       0       0       0       A    3039       0       0
      54000                  6000                  6000             1.9698495E-02         1.0000000E+30               215       
 NEXT SEEDS:13486F53      24       0       0       0       0       A    3039       0       0
      55000                  5000                  5000             1.9618182E-02         1.0000000E+30               219       
 NEXT SEEDS: 11D4A4F      25       0       0       0       0       A    3039       0       0
      56000                  4000                  4000             1.9527623E-02         1.0000000E+30               222       
 NEXT SEEDS:28DBE849      25       0       0       0       0       A    3039       0       0
      57000                  3000                  3000             1.9432018E-02         1.0000000E+30               224       
 NEXT SEEDS:14ABF1CD      26       0       0       0       0       A    3039       0       0
      58000                  2000                  2000             1.9358028E-02         1.0000000E+30               228       
 NEXT SEEDS: 1F94F63      27       0       0       0       0       A    3039       0       0
      59000                  1000                  1000             1.9277542E-02         1.0000000E+30               234       
 NEXT SEEDS:2A34F2CD      27       0       0       0       0       A    3039       0       0
      59950                    50                    50             1.9202982E-02         1.0000000E+30               237       
 NEXT SEEDS:14DC7A6B      28       0       0       0       0       A    3039       0       0
      59951                    49                    49             1.9202661E-02         1.0000000E+30               237       
 NEXT SEEDS:14E4286E      28       0       0       0       0       A    3039       0       0
      59952                    48                    48             1.9202602E-02         1.0000000E+30               237       
 NEXT SEEDS:14EC0544      28       0       0       0       0       A    3039       0       0
      59953                    47                    47             1.9203584E-02         1.0000000E+30               237       
 NEXT SEEDS:1514E824      28       0       0       0       0       A    3039       0       0
      59954                    46                    46             1.9203264E-02         1.0000000E+30               237       
 NEXT SEEDS:151C4CB2      28       0       0       0       0       A    3039       0       0
      59955                    45                    45             1.9203204E-02         1.0000000E+30               237       
 NEXT SEEDS:15232DF2      28       0       0       0       0       A    3039       0       0
      59956                    44                    44             1.9203145E-02         1.0000000E+30               237       
 NEXT SEEDS:152BCBB9      28       0       0       0       0       A    3039       0       0
      59957                    43                    43             1.9202825E-02         1.0000000E+30               237       
 NEXT SEEDS:15334210      28       0       0       0       0       A    3039       0       0
      59958                    42                    42             1.9202765E-02         1.0000000E+30               237       
 NEXT SEEDS:153BF4D4      28       0       0       0       0       A    3039       0       0
      59959                    41                    41             1.9202705E-02         1.0000000E+30               237       
 NEXT SEEDS:1543E0D4      28       0       0       0       0       A    3039       0       0
      59960                    40                    40             1.9202385E-02         1.0000000E+30               237       
 NEXT SEEDS:154B8098      28       0       0       0       0       A    3039       0       0
      59961                    39                    39             1.9202325E-02         1.0000000E+30               237       
 NEXT SEEDS:155295B7      28       0       0       0       0       A    3039       0       0
      59962                    38                    38             1.9202005E-02         1.0000000E+30               237       
 NEXT SEEDS:155A37E1      28       0       0       0       0       A    3039       0       0
      59963                    37                    37             1.9201945E-02         1.0000000E+30               237       
 NEXT SEEDS:15621E78      28       0       0       0       0       A    3039       0       0
      59964                    36                    36             1.9201886E-02         1.0000000E+30               237       
 NEXT SEEDS:1568FE4A      28       0       0       0       0       A    3039       0       0
      59965                    35                    35             1.9202347E-02         1.0000000E+30               237       
 NEXT SEEDS:1591A8EA      28       0       0       0       0       A    3039       0       0
      59966                    34                    34             1.9202288E-02         1.0000000E+30               237       
 NEXT SEEDS:15991FC3      28       0       0       0       0       A    3039       0       0
      59967                    33                    33             1.9202228E-02         1.0000000E+30               237       
 NEXT SEEDS:15A0B7C7      28       0       0       0       0       A    3039       0       0
      59968                    32                    32             1.9201908E-02         1.0000000E+30               237       
 NEXT SEEDS:15A881E6      28       0       0       0       0       A    3039       0       0
      59969                    31                    31             1.9201848E-02         1.0000000E+30               237       
 NEXT SEEDS:15B06804      28       0       0       0       0       A    3039       0       0
      59970                    30                    30             1.9201788E-02         1.0000000E+30               237       
 NEXT SEEDS:15B899D0      28       0       0       0       0       A    3039       0       0
      59971                    29                    29             1.9201468E-02         1.0000000E+30               237       
 NEXT SEEDS:15C0FB95      28       0       0       0       0       A    3039       0       0
      59972                    28                    28             1.9201409E-02         1.0000000E+30               237       
 NEXT SEEDS:15C880B7      28       0       0       0       0       A    3039       0       0
      59973                    27                    27             1.9201349E-02         1.0000000E+30               237       
 NEXT SEEDS:15D146B4      28       0       0       0       0       A    3039       0       0
      59974                    26                    26             1.9201029E-02         1.0000000E+30               237       
 NEXT SEEDS:15D8B991      28       0       0       0       0       A    3039       0       0
      59975                    25                    25             1.9200969E-02         1.0000000E+30               237       
 NEXT SEEDS:15E01C0E      28       0       0       0       0       A    3039       0       0
      59976                    24                    24             1.9200649E-02         1.0000000E+30               237       
 NEXT SEEDS:15E6F97D      28       0       0       0       0       A    3039       0       0
      59977                    23                    23             1.9200589E-02         1.0000000E+30               237       
 NEXT SEEDS:15EEC0AF      28       0       0       0       0       A    3039       0       0
      59978                    22                    22             1.9200530E-02         1.0000000E+30               237       
 NEXT SEEDS:15F63619      28       0       0       0       0       A    3039       0       0
      59979                    21                    21             1.9200210E-02         1.0000000E+30               237       
 NEXT SEEDS:15FE634E      28       0       0       0       0       A    3039       0       0
      59980                    20                    20             1.9200150E-02         1.0000000E+30               237       
 NEXT SEEDS:1605B0C4      28       0       0       0       0       A    3039       0       0
      59981                    19                    19             1.9199830E-02         1.0000000E+30               237       
 NEXT SEEDS:160D8071      28       0       0       0       0       A    3039       0       0
      59982                    18                    18             1.9199770E-02         1.0000000E+30               237       
 NEXT SEEDS:1614D31D      28       0       0       0       0       A    3039       0       0
      59983                    17                    17             1.9199711E-02         1.0000000E+30               237       
 NEXT SEEDS:161BA2AB      28       0       0       0       0       A    3039       0       0
      59984                    16                    16             1.9199391E-02         1.0000000E+30               237       
 NEXT SEEDS:16242C27      28       0       0       0       0       A    3039       0       0
      59985                    15                    15             1.9199071E-02         1.0000000E+30               237       
 NEXT SEEDS:162BB404      28       0       0       0       0       A    3039       0       0
      59986                    14                    14             1.9199011E-02         1.0000000E+30               237       
 NEXT SEEDS:16339C66      28       0       0       0       0       A    3039       0       0
      59987                    13                    13             1.9198691E-02         1.0000000E+30               237       
 NEXT SEEDS:163B32A0      28       0       0       0       0       A    3039       0       0
      59988                    12                    12             1.9198631E-02         1.0000000E+30               237       
 NEXT SEEDS:164308ED      28       0       0       0       0       A    3039       0       0
      59989                    11                    11             1.9198311E-02         1.0000000E+30               237       
 NEXT SEEDS:164B23CC      28       0       0       0       0       A    3039       0       0
      59990                    10                    10             1.9199033E-02         1.0000000E+30               237       
 NEXT SEEDS:16759ECC      28       0       0       0       0       A    3039       0       0
      59991                     9                     9             1.9199755E-02         1.0000000E+30               237       
 NEXT SEEDS:169DF71F      28       0       0       0       0       A    3039       0       0
      59992                     8                     8             1.9199695E-02         1.0000000E+30               237       
 NEXT SEEDS:16A63A58      28       0       0       0       0       A    3039       0       0
      59993                     7                     7             1.9199636E-02         1.0000000E+30               237       
 NEXT SEEDS:16AD87F5      28       0       0       0       0       A    3039       0       0
      59994                     6                     6             1.9199316E-02         1.0000000E+30               237       
 NEXT SEEDS:16B47D04      28       0       0       0       0       A    3039       0       0
      59995                     5                     5             1.9199256E-02         1.0000000E+30               237       
 NEXT SEEDS:16BC2120      28       0       0       0       0       A    3039       0       0
      59996                     4                     4             1.9198936E-02         1.0000000E+30               237       
 NEXT SEEDS:16C3C18C      28       0       0       0       0       A    3039       0       0
      59997                     3                     3             1.9199658E-02         1.0000000E+30               237       
 NEXT SEEDS:16E9E082      28       0       0       0       0       A    3039       0       0
      59998                     2                     2             1.9199598E-02         1.0000000E+30               237       
 NEXT SEEDS:16F1214A      28       0       0       0       0       A    3039       0       0
      59999                     1                     1             1.9199539E-02         1.0000000E+30               237       
 NEXT SEEDS:16F946D4      28       0       0       0       0       A    3039       0       0
      60000                     0                     1             1.9200521E-02         1.0000000E+30               237       
 NEXT SEEDS:1722D5A0      28       0       0       0       0       A    3039       0       0
