1NUMBER OF BEAM       NUMBER OF BEAM        APPROXIMATE NUMBER    AVERAGE TIME USED     TIME LEFT (RESERVED   NUMBER OF STARS
 PARTICLES HANDLED    PARTICLES LEFT        OF BEAM PARTICLES     BY A BEAM PARTICLE     10000.0 SECONDS      CREATED
                                            THAT CAN STILL BE                           FOR PRINTOUT)
                                            HANDLED

 NEXT SEEDS:       0       0       0       0       0       0      14    3039       0       0
          1                 59999                 59999             1.5625000E-02         1.0000000E+30                 0       
 NEXT SEEDS:   80AF0       0       0       0       0       0      14    3039       0       0
       1000                 59000                 59000             1.8250000E-02         1.0000000E+30                 5       
 NEXT SEEDS:27BF6C23       0       0       0       0       0      14    3039       0       0
       2000                 58000                 58000             2.1570313E-02         1.0000000E+30                 7       
 NEXT SEEDS:1607F20C       1       0       0       0       0      14    3039       0       0
       3000                 57000                 57000             2.2343750E-02         1.0000000E+30                11       
 NEXT SEEDS: 32ED964       2       0       0       0       0      14    3039       0       0
       4000                 56000                 56000             2.2980469E-02         1.0000000E+30                19       
 NEXT SEEDS:2D202FBD       2       0       0       0       0      14    3039       0       0
       5000                 55000                 55000             2.3075000E-02         1.0000000E+30                20       
 NEXT SEEDS:198A0F65       3       0       0       0       0      14    3039       0       0
       6000                 54000                 54000             2.3330729E-02         1.0000000E+30                23       
 NEXT SEEDS: 7671E9A       4       0       0       0       0      14    3039       0       0
       7000                 53000                 53000             2.3546875E-02         1.0000000E+30                24       
 NEXT SEEDS:312D8B39       4       0       0       0       0      14    3039       0       0
       8000                 52000                 52000             2.3523438E-02         1.0000000E+30                26       
 NEXT SEEDS:1D876C7F       5       0       0       0       0      14    3039       0       0
       9000                 51000                 51000             2.3340278E-02         1.0000000E+30                32       
 NEXT SEEDS: 7ECC879       6       0       0       0       0      14    3039       0       0
      10000                 50000                 50000             2.3426563E-02         1.0000000E+30                33       
 NEXT SEEDS:3131143E       6       0       0       0       0      14    3039       0       0
      11000                 49000                 49000             2.3339489E-02         1.0000000E+30                37       
 NEXT SEEDS:1C5C3B58       7       0       0       0       0      14    3039       0       0
      12000                 48000                 48000             2.3391927E-02         1.0000000E+30                46       
 NEXT SEEDS: 9732192       8       0       0       0       0      14    3039       0       0
      13000                 47000                 47000             2.3423077E-02         1.0000000E+30                50       
 NEXT SEEDS:31D0C7A1       8       0       0       0       0      14    3039       0       0
      14000                 46000                 46000             2.3445312E-02         1.0000000E+30                53       
 NEXT SEEDS:1E9A154C       9       0       0       0       0      14    3039       0       0
      15000                 45000                 45000             2.3471875E-02         1.0000000E+30                57       
 NEXT SEEDS: B89E3C4       A       0       0       0       0      14    3039       0       0
      16000                 44000                 44000             2.3439453E-02         1.0000000E+30                58       
 NEXT SEEDS:33186786       A       0       0       0       0      14    3039       0       0
      17000                 43000                 43000             2.3397978E-02         1.0000000E+30                61       
 NEXT SEEDS:1EA1847C       B       0       0       0       0      14    3039       0       0
      18000                 42000                 42000             2.3490451E-02         1.0000000E+30                64       
 NEXT SEEDS: D29B266       C       0       0       0       0      14    3039       0       0
      19000                 41000                 41000             2.3448191E-02         1.0000000E+30                64       
 NEXT SEEDS:34451E7D       C       0       0       0       0      14    3039       0       0
      20000                 40000                 40000             2.3514062E-02         1.0000000E+30                67       
 NEXT SEEDS:225B0302       D       0       0       0       0      14    3039       0       0
      21000                 39000                 39000             2.3482887E-02         1.0000000E+30                73       
 NEXT SEEDS: E150167       E       0       0       0       0      14    3039       0       0
      22000                 38000                 38000             2.3503551E-02         1.0000000E+30                76       
 NEXT SEEDS:36BFE575       E       0       0       0       0      14    3039       0       0
      23000                 37000                 37000             2.3533288E-02         1.0000000E+30                80       
 NEXT SEEDS:244391F4       F       0       0       0       0      14    3039       0       0
      24000                 36000                 36000             2.3550781E-02         1.0000000E+30                87       
 NEXT SEEDS:1165F2FA      10       0       0       0       0      14    3039       0       0
      25000                 35000                 35000             2.3553750E-02         1.0000000E+30                93       
 NEXT SEEDS:39AC3EB8      10       0       0       0       0      14    3039       0       0
      26000                 34000                 34000             2.3566707E-02         1.0000000E+30                95       
 NEXT SEEDS:26BEA247      11       0       0       0       0      14    3039       0       0
      27000                 33000                 33000             2.3632523E-02         1.0000000E+30               100       
 NEXT SEEDS:15BAA87A      12       0       0       0       0      14    3039       0       0
      28000                 32000                 32000             2.3654576E-02         1.0000000E+30               104       
 NEXT SEEDS: 35CA673      13       0       0       0       0      14    3039       0       0
      29000                 31000                 31000             2.3643858E-02         1.0000000E+30               106       
 NEXT SEEDS:2B467929      13       0       0       0       0      14    3039       0       0
      30000                 30000                 30000             2.3592188E-02         1.0000000E+30               113       
 NEXT SEEDS:15D016A0      14       0       0       0       0      14    3039       0       0
      31000                 29000                 29000             2.3606351E-02         1.0000000E+30               118       
 NEXT SEEDS: 311AF1F      15       0       0       0       0      14    3039       0       0
      32000                 28000                 28000             2.3542480E-02         1.0000000E+30               119       
 NEXT SEEDS:28838045      15       0       0       0       0      14    3039       0       0
      33000                 27000                 27000             2.3277462E-02         1.0000000E+30               121       
 NEXT SEEDS:15301BDB      16       0       0       0       0      14    3039       0       0
      34000                 26000                 26000             2.2959099E-02         1.0000000E+30               128       
 NEXT SEEDS:   9C827      17       0       0       0       0      14    3039       0       0
      35000                 25000                 25000             2.2690625E-02         1.0000000E+30               131       
 NEXT SEEDS:279C5935      17       0       0       0       0      14    3039       0       0
      36000                 24000                 24000             2.2460938E-02         1.0000000E+30               133       
 NEXT SEEDS:14E69655      18       0       0       0       0      14    3039       0       0
      37000                 23000                 23000             2.2244088E-02         1.0000000E+30               138       
 NEXT SEEDS: 220E8CD      19       0       0       0       0      14    3039       0       0
      38000                 22000                 22000             2.2026727E-02         1.0000000E+30               140       
 NEXT SEEDS:2958A481      19       0       0       0       0      14    3039       0       0
      39000                 21000                 21000             2.1823317E-02         1.0000000E+30               143       
 NEXT SEEDS:15A917D4      1A       0       0       0       0      14    3039       0       0
      40000                 20000                 20000             2.1613672E-02         1.0000000E+30               146       
 NEXT SEEDS:  9EA722      1B       0       0       0       0      14    3039       0       0
      41000                 19000                 19000             2.1410823E-02         1.0000000E+30               149       
 NEXT SEEDS:26900BD1      1B       0       0       0       0      14    3039       0       0
      42000                 18000                 18000             2.1230655E-02         1.0000000E+30               151       
 NEXT SEEDS:11863922      1C       0       0       0       0      14    3039       0       0
      43000                 17000                 17000             2.1060683E-02         1.0000000E+30               152       
 NEXT SEEDS:38F10FA7      1C       0       0       0       0      14    3039       0       0
      44000                 16000                 16000             2.0906250E-02         1.0000000E+30               156       
 NEXT SEEDS:251D05ED      1D       0       0       0       0      14    3039       0       0
      45000                 15000                 15000             2.0764931E-02         1.0000000E+30               158       
 NEXT SEEDS:11D5787A      1E       0       0       0       0      14    3039       0       0
      46000                 14000                 14000             2.0627378E-02         1.0000000E+30               162       
 NEXT SEEDS:39B3E7D2      1E       0       0       0       0      14    3039       0       0
      47000                 13000                 13000             2.0490359E-02         1.0000000E+30               168       
 NEXT SEEDS:258DBD45      1F       0       0       0       0      14    3039       0       0
      48000                 12000                 12000             2.0373698E-02         1.0000000E+30               172       
 NEXT SEEDS:12986142      20       0       0       0       0      14    3039       0       0
      49000                 11000                 11000             2.0272959E-02         1.0000000E+30               176       
 NEXT SEEDS:  DD5A5E      21       0       0       0       0      14    3039       0       0
      50000                 10000                 10000             2.0159063E-02         1.0000000E+30               178       
 NEXT SEEDS:292A5F81      21       0       0       0       0      14    3039       0       0
      51000                  9000                  9000             2.0045650E-02         1.0000000E+30               184       
 NEXT SEEDS:159CC9DE      22       0       0       0       0      14    3039       0       0
      52000                  8000                  8000             1.9934495E-02         1.0000000E+30               188       
 NEXT SEEDS: 182F8EC      23       0       0       0       0      14    3039       0       0
      53000                  7000                  7000             1.9840507E-02         1.0000000E+30               195       
 NEXT SEEDS:2A70BF8A      23       0       0       0       0      14    3039       0       0
      54000                  6000                  6000             1.9763600E-02         1.0000000E+30               203       
 NEXT SEEDS:19546CE5      24       0       0       0       0      14    3039       0       0
      55000                  5000                  5000             1.9668466E-02         1.0000000E+30               208       
 NEXT SEEDS: 54250B3      25       0       0       0       0      14    3039       0       0
      56000                  4000                  4000             1.9576730E-02         1.0000000E+30               217       
 NEXT SEEDS:2D553B9B      25       0       0       0       0      14    3039       0       0
      57000                  3000                  3000             1.9496162E-02         1.0000000E+30               221       
 NEXT SEEDS:1A930AFD      26       0       0       0       0      14    3039       0       0
      58000                  2000                  2000             1.9421875E-02         1.0000000E+30               227       
 NEXT SEEDS: 8200D8A      27       0       0       0       0      14    3039       0       0
      59000                  1000                  1000             1.9335805E-02         1.0000000E+30               228       
 NEXT SEEDS:2FE0920C      27       0       0       0       0      14    3039       0       0
      59950                    50                    50             1.9277784E-02         1.0000000E+30               233       
 NEXT SEEDS:1CE2BD06      28       0       0       0       0      14    3039       0       0
      59951                    49                    49             1.9277723E-02         1.0000000E+30               233       
 NEXT SEEDS:1CEAB8CD      28       0       0       0       0      14    3039       0       0
      59952                    48                    48             1.9277401E-02         1.0000000E+30               233       
 NEXT SEEDS:1CF23215      28       0       0       0       0      14    3039       0       0
      59953                    47                    47             1.9277340E-02         1.0000000E+30               233       
 NEXT SEEDS:1CFA0FE4      28       0       0       0       0      14    3039       0       0
      59954                    46                    46             1.9277019E-02         1.0000000E+30               233       
 NEXT SEEDS:1D023B02      28       0       0       0       0      14    3039       0       0
      59955                    45                    45             1.9276958E-02         1.0000000E+30               233       
 NEXT SEEDS:1D0A33F7      28       0       0       0       0      14    3039       0       0
      59956                    44                    44             1.9276636E-02         1.0000000E+30               233       
 NEXT SEEDS:1D118053      28       0       0       0       0      14    3039       0       0
      59957                    43                    43             1.9276575E-02         1.0000000E+30               233       
 NEXT SEEDS:1D191F5D      28       0       0       0       0      14    3039       0       0
      59958                    42                    42             1.9276514E-02         1.0000000E+30               233       
 NEXT SEEDS:1D20B871      28       0       0       0       0      14    3039       0       0
      59959                    41                    41             1.9276193E-02         1.0000000E+30               233       
 NEXT SEEDS:1D283083      28       0       0       0       0      14    3039       0       0
      59960                    40                    40             1.9276132E-02         1.0000000E+30               233       
 NEXT SEEDS:1D2FE8E3      28       0       0       0       0      14    3039       0       0
      59961                    39                    39             1.9275811E-02         1.0000000E+30               233       
 NEXT SEEDS:1D377955      28       0       0       0       0      14    3039       0       0
      59962                    38                    38             1.9275489E-02         1.0000000E+30               233       
 NEXT SEEDS:1D3FFA01      28       0       0       0       0      14    3039       0       0
      59963                    37                    37             1.9275428E-02         1.0000000E+30               233       
 NEXT SEEDS:1D47B3BE      28       0       0       0       0      14    3039       0       0
      59964                    36                    36             1.9275107E-02         1.0000000E+30               233       
 NEXT SEEDS:1D4E8B8E      28       0       0       0       0      14    3039       0       0
      59965                    35                    35             1.9275046E-02         1.0000000E+30               233       
 NEXT SEEDS:1D55D146      28       0       0       0       0      14    3039       0       0
      59966                    34                    34             1.9274724E-02         1.0000000E+30               233       
 NEXT SEEDS:1D5DC4C0      28       0       0       0       0      14    3039       0       0
      59967                    33                    33             1.9274664E-02         1.0000000E+30               233       
 NEXT SEEDS:1D6536AB      28       0       0       0       0      14    3039       0       0
      59968                    32                    32             1.9274603E-02         1.0000000E+30               233       
 NEXT SEEDS:1D6D5134      28       0       0       0       0      14    3039       0       0
      59969                    31                    31             1.9274281E-02         1.0000000E+30               233       
 NEXT SEEDS:1D74C07E      28       0       0       0       0      14    3039       0       0
      59970                    30                    30             1.9274220E-02         1.0000000E+30               233       
 NEXT SEEDS:1D7B92F2      28       0       0       0       0      14    3039       0       0
      59971                    29                    29             1.9273899E-02         1.0000000E+30               233       
 NEXT SEEDS:1D836FD9      28       0       0       0       0      14    3039       0       0
      59972                    28                    28             1.9273838E-02         1.0000000E+30               233       
 NEXT SEEDS:1D8BD9A0      28       0       0       0       0      14    3039       0       0
      59973                    27                    27             1.9273777E-02         1.0000000E+30               233       
 NEXT SEEDS:1D93EF8A      28       0       0       0       0      14    3039       0       0
      59974                    26                    26             1.9273456E-02         1.0000000E+30               233       
 NEXT SEEDS:1D9AF14F      28       0       0       0       0      14    3039       0       0
      59975                    25                    25             1.9273395E-02         1.0000000E+30               233       
 NEXT SEEDS:1DA22BA7      28       0       0       0       0      14    3039       0       0
      59976                    24                    24             1.9273074E-02         1.0000000E+30               233       
 NEXT SEEDS:1DA9C618      28       0       0       0       0      14    3039       0       0
      59977                    23                    23             1.9273013E-02         1.0000000E+30               233       
 NEXT SEEDS:1DB1FDE4      28       0       0       0       0      14    3039       0       0
      59978                    22                    22             1.9272692E-02         1.0000000E+30               233       
 NEXT SEEDS:1DB92CBD      28       0       0       0       0      14    3039       0       0
      59979                    21                    21             1.9272631E-02         1.0000000E+30               233       
 NEXT SEEDS:1DC13741      28       0       0       0       0      14    3039       0       0
      59980                    20                    20             1.9272570E-02         1.0000000E+30               233       
 NEXT SEEDS:1DC97729      28       0       0       0       0      14    3039       0       0
      59981                    19                    19             1.9272249E-02         1.0000000E+30               233       
 NEXT SEEDS:1DD13562      28       0       0       0       0      14    3039       0       0
      59982                    18                    18             1.9272188E-02         1.0000000E+30               233       
 NEXT SEEDS:1DD8735C      28       0       0       0       0      14    3039       0       0
      59983                    17                    17             1.9271867E-02         1.0000000E+30               233       
 NEXT SEEDS:1DE03D60      28       0       0       0       0      14    3039       0       0
      59984                    16                    16             1.9271545E-02         1.0000000E+30               233       
 NEXT SEEDS:1DE7BEA4      28       0       0       0       0      14    3039       0       0
      59985                    15                    15             1.9271485E-02         1.0000000E+30               233       
 NEXT SEEDS:1DF096D0      28       0       0       0       0      14    3039       0       0
      59986                    14                    14             1.9271163E-02         1.0000000E+30               233       
 NEXT SEEDS:1DF820B5      28       0       0       0       0      14    3039       0       0
      59987                    13                    13             1.9271102E-02         1.0000000E+30               233       
 NEXT SEEDS:1E007492      28       0       0       0       0      14    3039       0       0
      59988                    12                    12             1.9271042E-02         1.0000000E+30               233       
 NEXT SEEDS:1E089DBB      28       0       0       0       0      14    3039       0       0
      59989                    11                    11             1.9270720E-02         1.0000000E+30               233       
 NEXT SEEDS:1E0FC0F4      28       0       0       0       0      14    3039       0       0
      59990                    10                    10             1.9270660E-02         1.0000000E+30               233       
 NEXT SEEDS:1E16F416      28       0       0       0       0      14    3039       0       0
      59991                     9                     9             1.9270338E-02         1.0000000E+30               233       
 NEXT SEEDS:1E1F0E31      28       0       0       0       0      14    3039       0       0
      59992                     8                     8             1.9270278E-02         1.0000000E+30               233       
 NEXT SEEDS:1E26E4D9      28       0       0       0       0      14    3039       0       0
      59993                     7                     7             1.9269956E-02         1.0000000E+30               233       
 NEXT SEEDS:1E2DD07A      28       0       0       0       0      14    3039       0       0
      59994                     6                     6             1.9269896E-02         1.0000000E+30               233       
 NEXT SEEDS:1E34DB97      28       0       0       0       0      14    3039       0       0
      59995                     5                     5             1.9269575E-02         1.0000000E+30               233       
 NEXT SEEDS:1E3C5A7E      28       0       0       0       0      14    3039       0       0
      59996                     4                     4             1.9269514E-02         1.0000000E+30               233       
 NEXT SEEDS:1E44B6A1      28       0       0       0       0      14    3039       0       0
      59997                     3                     3             1.9269453E-02         1.0000000E+30               233       
 NEXT SEEDS:1E4C4A15      28       0       0       0       0      14    3039       0       0
      59998                     2                     2             1.9269132E-02         1.0000000E+30               233       
 NEXT SEEDS:1E5431E7      28       0       0       0       0      14    3039       0       0
      59999                     1                     1             1.9269071E-02         1.0000000E+30               233       
 NEXT SEEDS:1E5C0BD2      28       0       0       0       0      14    3039       0       0
      60000                     0                     1             1.9268750E-02         1.0000000E+30               233       
 NEXT SEEDS:1E642B97      28       0       0       0       0      14    3039       0       0
