1NUMBER OF BEAM       NUMBER OF BEAM        APPROXIMATE NUMBER    AVERAGE TIME USED     TIME LEFT (RESERVED   NUMBER OF STARS
 PARTICLES HANDLED    PARTICLES LEFT        OF BEAM PARTICLES     BY A BEAM PARTICLE     10000.0 SECONDS      CREATED
                                            THAT CAN STILL BE                           FOR PRINTOUT)
                                            HANDLED

 NEXT SEEDS:       0       0       0       0       0       0       D    3039       0       0
          1                 59999                 59999             1.5625000E-02         1.0000000E+30                 0       
 NEXT SEEDS:   7C3FE       0       0       0       0       0       D    3039       0       0
       1000                 59000                 59000             1.7765625E-02         1.0000000E+30                 2       
 NEXT SEEDS:272D2BDF       0       0       0       0       0       D    3039       0       0
       2000                 58000                 58000             2.0914063E-02         1.0000000E+30                 3       
 NEXT SEEDS:14602326       1       0       0       0       0       D    3039       0       0
       3000                 57000                 57000             2.1395833E-02         1.0000000E+30                11       
 NEXT SEEDS:3B417F12       1       0       0       0       0       D    3039       0       0
       4000                 56000                 56000             2.2011719E-02         1.0000000E+30                15       
 NEXT SEEDS:282E2DB9       2       0       0       0       0       D    3039       0       0
       5000                 55000                 55000             2.2343750E-02         1.0000000E+30                18       
 NEXT SEEDS:14CF3D69       3       0       0       0       0       D    3039       0       0
       6000                 54000                 54000             2.2640625E-02         1.0000000E+30                24       
 NEXT SEEDS: 2144ABD       4       0       0       0       0       D    3039       0       0
       7000                 53000                 53000             2.2995536E-02         1.0000000E+30                27       
 NEXT SEEDS:2C63B1AA       4       0       0       0       0       D    3039       0       0
       8000                 52000                 52000             2.2980469E-02         1.0000000E+30                31       
 NEXT SEEDS:18021A29       5       0       0       0       0       D    3039       0       0
       9000                 51000                 51000             2.3104167E-02         1.0000000E+30                33       
 NEXT SEEDS: 53C3AF8       6       0       0       0       0       D    3039       0       0
      10000                 50000                 50000             2.3204688E-02         1.0000000E+30                34       
 NEXT SEEDS:2E16B355       6       0       0       0       0       D    3039       0       0
      11000                 49000                 49000             2.3173295E-02         1.0000000E+30                39       
 NEXT SEEDS:19C64C38       7       0       0       0       0       D    3039       0       0
      12000                 48000                 48000             2.3294271E-02         1.0000000E+30                45       
 NEXT SEEDS: 7CD951B       8       0       0       0       0       D    3039       0       0
      13000                 47000                 47000             2.3323317E-02         1.0000000E+30                50       
 NEXT SEEDS:2FFD20FD       8       0       0       0       0       D    3039       0       0
      14000                 46000                 46000             2.3244420E-02         1.0000000E+30                51       
 NEXT SEEDS:1ADB7B14       9       0       0       0       0       D    3039       0       0
      15000                 45000                 45000             2.3160417E-02         1.0000000E+30                54       
 NEXT SEEDS: 54A6CC8       A       0       0       0       0       D    3039       0       0
      16000                 44000                 44000             2.3115234E-02         1.0000000E+30                59       
 NEXT SEEDS:2BFAA367       A       0       0       0       0       D    3039       0       0
      17000                 43000                 43000             2.3188419E-02         1.0000000E+30                60       
 NEXT SEEDS:19A7B59C       B       0       0       0       0       D    3039       0       0
      18000                 42000                 42000             2.3208333E-02         1.0000000E+30                63       
 NEXT SEEDS: 64CF01A       C       0       0       0       0       D    3039       0       0
      19000                 41000                 41000             2.3343750E-02         1.0000000E+30                67       
 NEXT SEEDS:3167A3DC       C       0       0       0       0       D    3039       0       0
      20000                 40000                 40000             2.3313281E-02         1.0000000E+30                71       
 NEXT SEEDS:1CEC7999       D       0       0       0       0       D    3039       0       0
      21000                 39000                 39000             2.3311012E-02         1.0000000E+30                74       
 NEXT SEEDS: 90BEFA2       E       0       0       0       0       D    3039       0       0
      22000                 38000                 38000             2.3356534E-02         1.0000000E+30                78       
 NEXT SEEDS:3233E6BF       E       0       0       0       0       D    3039       0       0
      23000                 37000                 37000             2.3369565E-02         1.0000000E+30                82       
 NEXT SEEDS:1EF0F55A       F       0       0       0       0       D    3039       0       0
      24000                 36000                 36000             2.3386719E-02         1.0000000E+30                91       
 NEXT SEEDS: BECA847      10       0       0       0       0       D    3039       0       0
      25000                 35000                 35000             2.3408125E-02         1.0000000E+30                92       
 NEXT SEEDS:349DE0B9      10       0       0       0       0       D    3039       0       0
      26000                 34000                 34000             2.3453726E-02         1.0000000E+30                97       
 NEXT SEEDS:22A082D2      11       0       0       0       0       D    3039       0       0
      27000                 33000                 33000             2.3376736E-02         1.0000000E+30               100       
 NEXT SEEDS: C62C406      12       0       0       0       0       D    3039       0       0
      28000                 32000                 32000             2.3376116E-02         1.0000000E+30               102       
 NEXT SEEDS:3476BE2B      12       0       0       0       0       D    3039       0       0
      29000                 31000                 31000             2.3350754E-02         1.0000000E+30               107       
 NEXT SEEDS:1FDEF5F8      13       0       0       0       0       D    3039       0       0
      30000                 30000                 30000             2.3367708E-02         1.0000000E+30               109       
 NEXT SEEDS: CCB7EB0      14       0       0       0       0       D    3039       0       0
      31000                 29000                 29000             2.3390625E-02         1.0000000E+30               113       
 NEXT SEEDS:35BF5191      14       0       0       0       0       D    3039       0       0
      32000                 28000                 28000             2.3411133E-02         1.0000000E+30               117       
 NEXT SEEDS:22FF9541      15       0       0       0       0       D    3039       0       0
      33000                 27000                 27000             2.3218750E-02         1.0000000E+30               123       
 NEXT SEEDS:10D4E8D3      16       0       0       0       0       D    3039       0       0
      34000                 26000                 26000             2.2881434E-02         1.0000000E+30               126       
 NEXT SEEDS:35A026C3      16       0       0       0       0       D    3039       0       0
      35000                 25000                 25000             2.2622321E-02         1.0000000E+30               129       
 NEXT SEEDS:224EA9CF      17       0       0       0       0       D    3039       0       0
      36000                 24000                 24000             2.2377170E-02         1.0000000E+30               131       
 NEXT SEEDS: E713AB4      18       0       0       0       0       D    3039       0       0
      37000                 23000                 23000             2.2168497E-02         1.0000000E+30               134       
 NEXT SEEDS:374A5FC1      18       0       0       0       0       D    3039       0       0
      38000                 22000                 22000             2.1956003E-02         1.0000000E+30               139       
 NEXT SEEDS:23425F05      19       0       0       0       0       D    3039       0       0
      39000                 21000                 21000             2.1753205E-02         1.0000000E+30               145       
 NEXT SEEDS: FC20DA7      1A       0       0       0       0       D    3039       0       0
      40000                 20000                 20000             2.1541016E-02         1.0000000E+30               150       
 NEXT SEEDS:36269223      1A       0       0       0       0       D    3039       0       0
      41000                 19000                 19000             2.1358232E-02         1.0000000E+30               151       
 NEXT SEEDS:220402E0      1B       0       0       0       0       D    3039       0       0
      42000                 18000                 18000             2.1207961E-02         1.0000000E+30               153       
 NEXT SEEDS: FFDFA4E      1C       0       0       0       0       D    3039       0       0
      43000                 17000                 17000             2.1046875E-02         1.0000000E+30               155       
 NEXT SEEDS:37D437E2      1C       0       0       0       0       D    3039       0       0
      44000                 16000                 16000             2.0893466E-02         1.0000000E+30               158       
 NEXT SEEDS:24484F6A      1D       0       0       0       0       D    3039       0       0
      45000                 15000                 15000             2.0756944E-02         1.0000000E+30               162       
 NEXT SEEDS:11369F03      1E       0       0       0       0       D    3039       0       0
      46000                 14000                 14000             2.0604280E-02         1.0000000E+30               163       
 NEXT SEEDS:37FEB07F      1E       0       0       0       0       D    3039       0       0
      47000                 13000                 13000             2.0491024E-02         1.0000000E+30               164       
 NEXT SEEDS:25F172FD      1F       0       0       0       0       D    3039       0       0
      48000                 12000                 12000             2.0375977E-02         1.0000000E+30               166       
 NEXT SEEDS:1330A7E5      20       0       0       0       0       D    3039       0       0
      49000                 11000                 11000             2.0264349E-02         1.0000000E+30               170       
 NEXT SEEDS:  984BD2      21       0       0       0       0       D    3039       0       0
      50000                 10000                 10000             2.0140313E-02         1.0000000E+30               172       
 NEXT SEEDS:278C8DF1      21       0       0       0       0       D    3039       0       0
      51000                  9000                  9000             2.0042586E-02         1.0000000E+30               175       
 NEXT SEEDS:15483874      22       0       0       0       0       D    3039       0       0
      52000                  8000                  8000             1.9948918E-02         1.0000000E+30               178       
 NEXT SEEDS: 2F9F173      23       0       0       0       0       D    3039       0       0
      53000                  7000                  7000             1.9832547E-02         1.0000000E+30               180       
 NEXT SEEDS:298BEDF0      23       0       0       0       0       D    3039       0       0
      54000                  6000                  6000             1.9745081E-02         1.0000000E+30               186       
 NEXT SEEDS:17040D2D      24       0       0       0       0       D    3039       0       0
      55000                  5000                  5000             1.9657102E-02         1.0000000E+30               191       
 NEXT SEEDS: 3F6B621      25       0       0       0       0       D    3039       0       0
      56000                  4000                  4000             1.9571429E-02         1.0000000E+30               195       
 NEXT SEEDS:2CD6897F      25       0       0       0       0       D    3039       0       0
      57000                  3000                  3000             1.9491502E-02         1.0000000E+30               198       
 NEXT SEEDS:1A3E02F4      26       0       0       0       0       D    3039       0       0
      58000                  2000                  2000             1.9404634E-02         1.0000000E+30               202       
 NEXT SEEDS: 657EF63      27       0       0       0       0       D    3039       0       0
      59000                  1000                  1000             1.9306409E-02         1.0000000E+30               206       
 NEXT SEEDS:2C9E33B2      27       0       0       0       0       D    3039       0       0
      59950                    50                    50             1.9239210E-02         1.0000000E+30               208       
 NEXT SEEDS:18110259      28       0       0       0       0       D    3039       0       0
      59951                    49                    49             1.9239149E-02         1.0000000E+30               208       
 NEXT SEEDS:1819A924      28       0       0       0       0       D    3039       0       0
      59952                    48                    48             1.9238829E-02         1.0000000E+30               208       
 NEXT SEEDS:1821ACBE      28       0       0       0       0       D    3039       0       0
      59953                    47                    47             1.9238768E-02         1.0000000E+30               208       
 NEXT SEEDS:1829FF3F      28       0       0       0       0       D    3039       0       0
      59954                    46                    46             1.9239229E-02         1.0000000E+30               208       
 NEXT SEEDS:18505626      28       0       0       0       0       D    3039       0       0
      59955                    45                    45             1.9239169E-02         1.0000000E+30               208       
 NEXT SEEDS:18593668      28       0       0       0       0       D    3039       0       0
      59956                    44                    44             1.9239109E-02         1.0000000E+30               208       
 NEXT SEEDS:1860D4AA      28       0       0       0       0       D    3039       0       0
      59957                    43                    43             1.9238788E-02         1.0000000E+30               208       
 NEXT SEEDS:18678A1D      28       0       0       0       0       D    3039       0       0
      59958                    42                    42             1.9239770E-02         1.0000000E+30               208       
 NEXT SEEDS:18911043      28       0       0       0       0       D    3039       0       0
      59959                    41                    41             1.9240491E-02         1.0000000E+30               208       
 NEXT SEEDS:18BABDCC      28       0       0       0       0       D    3039       0       0
      59960                    40                    40             1.9240431E-02         1.0000000E+30               208       
 NEXT SEEDS:18C1369C      28       0       0       0       0       D    3039       0       0
      59961                    39                    39             1.9240110E-02         1.0000000E+30               208       
 NEXT SEEDS:18C8A5CA      28       0       0       0       0       D    3039       0       0
      59962                    38                    38             1.9240050E-02         1.0000000E+30               208       
 NEXT SEEDS:18D03C18      28       0       0       0       0       D    3039       0       0
      59963                    37                    37             1.9239729E-02         1.0000000E+30               208       
 NEXT SEEDS:18D875B0      28       0       0       0       0       D    3039       0       0
      59964                    36                    36             1.9239669E-02         1.0000000E+30               208       
 NEXT SEEDS:18E098C5      28       0       0       0       0       D    3039       0       0
      59965                    35                    35             1.9239609E-02         1.0000000E+30               208       
 NEXT SEEDS:18E848EA      28       0       0       0       0       D    3039       0       0
      59966                    34                    34             1.9239288E-02         1.0000000E+30               208       
 NEXT SEEDS:18F02211      28       0       0       0       0       D    3039       0       0
      59967                    33                    33             1.9239227E-02         1.0000000E+30               208       
 NEXT SEEDS:18F80F3B      28       0       0       0       0       D    3039       0       0
      59968                    32                    32             1.9239949E-02         1.0000000E+30               208       
 NEXT SEEDS:1923B1D4      28       0       0       0       0       D    3039       0       0
      59969                    31                    31             1.9239628E-02         1.0000000E+30               208       
 NEXT SEEDS:192C4F4F      28       0       0       0       0       D    3039       0       0
      59970                    30                    30             1.9239568E-02         1.0000000E+30               208       
 NEXT SEEDS:1933BFF2      28       0       0       0       0       D    3039       0       0
      59971                    29                    29             1.9239247E-02         1.0000000E+30               208       
 NEXT SEEDS:193B7141      28       0       0       0       0       D    3039       0       0
      59972                    28                    28             1.9239187E-02         1.0000000E+30               208       
 NEXT SEEDS:194209B4      28       0       0       0       0       D    3039       0       0
      59973                    27                    27             1.9238866E-02         1.0000000E+30               208       
 NEXT SEEDS:194970C1      28       0       0       0       0       D    3039       0       0
      59974                    26                    26             1.9238806E-02         1.0000000E+30               208       
 NEXT SEEDS:19505FFF      28       0       0       0       0       D    3039       0       0
      59975                    25                    25             1.9238485E-02         1.0000000E+30               208       
 NEXT SEEDS:19586830      28       0       0       0       0       D    3039       0       0
      59976                    24                    24             1.9238425E-02         1.0000000E+30               208       
 NEXT SEEDS:195F73DD      28       0       0       0       0       D    3039       0       0
      59977                    23                    23             1.9239146E-02         1.0000000E+30               208       
 NEXT SEEDS:1988F8DB      28       0       0       0       0       D    3039       0       0
      59978                    22                    22             1.9239086E-02         1.0000000E+30               208       
 NEXT SEEDS:19907DF8      28       0       0       0       0       D    3039       0       0
      59979                    21                    21             1.9239025E-02         1.0000000E+30               208       
 NEXT SEEDS:19981496      28       0       0       0       0       D    3039       0       0
      59980                    20                    20             1.9238705E-02         1.0000000E+30               208       
 NEXT SEEDS:19A0317E      28       0       0       0       0       D    3039       0       0
      59981                    19                    19             1.9238644E-02         1.0000000E+30               208       
 NEXT SEEDS:19A7F1D1      28       0       0       0       0       D    3039       0       0
      59982                    18                    18             1.9238324E-02         1.0000000E+30               208       
 NEXT SEEDS:19AF57D6      28       0       0       0       0       D    3039       0       0
      59983                    17                    17             1.9238263E-02         1.0000000E+30               208       
 NEXT SEEDS:19B65DD2      28       0       0       0       0       D    3039       0       0
      59984                    16                    16             1.9237943E-02         1.0000000E+30               208       
 NEXT SEEDS:19BE5D02      28       0       0       0       0       D    3039       0       0
      59985                    15                    15             1.9237882E-02         1.0000000E+30               208       
 NEXT SEEDS:19C638E7      28       0       0       0       0       D    3039       0       0
      59986                    14                    14             1.9237822E-02         1.0000000E+30               208       
 NEXT SEEDS:19CE0FD5      28       0       0       0       0       D    3039       0       0
      59987                    13                    13             1.9237501E-02         1.0000000E+30               208       
 NEXT SEEDS:19D51857      28       0       0       0       0       D    3039       0       0
      59988                    12                    12             1.9237441E-02         1.0000000E+30               208       
 NEXT SEEDS:19DD1425      28       0       0       0       0       D    3039       0       0
      59989                    11                    11             1.9237121E-02         1.0000000E+30               208       
 NEXT SEEDS:19E53C5E      28       0       0       0       0       D    3039       0       0
      59990                    10                    10             1.9237060E-02         1.0000000E+30               208       
 NEXT SEEDS:19EC2193      28       0       0       0       0       D    3039       0       0
      59991                     9                     9             1.9236740E-02         1.0000000E+30               208       
 NEXT SEEDS:19F39198      28       0       0       0       0       D    3039       0       0
      59992                     8                     8             1.9236679E-02         1.0000000E+30               208       
 NEXT SEEDS:19FB3F2D      28       0       0       0       0       D    3039       0       0
      59993                     7                     7             1.9236359E-02         1.0000000E+30               208       
 NEXT SEEDS:1A031D9D      28       0       0       0       0       D    3039       0       0
      59994                     6                     6             1.9237080E-02         1.0000000E+30               208       
 NEXT SEEDS:1A2D2DBF      28       0       0       0       0       D    3039       0       0
      59995                     5                     5             1.9236759E-02         1.0000000E+30               208       
 NEXT SEEDS:1A343DB5      28       0       0       0       0       D    3039       0       0
      59996                     4                     4             1.9236699E-02         1.0000000E+30               208       
 NEXT SEEDS:1A3C373D      28       0       0       0       0       D    3039       0       0
      59997                     3                     3             1.9236639E-02         1.0000000E+30               208       
 NEXT SEEDS:1A44435C      28       0       0       0       0       D    3039       0       0
      59998                     2                     2             1.9236318E-02         1.0000000E+30               208       
 NEXT SEEDS:1A4BDF24      28       0       0       0       0       D    3039       0       0
      59999                     1                     1             1.9236258E-02         1.0000000E+30               208       
 NEXT SEEDS:1A5394F9      28       0       0       0       0       D    3039       0       0
      60000                     0                     1             1.9235938E-02         1.0000000E+30               208       
 NEXT SEEDS:1A5BF3E7      28       0       0       0       0       D    3039       0       0
