1NUMBER OF BEAM       NUMBER OF BEAM        APPROXIMATE NUMBER    AVERAGE TIME USED     TIME LEFT (RESERVED   NUMBER OF STARS
 PARTICLES HANDLED    PARTICLES LEFT        OF BEAM PARTICLES     BY A BEAM PARTICLE     10000.0 SECONDS      CREATED
                                            THAT CAN STILL BE                           FOR PRINTOUT)
                                            HANDLED

 NEXT SEEDS:       0       0       0       0       0       0      10    3039       0       0
          1                 59999                 59999             0.0000000E+00         1.0000000E+30                 0       
 NEXT SEEDS:   7B891       0       0       0       0       0      10    3039       0       0
       1000                 59000                 59000             1.8734375E-02         1.0000000E+30                 6       
 NEXT SEEDS:2885B0F0       0       0       0       0       0      10    3039       0       0
       2000                 58000                 58000             2.1375000E-02         1.0000000E+30                 8       
 NEXT SEEDS:15867EDE       1       0       0       0       0      10    3039       0       0
       3000                 57000                 57000             2.1520833E-02         1.0000000E+30                11       
 NEXT SEEDS:   380FC       2       0       0       0       0      10    3039       0       0
       4000                 56000                 56000             2.2273437E-02         1.0000000E+30                12       
 NEXT SEEDS:295C5C36       2       0       0       0       0      10    3039       0       0
       5000                 55000                 55000             2.2634375E-02         1.0000000E+30                16       
 NEXT SEEDS:1673C000       3       0       0       0       0      10    3039       0       0
       6000                 54000                 54000             2.3010417E-02         1.0000000E+30                21       
 NEXT SEEDS: 4BD58F2       4       0       0       0       0      10    3039       0       0
       7000                 53000                 53000             2.3178571E-02         1.0000000E+30                24       
 NEXT SEEDS:2DDBAAF8       4       0       0       0       0      10    3039       0       0
       8000                 52000                 52000             2.3101562E-02         1.0000000E+30                28       
 NEXT SEEDS:195F5D5A       5       0       0       0       0      10    3039       0       0
       9000                 51000                 51000             2.3163194E-02         1.0000000E+30                34       
 NEXT SEEDS: 6371FD8       6       0       0       0       0      10    3039       0       0
      10000                 50000                 50000             2.3262500E-02         1.0000000E+30                38       
 NEXT SEEDS:2F3E5EEF       6       0       0       0       0      10    3039       0       0
      11000                 49000                 49000             2.3394886E-02         1.0000000E+30                44       
 NEXT SEEDS:1D87FC10       7       0       0       0       0      10    3039       0       0
      12000                 48000                 48000             2.3505208E-02         1.0000000E+30                46       
 NEXT SEEDS: B89585C       8       0       0       0       0      10    3039       0       0
      13000                 47000                 47000             2.3550481E-02         1.0000000E+30                51       
 NEXT SEEDS:344A23BC       8       0       0       0       0      10    3039       0       0
      14000                 46000                 46000             2.3533482E-02         1.0000000E+30                56       
 NEXT SEEDS:209BB974       9       0       0       0       0      10    3039       0       0
      15000                 45000                 45000             2.3500000E-02         1.0000000E+30                59       
 NEXT SEEDS: C810DC3       A       0       0       0       0      10    3039       0       0
      16000                 44000                 44000             2.3508789E-02         1.0000000E+30                63       
 NEXT SEEDS:34C3F825       A       0       0       0       0      10    3039       0       0
      17000                 43000                 43000             2.3405331E-02         1.0000000E+30                67       
 NEXT SEEDS:1F1CBF52       B       0       0       0       0      10    3039       0       0
      18000                 42000                 42000             2.3460069E-02         1.0000000E+30                70       
 NEXT SEEDS: CC40B7C       C       0       0       0       0      10    3039       0       0
      19000                 41000                 41000             2.3436678E-02         1.0000000E+30                78       
 NEXT SEEDS:3462FB36       C       0       0       0       0      10    3039       0       0
      20000                 40000                 40000             2.3432031E-02         1.0000000E+30                80       
 NEXT SEEDS:20B2B8DB       D       0       0       0       0      10    3039       0       0
      21000                 39000                 39000             2.3413690E-02         1.0000000E+30                88       
 NEXT SEEDS: CB78B54       E       0       0       0       0      10    3039       0       0
      22000                 38000                 38000             2.3464489E-02         1.0000000E+30                90       
 NEXT SEEDS:3618BC65       E       0       0       0       0      10    3039       0       0
      23000                 37000                 37000             2.3442935E-02         1.0000000E+30                91       
 NEXT SEEDS:21DEC5EB       F       0       0       0       0      10    3039       0       0
      24000                 36000                 36000             2.3438802E-02         1.0000000E+30                94       
 NEXT SEEDS: E3E1EC3      10       0       0       0       0      10    3039       0       0
      25000                 35000                 35000             2.3460000E-02         1.0000000E+30                99       
 NEXT SEEDS:371A6E47      10       0       0       0       0      10    3039       0       0
      26000                 34000                 34000             2.3419471E-02         1.0000000E+30               108       
 NEXT SEEDS:221F96E1      11       0       0       0       0      10    3039       0       0
      27000                 33000                 33000             2.3372685E-02         1.0000000E+30               113       
 NEXT SEEDS: CF84C83      12       0       0       0       0      10    3039       0       0
      28000                 32000                 32000             2.3446429E-02         1.0000000E+30               116       
 NEXT SEEDS:37C56085      12       0       0       0       0      10    3039       0       0
      29000                 31000                 31000             2.3495690E-02         1.0000000E+30               121       
 NEXT SEEDS:26145374      13       0       0       0       0      10    3039       0       0
      30000                 30000                 30000             2.3455208E-02         1.0000000E+30               128       
 NEXT SEEDS:1101C6FA      14       0       0       0       0      10    3039       0       0
      31000                 29000                 29000             2.3502016E-02         1.0000000E+30               133       
 NEXT SEEDS:3B249E41      14       0       0       0       0      10    3039       0       0
      32000                 28000                 28000             2.3500488E-02         1.0000000E+30               134       
 NEXT SEEDS:27DBC301      15       0       0       0       0      10    3039       0       0
      33000                 27000                 27000             2.3247633E-02         1.0000000E+30               137       
 NEXT SEEDS:140723F4      16       0       0       0       0      10    3039       0       0
      34000                 26000                 26000             2.2942096E-02         1.0000000E+30               143       
 NEXT SEEDS:  213EB7      17       0       0       0       0      10    3039       0       0
      35000                 25000                 25000             2.2707589E-02         1.0000000E+30               147       
 NEXT SEEDS:2A399553      17       0       0       0       0      10    3039       0       0
      36000                 24000                 24000             2.2487413E-02         1.0000000E+30               152       
 NEXT SEEDS:17FB567E      18       0       0       0       0      10    3039       0       0
      37000                 23000                 23000             2.2258024E-02         1.0000000E+30               153       
 NEXT SEEDS: 430925F      19       0       0       0       0      10    3039       0       0
      38000                 22000                 22000             2.2062089E-02         1.0000000E+30               157       
 NEXT SEEDS:2D42C7B6      19       0       0       0       0      10    3039       0       0
      39000                 21000                 21000             2.1861378E-02         1.0000000E+30               163       
 NEXT SEEDS:19EADEBC      1A       0       0       0       0      10    3039       0       0
      40000                 20000                 20000             2.1651172E-02         1.0000000E+30               167       
 NEXT SEEDS: 4F38EAA      1B       0       0       0       0      10    3039       0       0
      41000                 19000                 19000             2.1487805E-02         1.0000000E+30               169       
 NEXT SEEDS:2E282B15      1B       0       0       0       0      10    3039       0       0
      42000                 18000                 18000             2.1327753E-02         1.0000000E+30               174       
 NEXT SEEDS:1B79A4F2      1C       0       0       0       0      10    3039       0       0
      43000                 17000                 17000             2.1168241E-02         1.0000000E+30               181       
 NEXT SEEDS: 81D326A      1D       0       0       0       0      10    3039       0       0
      44000                 16000                 16000             2.1032315E-02         1.0000000E+30               186       
 NEXT SEEDS:31F9E355      1D       0       0       0       0      10    3039       0       0
      45000                 15000                 15000             2.0898958E-02         1.0000000E+30               188       
 NEXT SEEDS:1F44A400      1E       0       0       0       0      10    3039       0       0
      46000                 14000                 14000             2.0762228E-02         1.0000000E+30               192       
 NEXT SEEDS: BA7FA25      1F       0       0       0       0      10    3039       0       0
      47000                 13000                 13000             2.0634309E-02         1.0000000E+30               194       
 NEXT SEEDS:3422D644      1F       0       0       0       0      10    3039       0       0
      48000                 12000                 12000             2.0506185E-02         1.0000000E+30               197       
 NEXT SEEDS:2025E3B5      20       0       0       0       0      10    3039       0       0
      49000                 11000                 11000             2.0374043E-02         1.0000000E+30               204       
 NEXT SEEDS: B8BE2B4      21       0       0       0       0      10    3039       0       0
      50000                 10000                 10000             2.0265625E-02         1.0000000E+30               207       
 NEXT SEEDS:34912211      21       0       0       0       0      10    3039       0       0
      51000                  9000                  9000             2.0153493E-02         1.0000000E+30               213       
 NEXT SEEDS:2121F221      22       0       0       0       0      10    3039       0       0
      52000                  8000                  8000             2.0027043E-02         1.0000000E+30               226       
 NEXT SEEDS: BA78C6B      23       0       0       0       0      10    3039       0       0
      53000                  7000                  7000             1.9933962E-02         1.0000000E+30               231       
 NEXT SEEDS:34F31B34      23       0       0       0       0      10    3039       0       0
      54000                  6000                  6000             1.9842593E-02         1.0000000E+30               235       
 NEXT SEEDS:2229CCF2      24       0       0       0       0      10    3039       0       0
      55000                  5000                  5000             1.9750284E-02         1.0000000E+30               240       
 NEXT SEEDS: EDCA63F      25       0       0       0       0      10    3039       0       0
      56000                  4000                  4000             1.9652065E-02         1.0000000E+30               245       
 NEXT SEEDS:367686F8      25       0       0       0       0      10    3039       0       0
      57000                  3000                  3000             1.9563322E-02         1.0000000E+30               249       
 NEXT SEEDS:22E28FAA      26       0       0       0       0      10    3039       0       0
      58000                  2000                  2000             1.9453394E-02         1.0000000E+30               253       
 NEXT SEEDS: CB6C2D0      27       0       0       0       0      10    3039       0       0
      59000                  1000                  1000             1.9359110E-02         1.0000000E+30               255       
 NEXT SEEDS:337FA227      27       0       0       0       0      10    3039       0       0
      59950                    50                    50             1.9283778E-02         1.0000000E+30               258       
 NEXT SEEDS:1EA96E79      28       0       0       0       0      10    3039       0       0
      59951                    49                    49             1.9283456E-02         1.0000000E+30               258       
 NEXT SEEDS:1EB13C08      28       0       0       0       0      10    3039       0       0
      59952                    48                    48             1.9283135E-02         1.0000000E+30               258       
 NEXT SEEDS:1EB9C82A      28       0       0       0       0      10    3039       0       0
      59953                    47                    47             1.9283074E-02         1.0000000E+30               258       
 NEXT SEEDS:1EC1421F      28       0       0       0       0      10    3039       0       0
      59954                    46                    46             1.9282752E-02         1.0000000E+30               258       
 NEXT SEEDS:1EC9978F      28       0       0       0       0      10    3039       0       0
      59955                    45                    45             1.9282691E-02         1.0000000E+30               258       
 NEXT SEEDS:1ED0C3B9      28       0       0       0       0      10    3039       0       0
      59956                    44                    44             1.9282370E-02         1.0000000E+30               258       
 NEXT SEEDS:1ED8FB4F      28       0       0       0       0      10    3039       0       0
      59957                    43                    43             1.9282309E-02         1.0000000E+30               258       
 NEXT SEEDS:1EE031F6      28       0       0       0       0      10    3039       0       0
      59958                    42                    42             1.9281987E-02         1.0000000E+30               258       
 NEXT SEEDS:1EE7684A      28       0       0       0       0      10    3039       0       0
      59959                    41                    41             1.9281926E-02         1.0000000E+30               258       
 NEXT SEEDS:1EEE3F67      28       0       0       0       0      10    3039       0       0
      59960                    40                    40             1.9282647E-02         1.0000000E+30               258       
 NEXT SEEDS:1F1778BC      28       0       0       0       0      10    3039       0       0
      59961                    39                    39             1.9282586E-02         1.0000000E+30               258       
 NEXT SEEDS:1F1F2BEB      28       0       0       0       0      10    3039       0       0
      59962                    38                    38             1.9282264E-02         1.0000000E+30               258       
 NEXT SEEDS:1F25F0FC      28       0       0       0       0      10    3039       0       0
      59963                    37                    37             1.9282203E-02         1.0000000E+30               258       
 NEXT SEEDS:1F2D3BF3      28       0       0       0       0      10    3039       0       0
      59964                    36                    36             1.9281882E-02         1.0000000E+30               258       
 NEXT SEEDS:1F35181B      28       0       0       0       0      10    3039       0       0
      59965                    35                    35             1.9281821E-02         1.0000000E+30               258       
 NEXT SEEDS:1F3B952A      28       0       0       0       0      10    3039       0       0
      59966                    34                    34             1.9281499E-02         1.0000000E+30               258       
 NEXT SEEDS:1F42F3D1      28       0       0       0       0      10    3039       0       0
      59967                    33                    33             1.9281438E-02         1.0000000E+30               258       
 NEXT SEEDS:1F4A57A2      28       0       0       0       0      10    3039       0       0
      59968                    32                    32             1.9281377E-02         1.0000000E+30               258       
 NEXT SEEDS:1F525AD0      28       0       0       0       0      10    3039       0       0
      59969                    31                    31             1.9281056E-02         1.0000000E+30               258       
 NEXT SEEDS:1F5A2138      28       0       0       0       0      10    3039       0       0
      59970                    30                    30             1.9280995E-02         1.0000000E+30               258       
 NEXT SEEDS:1F61ED03      28       0       0       0       0      10    3039       0       0
      59971                    29                    29             1.9280934E-02         1.0000000E+30               258       
 NEXT SEEDS:1F698C1F      28       0       0       0       0      10    3039       0       0
      59972                    28                    28             1.9280612E-02         1.0000000E+30               258       
 NEXT SEEDS:1F71A672      28       0       0       0       0      10    3039       0       0
      59973                    27                    27             1.9280551E-02         1.0000000E+30               258       
 NEXT SEEDS:1F798965      28       0       0       0       0      10    3039       0       0
      59974                    26                    26             1.9280230E-02         1.0000000E+30               258       
 NEXT SEEDS:1F810432      28       0       0       0       0      10    3039       0       0
      59975                    25                    25             1.9280169E-02         1.0000000E+30               258       
 NEXT SEEDS:1F88B539      28       0       0       0       0      10    3039       0       0
      59976                    24                    24             1.9279847E-02         1.0000000E+30               258       
 NEXT SEEDS:1F8FAE59      28       0       0       0       0      10    3039       0       0
      59977                    23                    23             1.9279786E-02         1.0000000E+30               258       
 NEXT SEEDS:1F97083E      28       0       0       0       0      10    3039       0       0
      59978                    22                    22             1.9279465E-02         1.0000000E+30               258       
 NEXT SEEDS:1F9EBDB8      28       0       0       0       0      10    3039       0       0
      59979                    21                    21             1.9279404E-02         1.0000000E+30               258       
 NEXT SEEDS:1FA6DAB0      28       0       0       0       0      10    3039       0       0
      59980                    20                    20             1.9279343E-02         1.0000000E+30               258       
 NEXT SEEDS:1FAF0F66      28       0       0       0       0      10    3039       0       0
      59981                    19                    19             1.9279022E-02         1.0000000E+30               258       
 NEXT SEEDS:1FB5D5CE      28       0       0       0       0      10    3039       0       0
      59982                    18                    18             1.9278961E-02         1.0000000E+30               258       
 NEXT SEEDS:1FBCCC50      28       0       0       0       0      10    3039       0       0
      59983                    17                    17             1.9278639E-02         1.0000000E+30               258       
 NEXT SEEDS:1FC4676F      28       0       0       0       0      10    3039       0       0
      59984                    16                    16             1.9278578E-02         1.0000000E+30               258       
 NEXT SEEDS:1FCBD599      28       0       0       0       0      10    3039       0       0
      59985                    15                    15             1.9278257E-02         1.0000000E+30               258       
 NEXT SEEDS:1FD39FC2      28       0       0       0       0      10    3039       0       0
      59986                    14                    14             1.9278978E-02         1.0000000E+30               258       
 NEXT SEEDS:1FFBBCF4      28       0       0       0       0      10    3039       0       0
      59987                    13                    13             1.9278917E-02         1.0000000E+30               258       
 NEXT SEEDS:20035B18      28       0       0       0       0      10    3039       0       0
      59988                    12                    12             1.9278595E-02         1.0000000E+30               258       
 NEXT SEEDS:200BAE34      28       0       0       0       0      10    3039       0       0
      59989                    11                    11             1.9279576E-02         1.0000000E+30               258       
 NEXT SEEDS:20370EE5      28       0       0       0       0      10    3039       0       0
      59990                    10                    10             1.9279255E-02         1.0000000E+30               258       
 NEXT SEEDS:203E0C7C      28       0       0       0       0      10    3039       0       0
      59991                     9                     9             1.9279194E-02         1.0000000E+30               258       
 NEXT SEEDS:2045BEC9      28       0       0       0       0      10    3039       0       0
      59992                     8                     8             1.9278873E-02         1.0000000E+30               258       
 NEXT SEEDS:204D8D42      28       0       0       0       0      10    3039       0       0
      59993                     7                     7             1.9278812E-02         1.0000000E+30               258       
 NEXT SEEDS:20554926      28       0       0       0       0      10    3039       0       0
      59994                     6                     6             1.9278751E-02         1.0000000E+30               258       
 NEXT SEEDS:205D0716      28       0       0       0       0      10    3039       0       0
      59995                     5                     5             1.9279471E-02         1.0000000E+30               258       
 NEXT SEEDS:20872448      28       0       0       0       0      10    3039       0       0
      59996                     4                     4             1.9279410E-02         1.0000000E+30               258       
 NEXT SEEDS:208E9022      28       0       0       0       0      10    3039       0       0
      59997                     3                     3             1.9279089E-02         1.0000000E+30               258       
 NEXT SEEDS:20956883      28       0       0       0       0      10    3039       0       0
      59998                     2                     2             1.9279028E-02         1.0000000E+30               258       
 NEXT SEEDS:209D8EA2      28       0       0       0       0      10    3039       0       0
      59999                     1                     1             1.9278967E-02         1.0000000E+30               258       
 NEXT SEEDS:20A535FB      28       0       0       0       0      10    3039       0       0
      60000                     0                     1             1.9278646E-02         1.0000000E+30               258       
 NEXT SEEDS:20ACBE5E      28       0       0       0       0      10    3039       0       0
