1NUMBER OF BEAM       NUMBER OF BEAM        APPROXIMATE NUMBER    AVERAGE TIME USED     TIME LEFT (RESERVED   NUMBER OF STARS
 PARTICLES HANDLED    PARTICLES LEFT        OF BEAM PARTICLES     BY A BEAM PARTICLE     10000.0 SECONDS      CREATED
                                            THAT CAN STILL BE                           FOR PRINTOUT)
                                            HANDLED

 NEXT SEEDS:       0       0       0       0       0       0       B    3039       0       0
          1                 59999                 59999             0.0000000E+00         1.0000000E+30                 0       
 NEXT SEEDS:   72B15       0       0       0       0       0       B    3039       0       0
       1000                 59000                 59000             1.8593750E-02         1.0000000E+30                 6       
 NEXT SEEDS:285DB94F       0       0       0       0       0       B    3039       0       0
       2000                 58000                 58000             2.1273437E-02         1.0000000E+30                12       
 NEXT SEEDS:155EEC86       1       0       0       0       0       B    3039       0       0
       3000                 57000                 57000             2.1708333E-02         1.0000000E+30                16       
 NEXT SEEDS:  C1A139       2       0       0       0       0       B    3039       0       0
       4000                 56000                 56000             2.2339844E-02         1.0000000E+30                22       
 NEXT SEEDS:29D75209       2       0       0       0       0       B    3039       0       0
       5000                 55000                 55000             2.2521875E-02         1.0000000E+30                24       
 NEXT SEEDS:1614702E       3       0       0       0       0       B    3039       0       0
       6000                 54000                 54000             2.2705729E-02         1.0000000E+30                28       
 NEXT SEEDS: 2C7B1A0       4       0       0       0       0       B    3039       0       0
       7000                 53000                 53000             2.2750000E-02         1.0000000E+30                30       
 NEXT SEEDS:2A391D9A       4       0       0       0       0       B    3039       0       0
       8000                 52000                 52000             2.2638672E-02         1.0000000E+30                32       
 NEXT SEEDS:148CC003       5       0       0       0       0       B    3039       0       0
       9000                 51000                 51000             2.2638889E-02         1.0000000E+30                34       
 NEXT SEEDS:   9581D       6       0       0       0       0       B    3039       0       0
      10000                 50000                 50000             2.2676563E-02         1.0000000E+30                37       
 NEXT SEEDS:278BB442       6       0       0       0       0       B    3039       0       0
      11000                 49000                 49000             2.2718750E-02         1.0000000E+30                41       
 NEXT SEEDS:139DDB41       7       0       0       0       0       B    3039       0       0
      12000                 48000                 48000             2.2960938E-02         1.0000000E+30                43       
 NEXT SEEDS: 2FC1EC9       8       0       0       0       0       B    3039       0       0
      13000                 47000                 47000             2.3021635E-02         1.0000000E+30                43       
 NEXT SEEDS:2B1D7366       8       0       0       0       0       B    3039       0       0
      14000                 46000                 46000             2.3010045E-02         1.0000000E+30                46       
 NEXT SEEDS:16C20FB5       9       0       0       0       0       B    3039       0       0
      15000                 45000                 45000             2.3030208E-02         1.0000000E+30                48       
 NEXT SEEDS: 2F36D50       A       0       0       0       0       B    3039       0       0
      16000                 44000                 44000             2.3073242E-02         1.0000000E+30                50       
 NEXT SEEDS:2B3E7C7A       A       0       0       0       0       B    3039       0       0
      17000                 43000                 43000             2.3107537E-02         1.0000000E+30                52       
 NEXT SEEDS:183BA9BB       B       0       0       0       0       B    3039       0       0
      18000                 42000                 42000             2.3131944E-02         1.0000000E+30                56       
 NEXT SEEDS: 4DB02B1       C       0       0       0       0       B    3039       0       0
      19000                 41000                 41000             2.3121711E-02         1.0000000E+30                59       
 NEXT SEEDS:2C43F0DB       C       0       0       0       0       B    3039       0       0
      20000                 40000                 40000             2.3138281E-02         1.0000000E+30                62       
 NEXT SEEDS:18A91FBD       D       0       0       0       0       B    3039       0       0
      21000                 39000                 39000             2.3122024E-02         1.0000000E+30                65       
 NEXT SEEDS: 427AB28       E       0       0       0       0       B    3039       0       0
      22000                 38000                 38000             2.3107955E-02         1.0000000E+30                72       
 NEXT SEEDS:2B6268F5       E       0       0       0       0       B    3039       0       0
      23000                 37000                 37000             2.3119565E-02         1.0000000E+30                75       
 NEXT SEEDS:17B43CF3       F       0       0       0       0       B    3039       0       0
      24000                 36000                 36000             2.3185547E-02         1.0000000E+30                79       
 NEXT SEEDS: 5DBCA7B      10       0       0       0       0       B    3039       0       0
      25000                 35000                 35000             2.3208125E-02         1.0000000E+30                81       
 NEXT SEEDS:2E45351B      10       0       0       0       0       B    3039       0       0
      26000                 34000                 34000             2.3158654E-02         1.0000000E+30                81       
 NEXT SEEDS:18C225BA      11       0       0       0       0       B    3039       0       0
      27000                 33000                 33000             2.3165509E-02         1.0000000E+30                87       
 NEXT SEEDS: 54C0DD9      12       0       0       0       0       B    3039       0       0
      28000                 32000                 32000             2.3162946E-02         1.0000000E+30                94       
 NEXT SEEDS:2CD2BA24      12       0       0       0       0       B    3039       0       0
      29000                 31000                 31000             2.3210129E-02         1.0000000E+30                96       
 NEXT SEEDS:1ACAF6C6      13       0       0       0       0       B    3039       0       0
      30000                 30000                 30000             2.3231771E-02         1.0000000E+30                97       
 NEXT SEEDS: 7A78FD1      14       0       0       0       0       B    3039       0       0
      31000                 29000                 29000             2.3209677E-02         1.0000000E+30               100       
 NEXT SEEDS:2E8CC63B      14       0       0       0       0       B    3039       0       0
      32000                 28000                 28000             2.3169434E-02         1.0000000E+30               102       
 NEXT SEEDS:19135AF7      15       0       0       0       0       B    3039       0       0
      33000                 27000                 27000             2.3068182E-02         1.0000000E+30               105       
 NEXT SEEDS: 536879A      16       0       0       0       0       B    3039       0       0
      34000                 26000                 26000             2.2754136E-02         1.0000000E+30               109       
 NEXT SEEDS:2B6464E7      16       0       0       0       0       B    3039       0       0
      35000                 25000                 25000             2.2509375E-02         1.0000000E+30               115       
 NEXT SEEDS:1954A13B      17       0       0       0       0       B    3039       0       0
      36000                 24000                 24000             2.2285590E-02         1.0000000E+30               118       
 NEXT SEEDS: 692B79A      18       0       0       0       0       B    3039       0       0
      37000                 23000                 23000             2.2059544E-02         1.0000000E+30               123       
 NEXT SEEDS:2E490F75      18       0       0       0       0       B    3039       0       0
      38000                 22000                 22000             2.1865132E-02         1.0000000E+30               124       
 NEXT SEEDS:1B25CF5B      19       0       0       0       0       B    3039       0       0
      39000                 21000                 21000             2.1672276E-02         1.0000000E+30               130       
 NEXT SEEDS: 80CF2BA      1A       0       0       0       0       B    3039       0       0
      40000                 20000                 20000             2.1508203E-02         1.0000000E+30               131       
 NEXT SEEDS:31FD9C20      1A       0       0       0       0       B    3039       0       0
      41000                 19000                 19000             2.1315549E-02         1.0000000E+30               137       
 NEXT SEEDS:1D471A2D      1B       0       0       0       0       B    3039       0       0
      42000                 18000                 18000             2.1156250E-02         1.0000000E+30               143       
 NEXT SEEDS: 9CE995C      1C       0       0       0       0       B    3039       0       0
      43000                 17000                 17000             2.0993823E-02         1.0000000E+30               147       
 NEXT SEEDS:31ABCB90      1C       0       0       0       0       B    3039       0       0
      44000                 16000                 16000             2.0838778E-02         1.0000000E+30               149       
 NEXT SEEDS:1D93ACAB      1D       0       0       0       0       B    3039       0       0
      45000                 15000                 15000             2.0702431E-02         1.0000000E+30               152       
 NEXT SEEDS: AC4B7AF      1E       0       0       0       0       B    3039       0       0
      46000                 14000                 14000             2.0578804E-02         1.0000000E+30               153       
 NEXT SEEDS:33C18AA6      1E       0       0       0       0       B    3039       0       0
      47000                 13000                 13000             2.0465093E-02         1.0000000E+30               155       
 NEXT SEEDS:216586CE      1F       0       0       0       0       B    3039       0       0
      48000                 12000                 12000             2.0333659E-02         1.0000000E+30               160       
 NEXT SEEDS: D19E0DB      20       0       0       0       0       B    3039       0       0
      49000                 11000                 11000             2.0220663E-02         1.0000000E+30               162       
 NEXT SEEDS:3599C931      20       0       0       0       0       B    3039       0       0
      50000                 10000                 10000             2.0117188E-02         1.0000000E+30               165       
 NEXT SEEDS:23239294      21       0       0       0       0       B    3039       0       0
      51000                  9000                  9000             2.0015319E-02         1.0000000E+30               173       
 NEXT SEEDS:1096CA37      22       0       0       0       0       B    3039       0       0
      52000                  8000                  8000             1.9919772E-02         1.0000000E+30               179       
 NEXT SEEDS:39D804E3      22       0       0       0       0       B    3039       0       0
      53000                  7000                  7000             1.9823998E-02         1.0000000E+30               184       
 NEXT SEEDS:26EDE621      23       0       0       0       0       B    3039       0       0
      54000                  6000                  6000             1.9721933E-02         1.0000000E+30               188       
 NEXT SEEDS:12A3930D      24       0       0       0       0       B    3039       0       0
      55000                  5000                  5000             1.9639205E-02         1.0000000E+30               191       
 NEXT SEEDS:  37B04E      25       0       0       0       0       B    3039       0       0
      56000                  4000                  4000             1.9543527E-02         1.0000000E+30               194       
 NEXT SEEDS:278E5500      25       0       0       0       0       B    3039       0       0
      57000                  3000                  3000             1.9455866E-02         1.0000000E+30               199       
 NEXT SEEDS:144554B3      26       0       0       0       0       B    3039       0       0
      58000                  2000                  2000             1.9370151E-02         1.0000000E+30               204       
 NEXT SEEDS:  8BA154      27       0       0       0       0       B    3039       0       0
      59000                  1000                  1000             1.9276748E-02         1.0000000E+30               207       
 NEXT SEEDS:27716D1C      27       0       0       0       0       B    3039       0       0
      59950                    50                    50             1.9213407E-02         1.0000000E+30               212       
 NEXT SEEDS:1316D8A2      28       0       0       0       0       B    3039       0       0
      59951                    49                    49             1.9213347E-02         1.0000000E+30               212       
 NEXT SEEDS:131D5D74      28       0       0       0       0       B    3039       0       0
      59952                    48                    48             1.9213027E-02         1.0000000E+30               212       
 NEXT SEEDS:1324DCCB      28       0       0       0       0       B    3039       0       0
      59953                    47                    47             1.9212967E-02         1.0000000E+30               212       
 NEXT SEEDS:132BF5FB      28       0       0       0       0       B    3039       0       0
      59954                    46                    46             1.9212646E-02         1.0000000E+30               212       
 NEXT SEEDS:1333C51E      28       0       0       0       0       B    3039       0       0
      59955                    45                    45             1.9212587E-02         1.0000000E+30               212       
 NEXT SEEDS:133AF1C2      28       0       0       0       0       B    3039       0       0
      59956                    44                    44             1.9212527E-02         1.0000000E+30               212       
 NEXT SEEDS:1343086C      28       0       0       0       0       B    3039       0       0
      59957                    43                    43             1.9212206E-02         1.0000000E+30               212       
 NEXT SEEDS:134A1CAB      28       0       0       0       0       B    3039       0       0
      59958                    42                    42             1.9212146E-02         1.0000000E+30               212       
 NEXT SEEDS:13511E0B      28       0       0       0       0       B    3039       0       0
      59959                    41                    41             1.9211826E-02         1.0000000E+30               212       
 NEXT SEEDS:1358BB01      28       0       0       0       0       B    3039       0       0
      59960                    40                    40             1.9211766E-02         1.0000000E+30               212       
 NEXT SEEDS:1360D8EB      28       0       0       0       0       B    3039       0       0
      59961                    39                    39             1.9211706E-02         1.0000000E+30               212       
 NEXT SEEDS:13691FBA      28       0       0       0       0       B    3039       0       0
      59962                    38                    38             1.9211386E-02         1.0000000E+30               212       
 NEXT SEEDS:13709915      28       0       0       0       0       B    3039       0       0
      59963                    37                    37             1.9211326E-02         1.0000000E+30               212       
 NEXT SEEDS:1377512F      28       0       0       0       0       B    3039       0       0
      59964                    36                    36             1.9211266E-02         1.0000000E+30               212       
 NEXT SEEDS:137F6E12      28       0       0       0       0       B    3039       0       0
      59965                    35                    35             1.9210946E-02         1.0000000E+30               212       
 NEXT SEEDS:1386E06C      28       0       0       0       0       B    3039       0       0
      59966                    34                    34             1.9210886E-02         1.0000000E+30               212       
 NEXT SEEDS:138DB1DE      28       0       0       0       0       B    3039       0       0
      59967                    33                    33             1.9210566E-02         1.0000000E+30               212       
 NEXT SEEDS:1394F651      28       0       0       0       0       B    3039       0       0
      59968                    32                    32             1.9210506E-02         1.0000000E+30               212       
 NEXT SEEDS:139CB2F2      28       0       0       0       0       B    3039       0       0
      59969                    31                    31             1.9210446E-02         1.0000000E+30               212       
 NEXT SEEDS:13A3AAFC      28       0       0       0       0       B    3039       0       0
      59970                    30                    30             1.9211168E-02         1.0000000E+30               212       
 NEXT SEEDS:13CD54FC      28       0       0       0       0       B    3039       0       0
      59971                    29                    29             1.9211108E-02         1.0000000E+30               212       
 NEXT SEEDS:13D497FC      28       0       0       0       0       B    3039       0       0
      59972                    28                    28             1.9211048E-02         1.0000000E+30               212       
 NEXT SEEDS:13DC7C51      28       0       0       0       0       B    3039       0       0
      59973                    27                    27             1.9210728E-02         1.0000000E+30               212       
 NEXT SEEDS:13E50547      28       0       0       0       0       B    3039       0       0
      59974                    26                    26             1.9210668E-02         1.0000000E+30               212       
 NEXT SEEDS:13ECA50C      28       0       0       0       0       B    3039       0       0
      59975                    25                    25             1.9210609E-02         1.0000000E+30               212       
 NEXT SEEDS:13F52CC7      28       0       0       0       0       B    3039       0       0
      59976                    24                    24             1.9210288E-02         1.0000000E+30               212       
 NEXT SEEDS:13FC7CBC      28       0       0       0       0       B    3039       0       0
      59977                    23                    23             1.9210229E-02         1.0000000E+30               212       
 NEXT SEEDS:14053282      28       0       0       0       0       B    3039       0       0
      59978                    22                    22             1.9210169E-02         1.0000000E+30               212       
 NEXT SEEDS:140D00FA      28       0       0       0       0       B    3039       0       0
      59979                    21                    21             1.9209848E-02         1.0000000E+30               212       
 NEXT SEEDS:1414B9E0      28       0       0       0       0       B    3039       0       0
      59980                    20                    20             1.9209789E-02         1.0000000E+30               212       
 NEXT SEEDS:141B99AE      28       0       0       0       0       B    3039       0       0
      59981                    19                    19             1.9209468E-02         1.0000000E+30               212       
 NEXT SEEDS:14249456      28       0       0       0       0       B    3039       0       0
      59982                    18                    18             1.9209409E-02         1.0000000E+30               212       
 NEXT SEEDS:142CD43F      28       0       0       0       0       B    3039       0       0
      59983                    17                    17             1.9209349E-02         1.0000000E+30               212       
 NEXT SEEDS:14349554      28       0       0       0       0       B    3039       0       0
      59984                    16                    16             1.9210071E-02         1.0000000E+30               212       
 NEXT SEEDS:145CDB3C      28       0       0       0       0       B    3039       0       0
      59985                    15                    15             1.9210011E-02         1.0000000E+30               212       
 NEXT SEEDS:14651B92      28       0       0       0       0       B    3039       0       0
      59986                    14                    14             1.9209691E-02         1.0000000E+30               212       
 NEXT SEEDS:146D5A8D      28       0       0       0       0       B    3039       0       0
      59987                    13                    13             1.9209631E-02         1.0000000E+30               212       
 NEXT SEEDS:14761E78      28       0       0       0       0       B    3039       0       0
      59988                    12                    12             1.9209571E-02         1.0000000E+30               212       
 NEXT SEEDS:147DCAF7      28       0       0       0       0       B    3039       0       0
      59989                    11                    11             1.9209251E-02         1.0000000E+30               212       
 NEXT SEEDS:1485338B      28       0       0       0       0       B    3039       0       0
      59990                    10                    10             1.9210233E-02         1.0000000E+30               212       
 NEXT SEEDS:14B05455      28       0       0       0       0       B    3039       0       0
      59991                     9                     9             1.9210173E-02         1.0000000E+30               212       
 NEXT SEEDS:14B87ABE      28       0       0       0       0       B    3039       0       0
      59992                     8                     8             1.9210113E-02         1.0000000E+30               212       
 NEXT SEEDS:14C07D66      28       0       0       0       0       B    3039       0       0
      59993                     7                     7             1.9209793E-02         1.0000000E+30               212       
 NEXT SEEDS:14C8160F      28       0       0       0       0       B    3039       0       0
      59994                     6                     6             1.9209733E-02         1.0000000E+30               212       
 NEXT SEEDS:14CFB9A9      28       0       0       0       0       B    3039       0       0
      59995                     5                     5             1.9210715E-02         1.0000000E+30               212       
 NEXT SEEDS:14F9BAAB      28       0       0       0       0       B    3039       0       0
      59996                     4                     4             1.9210656E-02         1.0000000E+30               212       
 NEXT SEEDS:1500FACA      28       0       0       0       0       B    3039       0       0
      59997                     3                     3             1.9211377E-02         1.0000000E+30               212       
 NEXT SEEDS:1529DBA5      28       0       0       0       0       B    3039       0       0
      59998                     2                     2             1.9212359E-02         1.0000000E+30               212       
 NEXT SEEDS:1554B98D      28       0       0       0       0       B    3039       0       0
      59999                     1                     1             1.9212039E-02         1.0000000E+30               212       
 NEXT SEEDS:155C214A      28       0       0       0       0       B    3039       0       0
      60000                     0                     1             1.9211979E-02         1.0000000E+30               212       
 NEXT SEEDS:1564329A      28       0       0       0       0       B    3039       0       0
