 # Detector n:            1   Engy_SV   
 # N. of energy intervals        2000
  1.000E-09  2.510E-07  0.000E+00  1.000E+02
  2.510E-07  5.010E-07  0.000E+00  1.000E+02
  5.010E-07  7.510E-07  6.667E-06  7.071E+01
  7.510E-07  1.001E-06  1.433E-04  1.525E+01
  1.001E-06  1.251E-06  5.733E-04  7.625E+00
  1.251E-06  1.501E-06  1.687E-03  4.446E+00
  1.501E-06  1.751E-06  3.237E-03  3.209E+00
  1.751E-06  2.001E-06  4.483E-03  2.727E+00
  2.001E-06  2.251E-06  4.653E-03  2.676E+00
  2.251E-06  2.501E-06  4.783E-03  2.640E+00
  2.501E-06  2.751E-06  4.480E-03  2.728E+00
  2.751E-06  3.001E-06  3.680E-03  3.010E+00
  3.001E-06  3.251E-06  2.963E-03  3.354E+00
  3.251E-06  3.501E-06  2.350E-03  3.766E+00
  3.501E-06  3.751E-06  1.937E-03  4.149E+00
  3.751E-06  4.001E-06  1.633E-03  4.518E+00
  4.001E-06  4.251E-06  1.363E-03  4.945E+00
  4.251E-06  4.501E-06  1.300E-03  5.064E+00
  4.501E-06  4.751E-06  9.533E-04  5.913E+00
  4.751E-06  5.001E-06  9.033E-04  6.075E+00
  5.001E-06  5.251E-06  7.067E-04  6.868E+00
  5.251E-06  5.501E-06  5.300E-04  7.931E+00
  5.501E-06  5.751E-06  5.567E-04  7.738E+00
  5.751E-06  6.001E-06  4.700E-04  8.422E+00
  6.001E-06  6.251E-06  4.433E-04  8.671E+00
  6.251E-06  6.501E-06  3.867E-04  9.285E+00
  6.501E-06  6.751E-06  3.033E-04  1.048E+01
  6.751E-06  7.001E-06  2.400E-04  1.179E+01
  7.001E-06  7.251E-06  1.867E-04  1.336E+01
  7.251E-06  7.501E-06  2.233E-04  1.222E+01
  7.501E-06  7.751E-06  1.667E-04  1.414E+01
  7.751E-06  8.001E-06  1.400E-04  1.543E+01
  8.001E-06  8.251E-06  1.567E-04  1.459E+01
  8.251E-06  8.501E-06  1.233E-04  1.644E+01
  8.501E-06  8.751E-06  1.167E-04  1.690E+01
  8.751E-06  9.001E-06  7.667E-05  2.085E+01
  9.001E-06  9.251E-06  6.000E-05  2.357E+01
  9.251E-06  9.501E-06  5.333E-05  2.500E+01
  9.501E-06  9.751E-06  5.667E-05  2.425E+01
  9.751E-06  1.000E-05  2.667E-05  3.536E+01
  1.000E-05  1.025E-05  4.000E-05  2.887E+01
  1.025E-05  1.050E-05  2.333E-05  3.780E+01
  1.050E-05  1.075E-05  2.000E-05  4.082E+01
  1.075E-05  1.100E-05  1.667E-05  4.472E+01
  1.100E-05  1.125E-05  1.667E-05  4.472E+01
  1.125E-05  1.150E-05  3.000E-05  3.333E+01
  1.150E-05  1.175E-05  2.333E-05  3.780E+01
  1.175E-05  1.200E-05  1.333E-05  5.000E+01
  1.200E-05  1.225E-05  1.667E-05  4.472E+01
  1.225E-05  1.250E-05  1.333E-05  5.000E+01
  1.250E-05  1.275E-05  6.667E-06  7.071E+01
  1.275E-05  1.300E-05  1.000E-05  5.774E+01
  1.300E-05  1.325E-05  3.333E-06  1.000E+02
  1.325E-05  1.350E-05  3.333E-06  1.000E+02
  1.350E-05  1.375E-05  6.667E-06  7.071E+01
  1.375E-05  1.400E-05  6.667E-06  7.071E+01
  1.400E-05  1.425E-05  3.333E-06  1.000E+02
  1.425E-05  1.450E-05  3.333E-06  1.000E+02
  1.450E-05  1.475E-05  3.333E-06  1.000E+02
  1.475E-05  1.500E-05  3.333E-06  1.000E+02
  1.500E-05  1.525E-05  3.333E-06  1.000E+02
  1.525E-05  1.550E-05  0.000E+00  1.000E+02
  1.550E-05  1.575E-05  3.333E-06  1.000E+02
  1.575E-05  1.600E-05  0.000E+00  1.000E+02
  1.600E-05  1.625E-05  0.000E+00  1.000E+02
  1.625E-05  1.650E-05  0.000E+00  1.000E+02
  1.650E-05  1.675E-05  0.000E+00  1.000E+02
  1.675E-05  1.700E-05  0.000E+00  1.000E+02
  1.700E-05  1.725E-05  0.000E+00  1.000E+02
  1.725E-05  1.750E-05  3.333E-06  1.000E+02
  1.750E-05  1.775E-05  6.667E-06  7.071E+01
  1.775E-05  1.800E-05  0.000E+00  1.000E+02
  1.800E-05  1.825E-05  0.000E+00  1.000E+02
  1.825E-05  1.850E-05  0.000E+00  1.000E+02
  1.850E-05  1.875E-05  0.000E+00  1.000E+02
  1.875E-05  1.900E-05  0.000E+00  1.000E+02
  1.900E-05  1.925E-05  0.000E+00  1.000E+02
  1.925E-05  1.950E-05  3.333E-06  1.000E+02
  1.950E-05  1.975E-05  0.000E+00  1.000E+02
  1.975E-05  2.000E-05  0.000E+00  1.000E+02
  2.000E-05  2.025E-05  3.333E-06  1.000E+02
  2.025E-05  2.050E-05  0.000E+00  1.000E+02
  2.050E-05  2.075E-05  0.000E+00  1.000E+02
  2.075E-05  2.100E-05  3.333E-06  1.000E+02
  2.100E-05  2.125E-05  0.000E+00  1.000E+02
  2.125E-05  2.150E-05  0.000E+00  1.000E+02
  2.150E-05  2.175E-05  3.333E-06  1.000E+02
  2.175E-05  2.200E-05  3.333E-06  1.000E+02
  2.200E-05  2.225E-05  0.000E+00  1.000E+02
  2.225E-05  2.250E-05  0.000E+00  1.000E+02
  2.250E-05  2.275E-05  0.000E+00  1.000E+02
  2.275E-05  2.300E-05  0.000E+00  1.000E+02
  2.300E-05  2.325E-05  0.000E+00  1.000E+02
  2.325E-05  2.350E-05  0.000E+00  1.000E+02
  2.350E-05  2.375E-05  0.000E+00  1.000E+02
  2.375E-05  2.400E-05  3.333E-06  1.000E+02
  2.400E-05  2.425E-05  3.333E-06  1.000E+02
  2.425E-05  2.450E-05  3.333E-06  1.000E+02
  2.450E-05  2.475E-05  0.000E+00  1.000E+02
  2.475E-05  2.500E-05  0.000E+00  1.000E+02
  2.500E-05  2.525E-05  3.333E-06  1.000E+02
  2.525E-05  2.550E-05  0.000E+00  1.000E+02
  2.550E-05  2.575E-05  0.000E+00  1.000E+02
  2.575E-05  2.600E-05  3.333E-06  1.000E+02
  2.600E-05  2.625E-05  0.000E+00  1.000E+02
  2.625E-05  2.650E-05  0.000E+00  1.000E+02
  2.650E-05  2.675E-05  0.000E+00  1.000E+02
  2.675E-05  2.700E-05  0.000E+00  1.000E+02
  2.700E-05  2.725E-05  0.000E+00  1.000E+02
  2.725E-05  2.750E-05  0.000E+00  1.000E+02
  2.750E-05  2.775E-05  0.000E+00  1.000E+02
  2.775E-05  2.800E-05  0.000E+00  1.000E+02
  2.800E-05  2.825E-05  0.000E+00  1.000E+02
  2.825E-05  2.850E-05  0.000E+00  1.000E+02
  2.850E-05  2.875E-05  0.000E+00  1.000E+02
  2.875E-05  2.900E-05  0.000E+00  1.000E+02
  2.900E-05  2.925E-05  0.000E+00  1.000E+02
  2.925E-05  2.950E-05  0.000E+00  1.000E+02
  2.950E-05  2.975E-05  0.000E+00  1.000E+02
  2.975E-05  3.000E-05  0.000E+00  1.000E+02
  3.000E-05  3.025E-05  0.000E+00  1.000E+02
  3.025E-05  3.050E-05  0.000E+00  1.000E+02
  3.050E-05  3.075E-05  0.000E+00  1.000E+02
  3.075E-05  3.100E-05  0.000E+00  1.000E+02
  3.100E-05  3.125E-05  0.000E+00  1.000E+02
  3.125E-05  3.150E-05  0.000E+00  1.000E+02
  3.150E-05  3.175E-05  0.000E+00  1.000E+02
  3.175E-05  3.200E-05  0.000E+00  1.000E+02
  3.200E-05  3.225E-05  0.000E+00  1.000E+02
  3.225E-05  3.250E-05  0.000E+00  1.000E+02
  3.250E-05  3.275E-05  0.000E+00  1.000E+02
  3.275E-05  3.300E-05  3.333E-06  1.000E+02
  3.300E-05  3.325E-05  0.000E+00  1.000E+02
  3.325E-05  3.350E-05  0.000E+00  1.000E+02
  3.350E-05  3.375E-05  0.000E+00  1.000E+02
  3.375E-05  3.400E-05  0.000E+00  1.000E+02
  3.400E-05  3.425E-05  0.000E+00  1.000E+02
  3.425E-05  3.450E-05  0.000E+00  1.000E+02
  3.450E-05  3.475E-05  0.000E+00  1.000E+02
  3.475E-05  3.500E-05  0.000E+00  1.000E+02
  3.500E-05  3.525E-05  0.000E+00  1.000E+02
  3.525E-05  3.550E-05  0.000E+00  1.000E+02
  3.550E-05  3.575E-05  0.000E+00  1.000E+02
  3.575E-05  3.600E-05  0.000E+00  1.000E+02
  3.600E-05  3.625E-05  0.000E+00  1.000E+02
  3.625E-05  3.650E-05  0.000E+00  1.000E+02
  3.650E-05  3.675E-05  0.000E+00  1.000E+02
  3.675E-05  3.700E-05  0.000E+00  1.000E+02
  3.700E-05  3.725E-05  0.000E+00  1.000E+02
  3.725E-05  3.750E-05  0.000E+00  1.000E+02
  3.750E-05  3.775E-05  0.000E+00  1.000E+02
  3.775E-05  3.800E-05  0.000E+00  1.000E+02
  3.800E-05  3.825E-05  0.000E+00  1.000E+02
  3.825E-05  3.850E-05  0.000E+00  1.000E+02
  3.850E-05  3.875E-05  0.000E+00  1.000E+02
  3.875E-05  3.900E-05  0.000E+00  1.000E+02
  3.900E-05  3.925E-05  0.000E+00  1.000E+02
  3.925E-05  3.950E-05  0.000E+00  1.000E+02
  3.950E-05  3.975E-05  0.000E+00  1.000E+02
  3.975E-05  4.000E-05  0.000E+00  1.000E+02
  4.000E-05  4.025E-05  0.000E+00  1.000E+02
  4.025E-05  4.050E-05  0.000E+00  1.000E+02
  4.050E-05  4.075E-05  0.000E+00  1.000E+02
  4.075E-05  4.100E-05  0.000E+00  1.000E+02
  4.100E-05  4.125E-05  0.000E+00  1.000E+02
  4.125E-05  4.150E-05  0.000E+00  1.000E+02
  4.150E-05  4.175E-05  0.000E+00  1.000E+02
  4.175E-05  4.200E-05  0.000E+00  1.000E+02
  4.200E-05  4.225E-05  0.000E+00  1.000E+02
  4.225E-05  4.250E-05  0.000E+00  1.000E+02
  4.250E-05  4.275E-05  0.000E+00  1.000E+02
  4.275E-05  4.300E-05  0.000E+00  1.000E+02
  4.300E-05  4.325E-05  0.000E+00  1.000E+02
  4.325E-05  4.350E-05  0.000E+00  1.000E+02
  4.350E-05  4.375E-05  0.000E+00  1.000E+02
  4.375E-05  4.400E-05  0.000E+00  1.000E+02
  4.400E-05  4.425E-05  0.000E+00  1.000E+02
  4.425E-05  4.450E-05  3.333E-06  1.000E+02
  4.450E-05  4.475E-05  0.000E+00  1.000E+02
  4.475E-05  4.500E-05  0.000E+00  1.000E+02
  4.500E-05  4.525E-05  0.000E+00  1.000E+02
  4.525E-05  4.550E-05  0.000E+00  1.000E+02
  4.550E-05  4.575E-05  0.000E+00  1.000E+02
  4.575E-05  4.600E-05  0.000E+00  1.000E+02
  4.600E-05  4.625E-05  0.000E+00  1.000E+02
  4.625E-05  4.650E-05  0.000E+00  1.000E+02
  4.650E-05  4.675E-05  0.000E+00  1.000E+02
  4.675E-05  4.700E-05  0.000E+00  1.000E+02
  4.700E-05  4.725E-05  0.000E+00  1.000E+02
  4.725E-05  4.750E-05  0.000E+00  1.000E+02
  4.750E-05  4.775E-05  0.000E+00  1.000E+02
  4.775E-05  4.800E-05  0.000E+00  1.000E+02
  4.800E-05  4.825E-05  0.000E+00  1.000E+02
  4.825E-05  4.850E-05  0.000E+00  1.000E+02
  4.850E-05  4.875E-05  0.000E+00  1.000E+02
  4.875E-05  4.900E-05  0.000E+00  1.000E+02
  4.900E-05  4.925E-05  0.000E+00  1.000E+02
  4.925E-05  4.950E-05  0.000E+00  1.000E+02
  4.950E-05  4.975E-05  0.000E+00  1.000E+02
  4.975E-05  5.000E-05  0.000E+00  1.000E+02
  5.000E-05  5.025E-05  0.000E+00  1.000E+02
  5.025E-05  5.050E-05  0.000E+00  1.000E+02
  5.050E-05  5.075E-05  0.000E+00  1.000E+02
  5.075E-05  5.100E-05  0.000E+00  1.000E+02
  5.100E-05  5.125E-05  0.000E+00  1.000E+02
  5.125E-05  5.150E-05  0.000E+00  1.000E+02
  5.150E-05  5.175E-05  0.000E+00  1.000E+02
  5.175E-05  5.200E-05  0.000E+00  1.000E+02
  5.200E-05  5.225E-05  0.000E+00  1.000E+02
  5.225E-05  5.250E-05  0.000E+00  1.000E+02
  5.250E-05  5.275E-05  0.000E+00  1.000E+02
  5.275E-05  5.300E-05  0.000E+00  1.000E+02
  5.300E-05  5.325E-05  0.000E+00  1.000E+02
  5.325E-05  5.350E-05  0.000E+00  1.000E+02
  5.350E-05  5.375E-05  0.000E+00  1.000E+02
  5.375E-05  5.400E-05  0.000E+00  1.000E+02
  5.400E-05  5.425E-05  0.000E+00  1.000E+02
  5.425E-05  5.450E-05  0.000E+00  1.000E+02
  5.450E-05  5.475E-05  0.000E+00  1.000E+02
  5.475E-05  5.500E-05  0.000E+00  1.000E+02
  5.500E-05  5.525E-05  0.000E+00  1.000E+02
  5.525E-05  5.550E-05  0.000E+00  1.000E+02
  5.550E-05  5.575E-05  0.000E+00  1.000E+02
  5.575E-05  5.600E-05  0.000E+00  1.000E+02
  5.600E-05  5.625E-05  0.000E+00  1.000E+02
  5.625E-05  5.650E-05  0.000E+00  1.000E+02
  5.650E-05  5.675E-05  0.000E+00  1.000E+02
  5.675E-05  5.700E-05  0.000E+00  1.000E+02
  5.700E-05  5.725E-05  0.000E+00  1.000E+02
  5.725E-05  5.750E-05  0.000E+00  1.000E+02
  5.750E-05  5.775E-05  0.000E+00  1.000E+02
  5.775E-05  5.800E-05  0.000E+00  1.000E+02
  5.800E-05  5.825E-05  0.000E+00  1.000E+02
  5.825E-05  5.850E-05  0.000E+00  1.000E+02
  5.850E-05  5.875E-05  0.000E+00  1.000E+02
  5.875E-05  5.900E-05  0.000E+00  1.000E+02
  5.900E-05  5.925E-05  0.000E+00  1.000E+02
  5.925E-05  5.950E-05  0.000E+00  1.000E+02
  5.950E-05  5.975E-05  0.000E+00  1.000E+02
  5.975E-05  6.000E-05  0.000E+00  1.000E+02
  6.000E-05  6.025E-05  0.000E+00  1.000E+02
  6.025E-05  6.050E-05  0.000E+00  1.000E+02
  6.050E-05  6.075E-05  0.000E+00  1.000E+02
  6.075E-05  6.100E-05  0.000E+00  1.000E+02
  6.100E-05  6.125E-05  0.000E+00  1.000E+02
  6.125E-05  6.150E-05  0.000E+00  1.000E+02
  6.150E-05  6.175E-05  0.000E+00  1.000E+02
  6.175E-05  6.200E-05  0.000E+00  1.000E+02
  6.200E-05  6.225E-05  0.000E+00  1.000E+02
  6.225E-05  6.250E-05  0.000E+00  1.000E+02
  6.250E-05  6.275E-05  0.000E+00  1.000E+02
  6.275E-05  6.300E-05  0.000E+00  1.000E+02
  6.300E-05  6.325E-05  0.000E+00  1.000E+02
  6.325E-05  6.350E-05  0.000E+00  1.000E+02
  6.350E-05  6.375E-05  0.000E+00  1.000E+02
  6.375E-05  6.400E-05  0.000E+00  1.000E+02
  6.400E-05  6.425E-05  0.000E+00  1.000E+02
  6.425E-05  6.450E-05  0.000E+00  1.000E+02
  6.450E-05  6.475E-05  0.000E+00  1.000E+02
  6.475E-05  6.500E-05  0.000E+00  1.000E+02
  6.500E-05  6.525E-05  0.000E+00  1.000E+02
  6.525E-05  6.550E-05  0.000E+00  1.000E+02
  6.550E-05  6.575E-05  0.000E+00  1.000E+02
  6.575E-05  6.600E-05  0.000E+00  1.000E+02
  6.600E-05  6.625E-05  0.000E+00  1.000E+02
  6.625E-05  6.650E-05  0.000E+00  1.000E+02
  6.650E-05  6.675E-05  0.000E+00  1.000E+02
  6.675E-05  6.700E-05  0.000E+00  1.000E+02
  6.700E-05  6.725E-05  0.000E+00  1.000E+02
  6.725E-05  6.750E-05  0.000E+00  1.000E+02
  6.750E-05  6.775E-05  0.000E+00  1.000E+02
  6.775E-05  6.800E-05  0.000E+00  1.000E+02
  6.800E-05  6.825E-05  0.000E+00  1.000E+02
  6.825E-05  6.850E-05  0.000E+00  1.000E+02
  6.850E-05  6.875E-05  0.000E+00  1.000E+02
  6.875E-05  6.900E-05  0.000E+00  1.000E+02
  6.900E-05  6.925E-05  0.000E+00  1.000E+02
  6.925E-05  6.950E-05  0.000E+00  1.000E+02
  6.950E-05  6.975E-05  0.000E+00  1.000E+02
  6.975E-05  7.000E-05  0.000E+00  1.000E+02
  7.000E-05  7.025E-05  0.000E+00  1.000E+02
  7.025E-05  7.050E-05  0.000E+00  1.000E+02
  7.050E-05  7.075E-05  0.000E+00  1.000E+02
  7.075E-05  7.100E-05  0.000E+00  1.000E+02
  7.100E-05  7.125E-05  0.000E+00  1.000E+02
  7.125E-05  7.150E-05  0.000E+00  1.000E+02
  7.150E-05  7.175E-05  0.000E+00  1.000E+02
  7.175E-05  7.200E-05  0.000E+00  1.000E+02
  7.200E-05  7.225E-05  0.000E+00  1.000E+02
  7.225E-05  7.250E-05  0.000E+00  1.000E+02
  7.250E-05  7.275E-05  0.000E+00  1.000E+02
  7.275E-05  7.300E-05  0.000E+00  1.000E+02
  7.300E-05  7.325E-05  0.000E+00  1.000E+02
  7.325E-05  7.350E-05  0.000E+00  1.000E+02
  7.350E-05  7.375E-05  0.000E+00  1.000E+02
  7.375E-05  7.400E-05  0.000E+00  1.000E+02
  7.400E-05  7.425E-05  0.000E+00  1.000E+02
  7.425E-05  7.450E-05  0.000E+00  1.000E+02
  7.450E-05  7.475E-05  0.000E+00  1.000E+02
  7.475E-05  7.500E-05  0.000E+00  1.000E+02
  7.500E-05  7.525E-05  0.000E+00  1.000E+02
  7.525E-05  7.550E-05  0.000E+00  1.000E+02
  7.550E-05  7.575E-05  0.000E+00  1.000E+02
  7.575E-05  7.600E-05  0.000E+00  1.000E+02
  7.600E-05  7.625E-05  0.000E+00  1.000E+02
  7.625E-05  7.650E-05  0.000E+00  1.000E+02
  7.650E-05  7.675E-05  0.000E+00  1.000E+02
  7.675E-05  7.700E-05  0.000E+00  1.000E+02
  7.700E-05  7.725E-05  0.000E+00  1.000E+02
  7.725E-05  7.750E-05  0.000E+00  1.000E+02
  7.750E-05  7.775E-05  0.000E+00  1.000E+02
  7.775E-05  7.800E-05  0.000E+00  1.000E+02
  7.800E-05  7.825E-05  0.000E+00  1.000E+02
  7.825E-05  7.850E-05  0.000E+00  1.000E+02
  7.850E-05  7.875E-05  0.000E+00  1.000E+02
  7.875E-05  7.900E-05  0.000E+00  1.000E+02
  7.900E-05  7.925E-05  0.000E+00  1.000E+02
  7.925E-05  7.950E-05  0.000E+00  1.000E+02
  7.950E-05  7.975E-05  0.000E+00  1.000E+02
  7.975E-05  8.000E-05  0.000E+00  1.000E+02
  8.000E-05  8.025E-05  0.000E+00  1.000E+02
  8.025E-05  8.050E-05  0.000E+00  1.000E+02
  8.050E-05  8.075E-05  0.000E+00  1.000E+02
  8.075E-05  8.100E-05  0.000E+00  1.000E+02
  8.100E-05  8.125E-05  0.000E+00  1.000E+02
  8.125E-05  8.150E-05  0.000E+00  1.000E+02
  8.150E-05  8.175E-05  0.000E+00  1.000E+02
  8.175E-05  8.200E-05  0.000E+00  1.000E+02
  8.200E-05  8.225E-05  0.000E+00  1.000E+02
  8.225E-05  8.250E-05  0.000E+00  1.000E+02
  8.250E-05  8.275E-05  0.000E+00  1.000E+02
  8.275E-05  8.300E-05  0.000E+00  1.000E+02
  8.300E-05  8.325E-05  0.000E+00  1.000E+02
  8.325E-05  8.350E-05  0.000E+00  1.000E+02
  8.350E-05  8.375E-05  0.000E+00  1.000E+02
  8.375E-05  8.400E-05  0.000E+00  1.000E+02
  8.400E-05  8.425E-05  0.000E+00  1.000E+02
  8.425E-05  8.450E-05  0.000E+00  1.000E+02
  8.450E-05  8.475E-05  0.000E+00  1.000E+02
  8.475E-05  8.500E-05  0.000E+00  1.000E+02
  8.500E-05  8.525E-05  0.000E+00  1.000E+02
  8.525E-05  8.550E-05  0.000E+00  1.000E+02
  8.550E-05  8.575E-05  0.000E+00  1.000E+02
  8.575E-05  8.600E-05  0.000E+00  1.000E+02
  8.600E-05  8.625E-05  0.000E+00  1.000E+02
  8.625E-05  8.650E-05  0.000E+00  1.000E+02
  8.650E-05  8.675E-05  0.000E+00  1.000E+02
  8.675E-05  8.700E-05  0.000E+00  1.000E+02
  8.700E-05  8.725E-05  0.000E+00  1.000E+02
  8.725E-05  8.750E-05  0.000E+00  1.000E+02
  8.750E-05  8.775E-05  0.000E+00  1.000E+02
  8.775E-05  8.800E-05  0.000E+00  1.000E+02
  8.800E-05  8.825E-05  0.000E+00  1.000E+02
  8.825E-05  8.850E-05  0.000E+00  1.000E+02
  8.850E-05  8.875E-05  0.000E+00  1.000E+02
  8.875E-05  8.900E-05  0.000E+00  1.000E+02
  8.900E-05  8.925E-05  0.000E+00  1.000E+02
  8.925E-05  8.950E-05  0.000E+00  1.000E+02
  8.950E-05  8.975E-05  0.000E+00  1.000E+02
  8.975E-05  9.000E-05  0.000E+00  1.000E+02
  9.000E-05  9.025E-05  0.000E+00  1.000E+02
  9.025E-05  9.050E-05  0.000E+00  1.000E+02
  9.050E-05  9.075E-05  0.000E+00  1.000E+02
  9.075E-05  9.100E-05  0.000E+00  1.000E+02
  9.100E-05  9.125E-05  0.000E+00  1.000E+02
  9.125E-05  9.150E-05  0.000E+00  1.000E+02
  9.150E-05  9.175E-05  0.000E+00  1.000E+02
  9.175E-05  9.200E-05  0.000E+00  1.000E+02
  9.200E-05  9.225E-05  0.000E+00  1.000E+02
  9.225E-05  9.250E-05  0.000E+00  1.000E+02
  9.250E-05  9.275E-05  0.000E+00  1.000E+02
  9.275E-05  9.300E-05  0.000E+00  1.000E+02
  9.300E-05  9.325E-05  0.000E+00  1.000E+02
  9.325E-05  9.350E-05  0.000E+00  1.000E+02
  9.350E-05  9.375E-05  0.000E+00  1.000E+02
  9.375E-05  9.400E-05  0.000E+00  1.000E+02
  9.400E-05  9.425E-05  0.000E+00  1.000E+02
  9.425E-05  9.450E-05  0.000E+00  1.000E+02
  9.450E-05  9.475E-05  0.000E+00  1.000E+02
  9.475E-05  9.500E-05  0.000E+00  1.000E+02
  9.500E-05  9.525E-05  0.000E+00  1.000E+02
  9.525E-05  9.550E-05  0.000E+00  1.000E+02
  9.550E-05  9.575E-05  0.000E+00  1.000E+02
  9.575E-05  9.600E-05  0.000E+00  1.000E+02
  9.600E-05  9.625E-05  0.000E+00  1.000E+02
  9.625E-05  9.650E-05  0.000E+00  1.000E+02
  9.650E-05  9.675E-05  0.000E+00  1.000E+02
  9.675E-05  9.700E-05  0.000E+00  1.000E+02
  9.700E-05  9.725E-05  0.000E+00  1.000E+02
  9.725E-05  9.750E-05  0.000E+00  1.000E+02
  9.750E-05  9.775E-05  0.000E+00  1.000E+02
  9.775E-05  9.800E-05  0.000E+00  1.000E+02
  9.800E-05  9.825E-05  0.000E+00  1.000E+02
  9.825E-05  9.850E-05  0.000E+00  1.000E+02
  9.850E-05  9.875E-05  0.000E+00  1.000E+02
  9.875E-05  9.900E-05  0.000E+00  1.000E+02
  9.900E-05  9.925E-05  0.000E+00  1.000E+02
  9.925E-05  9.950E-05  0.000E+00  1.000E+02
  9.950E-05  9.975E-05  0.000E+00  1.000E+02
  9.975E-05  1.000E-04  0.000E+00  1.000E+02
  1.000E-04  1.003E-04  0.000E+00  1.000E+02
  1.003E-04  1.005E-04  0.000E+00  1.000E+02
  1.005E-04  1.008E-04  0.000E+00  1.000E+02
  1.008E-04  1.010E-04  0.000E+00  1.000E+02
  1.010E-04  1.013E-04  0.000E+00  1.000E+02
  1.013E-04  1.015E-04  0.000E+00  1.000E+02
  1.015E-04  1.018E-04  0.000E+00  1.000E+02
  1.018E-04  1.020E-04  0.000E+00  1.000E+02
  1.020E-04  1.023E-04  0.000E+00  1.000E+02
  1.023E-04  1.025E-04  0.000E+00  1.000E+02
  1.025E-04  1.028E-04  0.000E+00  1.000E+02
  1.028E-04  1.030E-04  0.000E+00  1.000E+02
  1.030E-04  1.033E-04  0.000E+00  1.000E+02
  1.033E-04  1.035E-04  0.000E+00  1.000E+02
  1.035E-04  1.038E-04  0.000E+00  1.000E+02
  1.038E-04  1.040E-04  0.000E+00  1.000E+02
  1.040E-04  1.043E-04  0.000E+00  1.000E+02
  1.043E-04  1.045E-04  0.000E+00  1.000E+02
  1.045E-04  1.048E-04  0.000E+00  1.000E+02
  1.048E-04  1.050E-04  0.000E+00  1.000E+02
  1.050E-04  1.053E-04  0.000E+00  1.000E+02
  1.053E-04  1.055E-04  0.000E+00  1.000E+02
  1.055E-04  1.058E-04  0.000E+00  1.000E+02
  1.058E-04  1.060E-04  0.000E+00  1.000E+02
  1.060E-04  1.063E-04  0.000E+00  1.000E+02
  1.063E-04  1.065E-04  0.000E+00  1.000E+02
  1.065E-04  1.068E-04  0.000E+00  1.000E+02
  1.068E-04  1.070E-04  0.000E+00  1.000E+02
  1.070E-04  1.073E-04  0.000E+00  1.000E+02
  1.073E-04  1.075E-04  0.000E+00  1.000E+02
  1.075E-04  1.078E-04  0.000E+00  1.000E+02
  1.078E-04  1.080E-04  0.000E+00  1.000E+02
  1.080E-04  1.083E-04  0.000E+00  1.000E+02
  1.083E-04  1.085E-04  0.000E+00  1.000E+02
  1.085E-04  1.088E-04  0.000E+00  1.000E+02
  1.088E-04  1.090E-04  0.000E+00  1.000E+02
  1.090E-04  1.093E-04  0.000E+00  1.000E+02
  1.093E-04  1.095E-04  0.000E+00  1.000E+02
  1.095E-04  1.098E-04  0.000E+00  1.000E+02
  1.098E-04  1.100E-04  0.000E+00  1.000E+02
  1.100E-04  1.103E-04  0.000E+00  1.000E+02
  1.103E-04  1.105E-04  0.000E+00  1.000E+02
  1.105E-04  1.108E-04  0.000E+00  1.000E+02
  1.108E-04  1.110E-04  0.000E+00  1.000E+02
  1.110E-04  1.113E-04  0.000E+00  1.000E+02
  1.113E-04  1.115E-04  0.000E+00  1.000E+02
  1.115E-04  1.118E-04  0.000E+00  1.000E+02
  1.118E-04  1.120E-04  0.000E+00  1.000E+02
  1.120E-04  1.123E-04  0.000E+00  1.000E+02
  1.123E-04  1.125E-04  0.000E+00  1.000E+02
  1.125E-04  1.128E-04  0.000E+00  1.000E+02
  1.128E-04  1.130E-04  0.000E+00  1.000E+02
  1.130E-04  1.133E-04  0.000E+00  1.000E+02
  1.133E-04  1.135E-04  0.000E+00  1.000E+02
  1.135E-04  1.138E-04  0.000E+00  1.000E+02
  1.138E-04  1.140E-04  0.000E+00  1.000E+02
  1.140E-04  1.143E-04  0.000E+00  1.000E+02
  1.143E-04  1.145E-04  0.000E+00  1.000E+02
  1.145E-04  1.148E-04  0.000E+00  1.000E+02
  1.148E-04  1.150E-04  0.000E+00  1.000E+02
  1.150E-04  1.153E-04  0.000E+00  1.000E+02
  1.153E-04  1.155E-04  0.000E+00  1.000E+02
  1.155E-04  1.158E-04  0.000E+00  1.000E+02
  1.158E-04  1.160E-04  0.000E+00  1.000E+02
  1.160E-04  1.163E-04  0.000E+00  1.000E+02
  1.163E-04  1.165E-04  0.000E+00  1.000E+02
  1.165E-04  1.168E-04  0.000E+00  1.000E+02
  1.168E-04  1.170E-04  0.000E+00  1.000E+02
  1.170E-04  1.173E-04  0.000E+00  1.000E+02
  1.173E-04  1.175E-04  0.000E+00  1.000E+02
  1.175E-04  1.178E-04  0.000E+00  1.000E+02
  1.178E-04  1.180E-04  0.000E+00  1.000E+02
  1.180E-04  1.183E-04  0.000E+00  1.000E+02
  1.183E-04  1.185E-04  0.000E+00  1.000E+02
  1.185E-04  1.188E-04  0.000E+00  1.000E+02
  1.188E-04  1.190E-04  0.000E+00  1.000E+02
  1.190E-04  1.193E-04  0.000E+00  1.000E+02
  1.193E-04  1.195E-04  0.000E+00  1.000E+02
  1.195E-04  1.198E-04  0.000E+00  1.000E+02
  1.198E-04  1.200E-04  0.000E+00  1.000E+02
  1.200E-04  1.203E-04  0.000E+00  1.000E+02
  1.203E-04  1.205E-04  0.000E+00  1.000E+02
  1.205E-04  1.208E-04  0.000E+00  1.000E+02
  1.208E-04  1.210E-04  0.000E+00  1.000E+02
  1.210E-04  1.213E-04  0.000E+00  1.000E+02
  1.213E-04  1.215E-04  0.000E+00  1.000E+02
  1.215E-04  1.218E-04  0.000E+00  1.000E+02
  1.218E-04  1.220E-04  0.000E+00  1.000E+02
  1.220E-04  1.223E-04  0.000E+00  1.000E+02
  1.223E-04  1.225E-04  0.000E+00  1.000E+02
  1.225E-04  1.228E-04  0.000E+00  1.000E+02
  1.228E-04  1.230E-04  0.000E+00  1.000E+02
  1.230E-04  1.233E-04  0.000E+00  1.000E+02
  1.233E-04  1.235E-04  0.000E+00  1.000E+02
  1.235E-04  1.238E-04  0.000E+00  1.000E+02
  1.238E-04  1.240E-04  0.000E+00  1.000E+02
  1.240E-04  1.243E-04  0.000E+00  1.000E+02
  1.243E-04  1.245E-04  0.000E+00  1.000E+02
  1.245E-04  1.248E-04  0.000E+00  1.000E+02
  1.248E-04  1.250E-04  0.000E+00  1.000E+02
  1.250E-04  1.253E-04  0.000E+00  1.000E+02
  1.253E-04  1.255E-04  0.000E+00  1.000E+02
  1.255E-04  1.258E-04  0.000E+00  1.000E+02
  1.258E-04  1.260E-04  0.000E+00  1.000E+02
  1.260E-04  1.263E-04  0.000E+00  1.000E+02
  1.263E-04  1.265E-04  0.000E+00  1.000E+02
  1.265E-04  1.268E-04  0.000E+00  1.000E+02
  1.268E-04  1.270E-04  0.000E+00  1.000E+02
  1.270E-04  1.273E-04  0.000E+00  1.000E+02
  1.273E-04  1.275E-04  0.000E+00  1.000E+02
  1.275E-04  1.278E-04  0.000E+00  1.000E+02
  1.278E-04  1.280E-04  0.000E+00  1.000E+02
  1.280E-04  1.283E-04  0.000E+00  1.000E+02
  1.283E-04  1.285E-04  0.000E+00  1.000E+02
  1.285E-04  1.288E-04  0.000E+00  1.000E+02
  1.288E-04  1.290E-04  0.000E+00  1.000E+02
  1.290E-04  1.293E-04  0.000E+00  1.000E+02
  1.293E-04  1.295E-04  0.000E+00  1.000E+02
  1.295E-04  1.298E-04  0.000E+00  1.000E+02
  1.298E-04  1.300E-04  0.000E+00  1.000E+02
  1.300E-04  1.303E-04  0.000E+00  1.000E+02
  1.303E-04  1.305E-04  0.000E+00  1.000E+02
  1.305E-04  1.308E-04  0.000E+00  1.000E+02
  1.308E-04  1.310E-04  0.000E+00  1.000E+02
  1.310E-04  1.313E-04  0.000E+00  1.000E+02
  1.313E-04  1.315E-04  0.000E+00  1.000E+02
  1.315E-04  1.318E-04  0.000E+00  1.000E+02
  1.318E-04  1.320E-04  0.000E+00  1.000E+02
  1.320E-04  1.323E-04  0.000E+00  1.000E+02
  1.323E-04  1.325E-04  0.000E+00  1.000E+02
  1.325E-04  1.328E-04  0.000E+00  1.000E+02
  1.328E-04  1.330E-04  0.000E+00  1.000E+02
  1.330E-04  1.333E-04  0.000E+00  1.000E+02
  1.333E-04  1.335E-04  0.000E+00  1.000E+02
  1.335E-04  1.338E-04  0.000E+00  1.000E+02
  1.338E-04  1.340E-04  0.000E+00  1.000E+02
  1.340E-04  1.343E-04  0.000E+00  1.000E+02
  1.343E-04  1.345E-04  0.000E+00  1.000E+02
  1.345E-04  1.348E-04  0.000E+00  1.000E+02
  1.348E-04  1.350E-04  0.000E+00  1.000E+02
  1.350E-04  1.353E-04  0.000E+00  1.000E+02
  1.353E-04  1.355E-04  0.000E+00  1.000E+02
  1.355E-04  1.358E-04  0.000E+00  1.000E+02
  1.358E-04  1.360E-04  0.000E+00  1.000E+02
  1.360E-04  1.363E-04  0.000E+00  1.000E+02
  1.363E-04  1.365E-04  0.000E+00  1.000E+02
  1.365E-04  1.368E-04  0.000E+00  1.000E+02
  1.368E-04  1.370E-04  0.000E+00  1.000E+02
  1.370E-04  1.373E-04  0.000E+00  1.000E+02
  1.373E-04  1.375E-04  0.000E+00  1.000E+02
  1.375E-04  1.378E-04  0.000E+00  1.000E+02
  1.378E-04  1.380E-04  0.000E+00  1.000E+02
  1.380E-04  1.383E-04  0.000E+00  1.000E+02
  1.383E-04  1.385E-04  0.000E+00  1.000E+02
  1.385E-04  1.388E-04  0.000E+00  1.000E+02
  1.388E-04  1.390E-04  0.000E+00  1.000E+02
  1.390E-04  1.393E-04  0.000E+00  1.000E+02
  1.393E-04  1.395E-04  0.000E+00  1.000E+02
  1.395E-04  1.398E-04  0.000E+00  1.000E+02
  1.398E-04  1.400E-04  0.000E+00  1.000E+02
  1.400E-04  1.403E-04  0.000E+00  1.000E+02
  1.403E-04  1.405E-04  0.000E+00  1.000E+02
  1.405E-04  1.408E-04  0.000E+00  1.000E+02
  1.408E-04  1.410E-04  0.000E+00  1.000E+02
  1.410E-04  1.413E-04  0.000E+00  1.000E+02
  1.413E-04  1.415E-04  0.000E+00  1.000E+02
  1.415E-04  1.418E-04  0.000E+00  1.000E+02
  1.418E-04  1.420E-04  0.000E+00  1.000E+02
  1.420E-04  1.423E-04  0.000E+00  1.000E+02
  1.423E-04  1.425E-04  0.000E+00  1.000E+02
  1.425E-04  1.428E-04  0.000E+00  1.000E+02
  1.428E-04  1.430E-04  0.000E+00  1.000E+02
  1.430E-04  1.433E-04  0.000E+00  1.000E+02
  1.433E-04  1.435E-04  0.000E+00  1.000E+02
  1.435E-04  1.438E-04  0.000E+00  1.000E+02
  1.438E-04  1.440E-04  0.000E+00  1.000E+02
  1.440E-04  1.443E-04  0.000E+00  1.000E+02
  1.443E-04  1.445E-04  0.000E+00  1.000E+02
  1.445E-04  1.448E-04  0.000E+00  1.000E+02
  1.448E-04  1.450E-04  0.000E+00  1.000E+02
  1.450E-04  1.453E-04  0.000E+00  1.000E+02
  1.453E-04  1.455E-04  0.000E+00  1.000E+02
  1.455E-04  1.458E-04  0.000E+00  1.000E+02
  1.458E-04  1.460E-04  0.000E+00  1.000E+02
  1.460E-04  1.463E-04  0.000E+00  1.000E+02
  1.463E-04  1.465E-04  0.000E+00  1.000E+02
  1.465E-04  1.468E-04  0.000E+00  1.000E+02
  1.468E-04  1.470E-04  0.000E+00  1.000E+02
  1.470E-04  1.473E-04  0.000E+00  1.000E+02
  1.473E-04  1.475E-04  0.000E+00  1.000E+02
  1.475E-04  1.478E-04  0.000E+00  1.000E+02
  1.478E-04  1.480E-04  0.000E+00  1.000E+02
  1.480E-04  1.483E-04  0.000E+00  1.000E+02
  1.483E-04  1.485E-04  0.000E+00  1.000E+02
  1.485E-04  1.488E-04  0.000E+00  1.000E+02
  1.488E-04  1.490E-04  0.000E+00  1.000E+02
  1.490E-04  1.493E-04  0.000E+00  1.000E+02
  1.493E-04  1.495E-04  0.000E+00  1.000E+02
  1.495E-04  1.498E-04  0.000E+00  1.000E+02
  1.498E-04  1.500E-04  0.000E+00  1.000E+02
  1.500E-04  1.503E-04  0.000E+00  1.000E+02
  1.503E-04  1.505E-04  0.000E+00  1.000E+02
  1.505E-04  1.508E-04  0.000E+00  1.000E+02
  1.508E-04  1.510E-04  0.000E+00  1.000E+02
  1.510E-04  1.513E-04  0.000E+00  1.000E+02
  1.513E-04  1.515E-04  0.000E+00  1.000E+02
  1.515E-04  1.518E-04  0.000E+00  1.000E+02
  1.518E-04  1.520E-04  0.000E+00  1.000E+02
  1.520E-04  1.523E-04  0.000E+00  1.000E+02
  1.523E-04  1.525E-04  0.000E+00  1.000E+02
  1.525E-04  1.528E-04  0.000E+00  1.000E+02
  1.528E-04  1.530E-04  0.000E+00  1.000E+02
  1.530E-04  1.533E-04  0.000E+00  1.000E+02
  1.533E-04  1.535E-04  0.000E+00  1.000E+02
  1.535E-04  1.538E-04  0.000E+00  1.000E+02
  1.538E-04  1.540E-04  0.000E+00  1.000E+02
  1.540E-04  1.543E-04  0.000E+00  1.000E+02
  1.543E-04  1.545E-04  0.000E+00  1.000E+02
  1.545E-04  1.548E-04  0.000E+00  1.000E+02
  1.548E-04  1.550E-04  0.000E+00  1.000E+02
  1.550E-04  1.553E-04  0.000E+00  1.000E+02
  1.553E-04  1.555E-04  0.000E+00  1.000E+02
  1.555E-04  1.558E-04  0.000E+00  1.000E+02
  1.558E-04  1.560E-04  0.000E+00  1.000E+02
  1.560E-04  1.563E-04  0.000E+00  1.000E+02
  1.563E-04  1.565E-04  0.000E+00  1.000E+02
  1.565E-04  1.568E-04  0.000E+00  1.000E+02
  1.568E-04  1.570E-04  0.000E+00  1.000E+02
  1.570E-04  1.573E-04  0.000E+00  1.000E+02
  1.573E-04  1.575E-04  0.000E+00  1.000E+02
  1.575E-04  1.578E-04  0.000E+00  1.000E+02
  1.578E-04  1.580E-04  0.000E+00  1.000E+02
  1.580E-04  1.583E-04  0.000E+00  1.000E+02
  1.583E-04  1.585E-04  0.000E+00  1.000E+02
  1.585E-04  1.588E-04  0.000E+00  1.000E+02
  1.588E-04  1.590E-04  0.000E+00  1.000E+02
  1.590E-04  1.593E-04  0.000E+00  1.000E+02
  1.593E-04  1.595E-04  0.000E+00  1.000E+02
  1.595E-04  1.598E-04  0.000E+00  1.000E+02
  1.598E-04  1.600E-04  0.000E+00  1.000E+02
  1.600E-04  1.603E-04  0.000E+00  1.000E+02
  1.603E-04  1.605E-04  0.000E+00  1.000E+02
  1.605E-04  1.608E-04  0.000E+00  1.000E+02
  1.608E-04  1.610E-04  0.000E+00  1.000E+02
  1.610E-04  1.613E-04  0.000E+00  1.000E+02
  1.613E-04  1.615E-04  0.000E+00  1.000E+02
  1.615E-04  1.618E-04  0.000E+00  1.000E+02
  1.618E-04  1.620E-04  0.000E+00  1.000E+02
  1.620E-04  1.623E-04  0.000E+00  1.000E+02
  1.623E-04  1.625E-04  0.000E+00  1.000E+02
  1.625E-04  1.628E-04  0.000E+00  1.000E+02
  1.628E-04  1.630E-04  0.000E+00  1.000E+02
  1.630E-04  1.633E-04  0.000E+00  1.000E+02
  1.633E-04  1.635E-04  0.000E+00  1.000E+02
  1.635E-04  1.638E-04  0.000E+00  1.000E+02
  1.638E-04  1.640E-04  0.000E+00  1.000E+02
  1.640E-04  1.643E-04  0.000E+00  1.000E+02
  1.643E-04  1.645E-04  0.000E+00  1.000E+02
  1.645E-04  1.648E-04  0.000E+00  1.000E+02
  1.648E-04  1.650E-04  0.000E+00  1.000E+02
  1.650E-04  1.653E-04  0.000E+00  1.000E+02
  1.653E-04  1.655E-04  0.000E+00  1.000E+02
  1.655E-04  1.658E-04  0.000E+00  1.000E+02
  1.658E-04  1.660E-04  0.000E+00  1.000E+02
  1.660E-04  1.663E-04  0.000E+00  1.000E+02
  1.663E-04  1.665E-04  0.000E+00  1.000E+02
  1.665E-04  1.668E-04  0.000E+00  1.000E+02
  1.668E-04  1.670E-04  0.000E+00  1.000E+02
  1.670E-04  1.673E-04  0.000E+00  1.000E+02
  1.673E-04  1.675E-04  0.000E+00  1.000E+02
  1.675E-04  1.678E-04  0.000E+00  1.000E+02
  1.678E-04  1.680E-04  0.000E+00  1.000E+02
  1.680E-04  1.683E-04  0.000E+00  1.000E+02
  1.683E-04  1.685E-04  0.000E+00  1.000E+02
  1.685E-04  1.688E-04  0.000E+00  1.000E+02
  1.688E-04  1.690E-04  0.000E+00  1.000E+02
  1.690E-04  1.693E-04  0.000E+00  1.000E+02
  1.693E-04  1.695E-04  0.000E+00  1.000E+02
  1.695E-04  1.698E-04  0.000E+00  1.000E+02
  1.698E-04  1.700E-04  0.000E+00  1.000E+02
  1.700E-04  1.703E-04  0.000E+00  1.000E+02
  1.703E-04  1.705E-04  0.000E+00  1.000E+02
  1.705E-04  1.708E-04  0.000E+00  1.000E+02
  1.708E-04  1.710E-04  0.000E+00  1.000E+02
  1.710E-04  1.713E-04  0.000E+00  1.000E+02
  1.713E-04  1.715E-04  0.000E+00  1.000E+02
  1.715E-04  1.718E-04  0.000E+00  1.000E+02
  1.718E-04  1.720E-04  0.000E+00  1.000E+02
  1.720E-04  1.723E-04  0.000E+00  1.000E+02
  1.723E-04  1.725E-04  0.000E+00  1.000E+02
  1.725E-04  1.728E-04  0.000E+00  1.000E+02
  1.728E-04  1.730E-04  0.000E+00  1.000E+02
  1.730E-04  1.733E-04  0.000E+00  1.000E+02
  1.733E-04  1.735E-04  0.000E+00  1.000E+02
  1.735E-04  1.738E-04  0.000E+00  1.000E+02
  1.738E-04  1.740E-04  0.000E+00  1.000E+02
  1.740E-04  1.743E-04  0.000E+00  1.000E+02
  1.743E-04  1.745E-04  0.000E+00  1.000E+02
  1.745E-04  1.748E-04  0.000E+00  1.000E+02
  1.748E-04  1.750E-04  0.000E+00  1.000E+02
  1.750E-04  1.753E-04  0.000E+00  1.000E+02
  1.753E-04  1.755E-04  0.000E+00  1.000E+02
  1.755E-04  1.758E-04  0.000E+00  1.000E+02
  1.758E-04  1.760E-04  0.000E+00  1.000E+02
  1.760E-04  1.763E-04  0.000E+00  1.000E+02
  1.763E-04  1.765E-04  0.000E+00  1.000E+02
  1.765E-04  1.768E-04  0.000E+00  1.000E+02
  1.768E-04  1.770E-04  0.000E+00  1.000E+02
  1.770E-04  1.773E-04  0.000E+00  1.000E+02
  1.773E-04  1.775E-04  0.000E+00  1.000E+02
  1.775E-04  1.778E-04  0.000E+00  1.000E+02
  1.778E-04  1.780E-04  0.000E+00  1.000E+02
  1.780E-04  1.783E-04  0.000E+00  1.000E+02
  1.783E-04  1.785E-04  0.000E+00  1.000E+02
  1.785E-04  1.788E-04  0.000E+00  1.000E+02
  1.788E-04  1.790E-04  0.000E+00  1.000E+02
  1.790E-04  1.793E-04  0.000E+00  1.000E+02
  1.793E-04  1.795E-04  0.000E+00  1.000E+02
  1.795E-04  1.798E-04  0.000E+00  1.000E+02
  1.798E-04  1.800E-04  0.000E+00  1.000E+02
  1.800E-04  1.803E-04  0.000E+00  1.000E+02
  1.803E-04  1.805E-04  0.000E+00  1.000E+02
  1.805E-04  1.808E-04  0.000E+00  1.000E+02
  1.808E-04  1.810E-04  0.000E+00  1.000E+02
  1.810E-04  1.813E-04  0.000E+00  1.000E+02
  1.813E-04  1.815E-04  0.000E+00  1.000E+02
  1.815E-04  1.818E-04  0.000E+00  1.000E+02
  1.818E-04  1.820E-04  0.000E+00  1.000E+02
  1.820E-04  1.823E-04  0.000E+00  1.000E+02
  1.823E-04  1.825E-04  0.000E+00  1.000E+02
  1.825E-04  1.828E-04  0.000E+00  1.000E+02
  1.828E-04  1.830E-04  0.000E+00  1.000E+02
  1.830E-04  1.833E-04  0.000E+00  1.000E+02
  1.833E-04  1.835E-04  0.000E+00  1.000E+02
  1.835E-04  1.838E-04  0.000E+00  1.000E+02
  1.838E-04  1.840E-04  0.000E+00  1.000E+02
  1.840E-04  1.843E-04  0.000E+00  1.000E+02
  1.843E-04  1.845E-04  0.000E+00  1.000E+02
  1.845E-04  1.848E-04  0.000E+00  1.000E+02
  1.848E-04  1.850E-04  0.000E+00  1.000E+02
  1.850E-04  1.853E-04  0.000E+00  1.000E+02
  1.853E-04  1.855E-04  0.000E+00  1.000E+02
  1.855E-04  1.858E-04  0.000E+00  1.000E+02
  1.858E-04  1.860E-04  0.000E+00  1.000E+02
  1.860E-04  1.863E-04  0.000E+00  1.000E+02
  1.863E-04  1.865E-04  0.000E+00  1.000E+02
  1.865E-04  1.868E-04  0.000E+00  1.000E+02
  1.868E-04  1.870E-04  0.000E+00  1.000E+02
  1.870E-04  1.873E-04  0.000E+00  1.000E+02
  1.873E-04  1.875E-04  0.000E+00  1.000E+02
  1.875E-04  1.878E-04  0.000E+00  1.000E+02
  1.878E-04  1.880E-04  0.000E+00  1.000E+02
  1.880E-04  1.883E-04  0.000E+00  1.000E+02
  1.883E-04  1.885E-04  0.000E+00  1.000E+02
  1.885E-04  1.888E-04  0.000E+00  1.000E+02
  1.888E-04  1.890E-04  0.000E+00  1.000E+02
  1.890E-04  1.893E-04  0.000E+00  1.000E+02
  1.893E-04  1.895E-04  0.000E+00  1.000E+02
  1.895E-04  1.898E-04  0.000E+00  1.000E+02
  1.898E-04  1.900E-04  0.000E+00  1.000E+02
  1.900E-04  1.903E-04  0.000E+00  1.000E+02
  1.903E-04  1.905E-04  0.000E+00  1.000E+02
  1.905E-04  1.908E-04  0.000E+00  1.000E+02
  1.908E-04  1.910E-04  0.000E+00  1.000E+02
  1.910E-04  1.913E-04  0.000E+00  1.000E+02
  1.913E-04  1.915E-04  0.000E+00  1.000E+02
  1.915E-04  1.918E-04  0.000E+00  1.000E+02
  1.918E-04  1.920E-04  0.000E+00  1.000E+02
  1.920E-04  1.923E-04  0.000E+00  1.000E+02
  1.923E-04  1.925E-04  0.000E+00  1.000E+02
  1.925E-04  1.928E-04  0.000E+00  1.000E+02
  1.928E-04  1.930E-04  0.000E+00  1.000E+02
  1.930E-04  1.933E-04  0.000E+00  1.000E+02
  1.933E-04  1.935E-04  0.000E+00  1.000E+02
  1.935E-04  1.938E-04  0.000E+00  1.000E+02
  1.938E-04  1.940E-04  0.000E+00  1.000E+02
  1.940E-04  1.943E-04  0.000E+00  1.000E+02
  1.943E-04  1.945E-04  0.000E+00  1.000E+02
  1.945E-04  1.948E-04  0.000E+00  1.000E+02
  1.948E-04  1.950E-04  0.000E+00  1.000E+02
  1.950E-04  1.953E-04  0.000E+00  1.000E+02
  1.953E-04  1.955E-04  0.000E+00  1.000E+02
  1.955E-04  1.958E-04  0.000E+00  1.000E+02
  1.958E-04  1.960E-04  0.000E+00  1.000E+02
  1.960E-04  1.963E-04  0.000E+00  1.000E+02
  1.963E-04  1.965E-04  0.000E+00  1.000E+02
  1.965E-04  1.968E-04  0.000E+00  1.000E+02
  1.968E-04  1.970E-04  0.000E+00  1.000E+02
  1.970E-04  1.973E-04  0.000E+00  1.000E+02
  1.973E-04  1.975E-04  0.000E+00  1.000E+02
  1.975E-04  1.978E-04  0.000E+00  1.000E+02
  1.978E-04  1.980E-04  0.000E+00  1.000E+02
  1.980E-04  1.983E-04  0.000E+00  1.000E+02
  1.983E-04  1.985E-04  0.000E+00  1.000E+02
  1.985E-04  1.988E-04  0.000E+00  1.000E+02
  1.988E-04  1.990E-04  0.000E+00  1.000E+02
  1.990E-04  1.993E-04  0.000E+00  1.000E+02
  1.993E-04  1.995E-04  0.000E+00  1.000E+02
  1.995E-04  1.998E-04  0.000E+00  1.000E+02
  1.998E-04  2.000E-04  0.000E+00  1.000E+02
  2.000E-04  2.003E-04  0.000E+00  1.000E+02
  2.003E-04  2.005E-04  0.000E+00  1.000E+02
  2.005E-04  2.008E-04  0.000E+00  1.000E+02
  2.008E-04  2.010E-04  0.000E+00  1.000E+02
  2.010E-04  2.013E-04  0.000E+00  1.000E+02
  2.013E-04  2.015E-04  0.000E+00  1.000E+02
  2.015E-04  2.018E-04  0.000E+00  1.000E+02
  2.018E-04  2.020E-04  0.000E+00  1.000E+02
  2.020E-04  2.023E-04  0.000E+00  1.000E+02
  2.023E-04  2.025E-04  0.000E+00  1.000E+02
  2.025E-04  2.028E-04  0.000E+00  1.000E+02
  2.028E-04  2.030E-04  0.000E+00  1.000E+02
  2.030E-04  2.033E-04  0.000E+00  1.000E+02
  2.033E-04  2.035E-04  0.000E+00  1.000E+02
  2.035E-04  2.038E-04  0.000E+00  1.000E+02
  2.038E-04  2.040E-04  0.000E+00  1.000E+02
  2.040E-04  2.043E-04  0.000E+00  1.000E+02
  2.043E-04  2.045E-04  0.000E+00  1.000E+02
  2.045E-04  2.048E-04  0.000E+00  1.000E+02
  2.048E-04  2.050E-04  0.000E+00  1.000E+02
  2.050E-04  2.053E-04  0.000E+00  1.000E+02
  2.053E-04  2.055E-04  0.000E+00  1.000E+02
  2.055E-04  2.058E-04  0.000E+00  1.000E+02
  2.058E-04  2.060E-04  0.000E+00  1.000E+02
  2.060E-04  2.063E-04  0.000E+00  1.000E+02
  2.063E-04  2.065E-04  0.000E+00  1.000E+02
  2.065E-04  2.068E-04  0.000E+00  1.000E+02
  2.068E-04  2.070E-04  0.000E+00  1.000E+02
  2.070E-04  2.073E-04  0.000E+00  1.000E+02
  2.073E-04  2.075E-04  0.000E+00  1.000E+02
  2.075E-04  2.078E-04  0.000E+00  1.000E+02
  2.078E-04  2.080E-04  0.000E+00  1.000E+02
  2.080E-04  2.083E-04  0.000E+00  1.000E+02
  2.083E-04  2.085E-04  0.000E+00  1.000E+02
  2.085E-04  2.088E-04  0.000E+00  1.000E+02
  2.088E-04  2.090E-04  0.000E+00  1.000E+02
  2.090E-04  2.093E-04  0.000E+00  1.000E+02
  2.093E-04  2.095E-04  0.000E+00  1.000E+02
  2.095E-04  2.098E-04  0.000E+00  1.000E+02
  2.098E-04  2.100E-04  0.000E+00  1.000E+02
  2.100E-04  2.103E-04  0.000E+00  1.000E+02
  2.103E-04  2.105E-04  0.000E+00  1.000E+02
  2.105E-04  2.108E-04  0.000E+00  1.000E+02
  2.108E-04  2.110E-04  0.000E+00  1.000E+02
  2.110E-04  2.113E-04  0.000E+00  1.000E+02
  2.113E-04  2.115E-04  0.000E+00  1.000E+02
  2.115E-04  2.118E-04  0.000E+00  1.000E+02
  2.118E-04  2.120E-04  0.000E+00  1.000E+02
  2.120E-04  2.123E-04  0.000E+00  1.000E+02
  2.123E-04  2.125E-04  0.000E+00  1.000E+02
  2.125E-04  2.128E-04  0.000E+00  1.000E+02
  2.128E-04  2.130E-04  0.000E+00  1.000E+02
  2.130E-04  2.133E-04  0.000E+00  1.000E+02
  2.133E-04  2.135E-04  0.000E+00  1.000E+02
  2.135E-04  2.138E-04  0.000E+00  1.000E+02
  2.138E-04  2.140E-04  0.000E+00  1.000E+02
  2.140E-04  2.143E-04  0.000E+00  1.000E+02
  2.143E-04  2.145E-04  0.000E+00  1.000E+02
  2.145E-04  2.148E-04  0.000E+00  1.000E+02
  2.148E-04  2.150E-04  0.000E+00  1.000E+02
  2.150E-04  2.153E-04  0.000E+00  1.000E+02
  2.153E-04  2.155E-04  0.000E+00  1.000E+02
  2.155E-04  2.158E-04  0.000E+00  1.000E+02
  2.158E-04  2.160E-04  0.000E+00  1.000E+02
  2.160E-04  2.163E-04  0.000E+00  1.000E+02
  2.163E-04  2.165E-04  0.000E+00  1.000E+02
  2.165E-04  2.168E-04  0.000E+00  1.000E+02
  2.168E-04  2.170E-04  0.000E+00  1.000E+02
  2.170E-04  2.173E-04  0.000E+00  1.000E+02
  2.173E-04  2.175E-04  0.000E+00  1.000E+02
  2.175E-04  2.178E-04  0.000E+00  1.000E+02
  2.178E-04  2.180E-04  0.000E+00  1.000E+02
  2.180E-04  2.183E-04  0.000E+00  1.000E+02
  2.183E-04  2.185E-04  0.000E+00  1.000E+02
  2.185E-04  2.188E-04  0.000E+00  1.000E+02
  2.188E-04  2.190E-04  0.000E+00  1.000E+02
  2.190E-04  2.193E-04  0.000E+00  1.000E+02
  2.193E-04  2.195E-04  0.000E+00  1.000E+02
  2.195E-04  2.198E-04  0.000E+00  1.000E+02
  2.198E-04  2.200E-04  0.000E+00  1.000E+02
  2.200E-04  2.203E-04  0.000E+00  1.000E+02
  2.203E-04  2.205E-04  0.000E+00  1.000E+02
  2.205E-04  2.208E-04  0.000E+00  1.000E+02
  2.208E-04  2.210E-04  0.000E+00  1.000E+02
  2.210E-04  2.213E-04  0.000E+00  1.000E+02
  2.213E-04  2.215E-04  0.000E+00  1.000E+02
  2.215E-04  2.218E-04  0.000E+00  1.000E+02
  2.218E-04  2.220E-04  0.000E+00  1.000E+02
  2.220E-04  2.223E-04  0.000E+00  1.000E+02
  2.223E-04  2.225E-04  0.000E+00  1.000E+02
  2.225E-04  2.228E-04  0.000E+00  1.000E+02
  2.228E-04  2.230E-04  0.000E+00  1.000E+02
  2.230E-04  2.233E-04  0.000E+00  1.000E+02
  2.233E-04  2.235E-04  0.000E+00  1.000E+02
  2.235E-04  2.238E-04  0.000E+00  1.000E+02
  2.238E-04  2.240E-04  0.000E+00  1.000E+02
  2.240E-04  2.243E-04  0.000E+00  1.000E+02
  2.243E-04  2.245E-04  0.000E+00  1.000E+02
  2.245E-04  2.248E-04  0.000E+00  1.000E+02
  2.248E-04  2.250E-04  0.000E+00  1.000E+02
  2.250E-04  2.253E-04  0.000E+00  1.000E+02
  2.253E-04  2.255E-04  0.000E+00  1.000E+02
  2.255E-04  2.258E-04  0.000E+00  1.000E+02
  2.258E-04  2.260E-04  0.000E+00  1.000E+02
  2.260E-04  2.263E-04  0.000E+00  1.000E+02
  2.263E-04  2.265E-04  0.000E+00  1.000E+02
  2.265E-04  2.268E-04  0.000E+00  1.000E+02
  2.268E-04  2.270E-04  0.000E+00  1.000E+02
  2.270E-04  2.273E-04  0.000E+00  1.000E+02
  2.273E-04  2.275E-04  0.000E+00  1.000E+02
  2.275E-04  2.278E-04  0.000E+00  1.000E+02
  2.278E-04  2.280E-04  0.000E+00  1.000E+02
  2.280E-04  2.283E-04  0.000E+00  1.000E+02
  2.283E-04  2.285E-04  0.000E+00  1.000E+02
  2.285E-04  2.288E-04  0.000E+00  1.000E+02
  2.288E-04  2.290E-04  0.000E+00  1.000E+02
  2.290E-04  2.293E-04  0.000E+00  1.000E+02
  2.293E-04  2.295E-04  0.000E+00  1.000E+02
  2.295E-04  2.298E-04  0.000E+00  1.000E+02
  2.298E-04  2.300E-04  0.000E+00  1.000E+02
  2.300E-04  2.303E-04  0.000E+00  1.000E+02
  2.303E-04  2.305E-04  0.000E+00  1.000E+02
  2.305E-04  2.308E-04  0.000E+00  1.000E+02
  2.308E-04  2.310E-04  0.000E+00  1.000E+02
  2.310E-04  2.313E-04  0.000E+00  1.000E+02
  2.313E-04  2.315E-04  0.000E+00  1.000E+02
  2.315E-04  2.318E-04  0.000E+00  1.000E+02
  2.318E-04  2.320E-04  0.000E+00  1.000E+02
  2.320E-04  2.323E-04  0.000E+00  1.000E+02
  2.323E-04  2.325E-04  0.000E+00  1.000E+02
  2.325E-04  2.328E-04  0.000E+00  1.000E+02
  2.328E-04  2.330E-04  0.000E+00  1.000E+02
  2.330E-04  2.333E-04  0.000E+00  1.000E+02
  2.333E-04  2.335E-04  0.000E+00  1.000E+02
  2.335E-04  2.338E-04  0.000E+00  1.000E+02
  2.338E-04  2.340E-04  0.000E+00  1.000E+02
  2.340E-04  2.343E-04  0.000E+00  1.000E+02
  2.343E-04  2.345E-04  0.000E+00  1.000E+02
  2.345E-04  2.348E-04  0.000E+00  1.000E+02
  2.348E-04  2.350E-04  0.000E+00  1.000E+02
  2.350E-04  2.353E-04  0.000E+00  1.000E+02
  2.353E-04  2.355E-04  0.000E+00  1.000E+02
  2.355E-04  2.358E-04  0.000E+00  1.000E+02
  2.358E-04  2.360E-04  0.000E+00  1.000E+02
  2.360E-04  2.363E-04  0.000E+00  1.000E+02
  2.363E-04  2.365E-04  0.000E+00  1.000E+02
  2.365E-04  2.368E-04  0.000E+00  1.000E+02
  2.368E-04  2.370E-04  0.000E+00  1.000E+02
  2.370E-04  2.373E-04  0.000E+00  1.000E+02
  2.373E-04  2.375E-04  0.000E+00  1.000E+02
  2.375E-04  2.378E-04  0.000E+00  1.000E+02
  2.378E-04  2.380E-04  0.000E+00  1.000E+02
  2.380E-04  2.383E-04  0.000E+00  1.000E+02
  2.383E-04  2.385E-04  0.000E+00  1.000E+02
  2.385E-04  2.388E-04  0.000E+00  1.000E+02
  2.388E-04  2.390E-04  0.000E+00  1.000E+02
  2.390E-04  2.393E-04  0.000E+00  1.000E+02
  2.393E-04  2.395E-04  0.000E+00  1.000E+02
  2.395E-04  2.398E-04  0.000E+00  1.000E+02
  2.398E-04  2.400E-04  0.000E+00  1.000E+02
  2.400E-04  2.403E-04  0.000E+00  1.000E+02
  2.403E-04  2.405E-04  0.000E+00  1.000E+02
  2.405E-04  2.408E-04  0.000E+00  1.000E+02
  2.408E-04  2.410E-04  0.000E+00  1.000E+02
  2.410E-04  2.413E-04  0.000E+00  1.000E+02
  2.413E-04  2.415E-04  0.000E+00  1.000E+02
  2.415E-04  2.418E-04  0.000E+00  1.000E+02
  2.418E-04  2.420E-04  0.000E+00  1.000E+02
  2.420E-04  2.423E-04  0.000E+00  1.000E+02
  2.423E-04  2.425E-04  0.000E+00  1.000E+02
  2.425E-04  2.428E-04  0.000E+00  1.000E+02
  2.428E-04  2.430E-04  0.000E+00  1.000E+02
  2.430E-04  2.433E-04  0.000E+00  1.000E+02
  2.433E-04  2.435E-04  0.000E+00  1.000E+02
  2.435E-04  2.438E-04  0.000E+00  1.000E+02
  2.438E-04  2.440E-04  0.000E+00  1.000E+02
  2.440E-04  2.443E-04  0.000E+00  1.000E+02
  2.443E-04  2.445E-04  0.000E+00  1.000E+02
  2.445E-04  2.448E-04  0.000E+00  1.000E+02
  2.448E-04  2.450E-04  0.000E+00  1.000E+02
  2.450E-04  2.453E-04  0.000E+00  1.000E+02
  2.453E-04  2.455E-04  0.000E+00  1.000E+02
  2.455E-04  2.458E-04  0.000E+00  1.000E+02
  2.458E-04  2.460E-04  0.000E+00  1.000E+02
  2.460E-04  2.463E-04  0.000E+00  1.000E+02
  2.463E-04  2.465E-04  0.000E+00  1.000E+02
  2.465E-04  2.468E-04  0.000E+00  1.000E+02
  2.468E-04  2.470E-04  0.000E+00  1.000E+02
  2.470E-04  2.473E-04  0.000E+00  1.000E+02
  2.473E-04  2.475E-04  0.000E+00  1.000E+02
  2.475E-04  2.478E-04  0.000E+00  1.000E+02
  2.478E-04  2.480E-04  0.000E+00  1.000E+02
  2.480E-04  2.483E-04  0.000E+00  1.000E+02
  2.483E-04  2.485E-04  0.000E+00  1.000E+02
  2.485E-04  2.488E-04  0.000E+00  1.000E+02
  2.488E-04  2.490E-04  0.000E+00  1.000E+02
  2.490E-04  2.493E-04  0.000E+00  1.000E+02
  2.493E-04  2.495E-04  0.000E+00  1.000E+02
  2.495E-04  2.498E-04  0.000E+00  1.000E+02
  2.498E-04  2.500E-04  0.000E+00  1.000E+02
  2.500E-04  2.503E-04  0.000E+00  1.000E+02
  2.503E-04  2.505E-04  0.000E+00  1.000E+02
  2.505E-04  2.508E-04  0.000E+00  1.000E+02
  2.508E-04  2.510E-04  0.000E+00  1.000E+02
  2.510E-04  2.513E-04  0.000E+00  1.000E+02
  2.513E-04  2.515E-04  0.000E+00  1.000E+02
  2.515E-04  2.518E-04  0.000E+00  1.000E+02
  2.518E-04  2.520E-04  0.000E+00  1.000E+02
  2.520E-04  2.523E-04  0.000E+00  1.000E+02
  2.523E-04  2.525E-04  0.000E+00  1.000E+02
  2.525E-04  2.528E-04  0.000E+00  1.000E+02
  2.528E-04  2.530E-04  0.000E+00  1.000E+02
  2.530E-04  2.533E-04  0.000E+00  1.000E+02
  2.533E-04  2.535E-04  0.000E+00  1.000E+02
  2.535E-04  2.538E-04  0.000E+00  1.000E+02
  2.538E-04  2.540E-04  0.000E+00  1.000E+02
  2.540E-04  2.543E-04  0.000E+00  1.000E+02
  2.543E-04  2.545E-04  0.000E+00  1.000E+02
  2.545E-04  2.548E-04  0.000E+00  1.000E+02
  2.548E-04  2.550E-04  0.000E+00  1.000E+02
  2.550E-04  2.553E-04  0.000E+00  1.000E+02
  2.553E-04  2.555E-04  0.000E+00  1.000E+02
  2.555E-04  2.558E-04  0.000E+00  1.000E+02
  2.558E-04  2.560E-04  0.000E+00  1.000E+02
  2.560E-04  2.563E-04  0.000E+00  1.000E+02
  2.563E-04  2.565E-04  0.000E+00  1.000E+02
  2.565E-04  2.568E-04  0.000E+00  1.000E+02
  2.568E-04  2.570E-04  0.000E+00  1.000E+02
  2.570E-04  2.573E-04  0.000E+00  1.000E+02
  2.573E-04  2.575E-04  0.000E+00  1.000E+02
  2.575E-04  2.578E-04  0.000E+00  1.000E+02
  2.578E-04  2.580E-04  0.000E+00  1.000E+02
  2.580E-04  2.583E-04  0.000E+00  1.000E+02
  2.583E-04  2.585E-04  0.000E+00  1.000E+02
  2.585E-04  2.588E-04  0.000E+00  1.000E+02
  2.588E-04  2.590E-04  0.000E+00  1.000E+02
  2.590E-04  2.593E-04  0.000E+00  1.000E+02
  2.593E-04  2.595E-04  0.000E+00  1.000E+02
  2.595E-04  2.598E-04  0.000E+00  1.000E+02
  2.598E-04  2.600E-04  0.000E+00  1.000E+02
  2.600E-04  2.603E-04  0.000E+00  1.000E+02
  2.603E-04  2.605E-04  0.000E+00  1.000E+02
  2.605E-04  2.608E-04  0.000E+00  1.000E+02
  2.608E-04  2.610E-04  0.000E+00  1.000E+02
  2.610E-04  2.613E-04  0.000E+00  1.000E+02
  2.613E-04  2.615E-04  0.000E+00  1.000E+02
  2.615E-04  2.618E-04  0.000E+00  1.000E+02
  2.618E-04  2.620E-04  0.000E+00  1.000E+02
  2.620E-04  2.623E-04  0.000E+00  1.000E+02
  2.623E-04  2.625E-04  0.000E+00  1.000E+02
  2.625E-04  2.628E-04  0.000E+00  1.000E+02
  2.628E-04  2.630E-04  0.000E+00  1.000E+02
  2.630E-04  2.633E-04  0.000E+00  1.000E+02
  2.633E-04  2.635E-04  0.000E+00  1.000E+02
  2.635E-04  2.638E-04  0.000E+00  1.000E+02
  2.638E-04  2.640E-04  0.000E+00  1.000E+02
  2.640E-04  2.643E-04  0.000E+00  1.000E+02
  2.643E-04  2.645E-04  0.000E+00  1.000E+02
  2.645E-04  2.648E-04  0.000E+00  1.000E+02
  2.648E-04  2.650E-04  0.000E+00  1.000E+02
  2.650E-04  2.653E-04  0.000E+00  1.000E+02
  2.653E-04  2.655E-04  0.000E+00  1.000E+02
  2.655E-04  2.658E-04  0.000E+00  1.000E+02
  2.658E-04  2.660E-04  0.000E+00  1.000E+02
  2.660E-04  2.663E-04  0.000E+00  1.000E+02
  2.663E-04  2.665E-04  0.000E+00  1.000E+02
  2.665E-04  2.668E-04  0.000E+00  1.000E+02
  2.668E-04  2.670E-04  0.000E+00  1.000E+02
  2.670E-04  2.673E-04  0.000E+00  1.000E+02
  2.673E-04  2.675E-04  0.000E+00  1.000E+02
  2.675E-04  2.678E-04  0.000E+00  1.000E+02
  2.678E-04  2.680E-04  0.000E+00  1.000E+02
  2.680E-04  2.683E-04  0.000E+00  1.000E+02
  2.683E-04  2.685E-04  0.000E+00  1.000E+02
  2.685E-04  2.688E-04  0.000E+00  1.000E+02
  2.688E-04  2.690E-04  0.000E+00  1.000E+02
  2.690E-04  2.693E-04  0.000E+00  1.000E+02
  2.693E-04  2.695E-04  0.000E+00  1.000E+02
  2.695E-04  2.698E-04  0.000E+00  1.000E+02
  2.698E-04  2.700E-04  0.000E+00  1.000E+02
  2.700E-04  2.703E-04  0.000E+00  1.000E+02
  2.703E-04  2.705E-04  0.000E+00  1.000E+02
  2.705E-04  2.708E-04  0.000E+00  1.000E+02
  2.708E-04  2.710E-04  0.000E+00  1.000E+02
  2.710E-04  2.713E-04  0.000E+00  1.000E+02
  2.713E-04  2.715E-04  0.000E+00  1.000E+02
  2.715E-04  2.718E-04  0.000E+00  1.000E+02
  2.718E-04  2.720E-04  0.000E+00  1.000E+02
  2.720E-04  2.723E-04  0.000E+00  1.000E+02
  2.723E-04  2.725E-04  0.000E+00  1.000E+02
  2.725E-04  2.728E-04  0.000E+00  1.000E+02
  2.728E-04  2.730E-04  0.000E+00  1.000E+02
  2.730E-04  2.733E-04  0.000E+00  1.000E+02
  2.733E-04  2.735E-04  0.000E+00  1.000E+02
  2.735E-04  2.738E-04  0.000E+00  1.000E+02
  2.738E-04  2.740E-04  0.000E+00  1.000E+02
  2.740E-04  2.743E-04  0.000E+00  1.000E+02
  2.743E-04  2.745E-04  0.000E+00  1.000E+02
  2.745E-04  2.748E-04  0.000E+00  1.000E+02
  2.748E-04  2.750E-04  0.000E+00  1.000E+02
  2.750E-04  2.753E-04  0.000E+00  1.000E+02
  2.753E-04  2.755E-04  0.000E+00  1.000E+02
  2.755E-04  2.758E-04  0.000E+00  1.000E+02
  2.758E-04  2.760E-04  0.000E+00  1.000E+02
  2.760E-04  2.763E-04  0.000E+00  1.000E+02
  2.763E-04  2.765E-04  0.000E+00  1.000E+02
  2.765E-04  2.768E-04  0.000E+00  1.000E+02
  2.768E-04  2.770E-04  0.000E+00  1.000E+02
  2.770E-04  2.773E-04  0.000E+00  1.000E+02
  2.773E-04  2.775E-04  0.000E+00  1.000E+02
  2.775E-04  2.778E-04  0.000E+00  1.000E+02
  2.778E-04  2.780E-04  0.000E+00  1.000E+02
  2.780E-04  2.783E-04  0.000E+00  1.000E+02
  2.783E-04  2.785E-04  0.000E+00  1.000E+02
  2.785E-04  2.788E-04  0.000E+00  1.000E+02
  2.788E-04  2.790E-04  0.000E+00  1.000E+02
  2.790E-04  2.793E-04  0.000E+00  1.000E+02
  2.793E-04  2.795E-04  0.000E+00  1.000E+02
  2.795E-04  2.798E-04  0.000E+00  1.000E+02
  2.798E-04  2.800E-04  0.000E+00  1.000E+02
  2.800E-04  2.803E-04  0.000E+00  1.000E+02
  2.803E-04  2.805E-04  0.000E+00  1.000E+02
  2.805E-04  2.808E-04  0.000E+00  1.000E+02
  2.808E-04  2.810E-04  0.000E+00  1.000E+02
  2.810E-04  2.813E-04  0.000E+00  1.000E+02
  2.813E-04  2.815E-04  0.000E+00  1.000E+02
  2.815E-04  2.818E-04  0.000E+00  1.000E+02
  2.818E-04  2.820E-04  0.000E+00  1.000E+02
  2.820E-04  2.823E-04  0.000E+00  1.000E+02
  2.823E-04  2.825E-04  0.000E+00  1.000E+02
  2.825E-04  2.828E-04  0.000E+00  1.000E+02
  2.828E-04  2.830E-04  0.000E+00  1.000E+02
  2.830E-04  2.833E-04  0.000E+00  1.000E+02
  2.833E-04  2.835E-04  0.000E+00  1.000E+02
  2.835E-04  2.838E-04  0.000E+00  1.000E+02
  2.838E-04  2.840E-04  0.000E+00  1.000E+02
  2.840E-04  2.843E-04  0.000E+00  1.000E+02
  2.843E-04  2.845E-04  0.000E+00  1.000E+02
  2.845E-04  2.848E-04  0.000E+00  1.000E+02
  2.848E-04  2.850E-04  0.000E+00  1.000E+02
  2.850E-04  2.853E-04  0.000E+00  1.000E+02
  2.853E-04  2.855E-04  0.000E+00  1.000E+02
  2.855E-04  2.858E-04  0.000E+00  1.000E+02
  2.858E-04  2.860E-04  0.000E+00  1.000E+02
  2.860E-04  2.863E-04  0.000E+00  1.000E+02
  2.863E-04  2.865E-04  0.000E+00  1.000E+02
  2.865E-04  2.868E-04  0.000E+00  1.000E+02
  2.868E-04  2.870E-04  0.000E+00  1.000E+02
  2.870E-04  2.873E-04  0.000E+00  1.000E+02
  2.873E-04  2.875E-04  0.000E+00  1.000E+02
  2.875E-04  2.878E-04  0.000E+00  1.000E+02
  2.878E-04  2.880E-04  0.000E+00  1.000E+02
  2.880E-04  2.883E-04  0.000E+00  1.000E+02
  2.883E-04  2.885E-04  0.000E+00  1.000E+02
  2.885E-04  2.888E-04  0.000E+00  1.000E+02
  2.888E-04  2.890E-04  0.000E+00  1.000E+02
  2.890E-04  2.893E-04  0.000E+00  1.000E+02
  2.893E-04  2.895E-04  0.000E+00  1.000E+02
  2.895E-04  2.898E-04  0.000E+00  1.000E+02
  2.898E-04  2.900E-04  0.000E+00  1.000E+02
  2.900E-04  2.903E-04  0.000E+00  1.000E+02
  2.903E-04  2.905E-04  0.000E+00  1.000E+02
  2.905E-04  2.908E-04  0.000E+00  1.000E+02
  2.908E-04  2.910E-04  0.000E+00  1.000E+02
  2.910E-04  2.913E-04  0.000E+00  1.000E+02
  2.913E-04  2.915E-04  0.000E+00  1.000E+02
  2.915E-04  2.918E-04  0.000E+00  1.000E+02
  2.918E-04  2.920E-04  0.000E+00  1.000E+02
  2.920E-04  2.923E-04  0.000E+00  1.000E+02
  2.923E-04  2.925E-04  0.000E+00  1.000E+02
  2.925E-04  2.928E-04  0.000E+00  1.000E+02
  2.928E-04  2.930E-04  0.000E+00  1.000E+02
  2.930E-04  2.933E-04  0.000E+00  1.000E+02
  2.933E-04  2.935E-04  0.000E+00  1.000E+02
  2.935E-04  2.938E-04  0.000E+00  1.000E+02
  2.938E-04  2.940E-04  0.000E+00  1.000E+02
  2.940E-04  2.943E-04  0.000E+00  1.000E+02
  2.943E-04  2.945E-04  0.000E+00  1.000E+02
  2.945E-04  2.948E-04  0.000E+00  1.000E+02
  2.948E-04  2.950E-04  0.000E+00  1.000E+02
  2.950E-04  2.953E-04  0.000E+00  1.000E+02
  2.953E-04  2.955E-04  0.000E+00  1.000E+02
  2.955E-04  2.958E-04  0.000E+00  1.000E+02
  2.958E-04  2.960E-04  0.000E+00  1.000E+02
  2.960E-04  2.963E-04  0.000E+00  1.000E+02
  2.963E-04  2.965E-04  0.000E+00  1.000E+02
  2.965E-04  2.968E-04  0.000E+00  1.000E+02
  2.968E-04  2.970E-04  0.000E+00  1.000E+02
  2.970E-04  2.973E-04  0.000E+00  1.000E+02
  2.973E-04  2.975E-04  0.000E+00  1.000E+02
  2.975E-04  2.978E-04  0.000E+00  1.000E+02
  2.978E-04  2.980E-04  0.000E+00  1.000E+02
  2.980E-04  2.983E-04  0.000E+00  1.000E+02
  2.983E-04  2.985E-04  0.000E+00  1.000E+02
  2.985E-04  2.988E-04  0.000E+00  1.000E+02
  2.988E-04  2.990E-04  0.000E+00  1.000E+02
  2.990E-04  2.993E-04  0.000E+00  1.000E+02
  2.993E-04  2.995E-04  0.000E+00  1.000E+02
  2.995E-04  2.998E-04  0.000E+00  1.000E+02
  2.998E-04  3.000E-04  0.000E+00  1.000E+02
  3.000E-04  3.003E-04  0.000E+00  1.000E+02
  3.003E-04  3.005E-04  0.000E+00  1.000E+02
  3.005E-04  3.008E-04  0.000E+00  1.000E+02
  3.008E-04  3.010E-04  0.000E+00  1.000E+02
  3.010E-04  3.013E-04  0.000E+00  1.000E+02
  3.013E-04  3.015E-04  0.000E+00  1.000E+02
  3.015E-04  3.018E-04  0.000E+00  1.000E+02
  3.018E-04  3.020E-04  0.000E+00  1.000E+02
  3.020E-04  3.023E-04  0.000E+00  1.000E+02
  3.023E-04  3.025E-04  0.000E+00  1.000E+02
  3.025E-04  3.028E-04  0.000E+00  1.000E+02
  3.028E-04  3.030E-04  0.000E+00  1.000E+02
  3.030E-04  3.033E-04  0.000E+00  1.000E+02
  3.033E-04  3.035E-04  0.000E+00  1.000E+02
  3.035E-04  3.038E-04  0.000E+00  1.000E+02
  3.038E-04  3.040E-04  0.000E+00  1.000E+02
  3.040E-04  3.043E-04  0.000E+00  1.000E+02
  3.043E-04  3.045E-04  0.000E+00  1.000E+02
  3.045E-04  3.048E-04  0.000E+00  1.000E+02
  3.048E-04  3.050E-04  0.000E+00  1.000E+02
  3.050E-04  3.053E-04  0.000E+00  1.000E+02
  3.053E-04  3.055E-04  0.000E+00  1.000E+02
  3.055E-04  3.058E-04  0.000E+00  1.000E+02
  3.058E-04  3.060E-04  0.000E+00  1.000E+02
  3.060E-04  3.063E-04  0.000E+00  1.000E+02
  3.063E-04  3.065E-04  0.000E+00  1.000E+02
  3.065E-04  3.068E-04  0.000E+00  1.000E+02
  3.068E-04  3.070E-04  0.000E+00  1.000E+02
  3.070E-04  3.073E-04  0.000E+00  1.000E+02
  3.073E-04  3.075E-04  0.000E+00  1.000E+02
  3.075E-04  3.078E-04  0.000E+00  1.000E+02
  3.078E-04  3.080E-04  0.000E+00  1.000E+02
  3.080E-04  3.083E-04  0.000E+00  1.000E+02
  3.083E-04  3.085E-04  0.000E+00  1.000E+02
  3.085E-04  3.088E-04  0.000E+00  1.000E+02
  3.088E-04  3.090E-04  0.000E+00  1.000E+02
  3.090E-04  3.093E-04  0.000E+00  1.000E+02
  3.093E-04  3.095E-04  0.000E+00  1.000E+02
  3.095E-04  3.098E-04  0.000E+00  1.000E+02
  3.098E-04  3.100E-04  0.000E+00  1.000E+02
  3.100E-04  3.103E-04  0.000E+00  1.000E+02
  3.103E-04  3.105E-04  0.000E+00  1.000E+02
  3.105E-04  3.108E-04  0.000E+00  1.000E+02
  3.108E-04  3.110E-04  0.000E+00  1.000E+02
  3.110E-04  3.113E-04  0.000E+00  1.000E+02
  3.113E-04  3.115E-04  0.000E+00  1.000E+02
  3.115E-04  3.118E-04  0.000E+00  1.000E+02
  3.118E-04  3.120E-04  0.000E+00  1.000E+02
  3.120E-04  3.123E-04  0.000E+00  1.000E+02
  3.123E-04  3.125E-04  0.000E+00  1.000E+02
  3.125E-04  3.128E-04  0.000E+00  1.000E+02
  3.128E-04  3.130E-04  0.000E+00  1.000E+02
  3.130E-04  3.133E-04  0.000E+00  1.000E+02
  3.133E-04  3.135E-04  0.000E+00  1.000E+02
  3.135E-04  3.138E-04  0.000E+00  1.000E+02
  3.138E-04  3.140E-04  0.000E+00  1.000E+02
  3.140E-04  3.143E-04  0.000E+00  1.000E+02
  3.143E-04  3.145E-04  0.000E+00  1.000E+02
  3.145E-04  3.148E-04  0.000E+00  1.000E+02
  3.148E-04  3.150E-04  0.000E+00  1.000E+02
  3.150E-04  3.153E-04  0.000E+00  1.000E+02
  3.153E-04  3.155E-04  0.000E+00  1.000E+02
  3.155E-04  3.158E-04  0.000E+00  1.000E+02
  3.158E-04  3.160E-04  0.000E+00  1.000E+02
  3.160E-04  3.163E-04  0.000E+00  1.000E+02
  3.163E-04  3.165E-04  0.000E+00  1.000E+02
  3.165E-04  3.168E-04  0.000E+00  1.000E+02
  3.168E-04  3.170E-04  0.000E+00  1.000E+02
  3.170E-04  3.173E-04  0.000E+00  1.000E+02
  3.173E-04  3.175E-04  0.000E+00  1.000E+02
  3.175E-04  3.178E-04  0.000E+00  1.000E+02
  3.178E-04  3.180E-04  0.000E+00  1.000E+02
  3.180E-04  3.183E-04  0.000E+00  1.000E+02
  3.183E-04  3.185E-04  0.000E+00  1.000E+02
  3.185E-04  3.188E-04  0.000E+00  1.000E+02
  3.188E-04  3.190E-04  0.000E+00  1.000E+02
  3.190E-04  3.193E-04  0.000E+00  1.000E+02
  3.193E-04  3.195E-04  0.000E+00  1.000E+02
  3.195E-04  3.198E-04  0.000E+00  1.000E+02
  3.198E-04  3.200E-04  0.000E+00  1.000E+02
  3.200E-04  3.203E-04  0.000E+00  1.000E+02
  3.203E-04  3.205E-04  0.000E+00  1.000E+02
  3.205E-04  3.208E-04  0.000E+00  1.000E+02
  3.208E-04  3.210E-04  0.000E+00  1.000E+02
  3.210E-04  3.213E-04  0.000E+00  1.000E+02
  3.213E-04  3.215E-04  0.000E+00  1.000E+02
  3.215E-04  3.218E-04  0.000E+00  1.000E+02
  3.218E-04  3.220E-04  0.000E+00  1.000E+02
  3.220E-04  3.223E-04  0.000E+00  1.000E+02
  3.223E-04  3.225E-04  0.000E+00  1.000E+02
  3.225E-04  3.228E-04  0.000E+00  1.000E+02
  3.228E-04  3.230E-04  0.000E+00  1.000E+02
  3.230E-04  3.233E-04  0.000E+00  1.000E+02
  3.233E-04  3.235E-04  0.000E+00  1.000E+02
  3.235E-04  3.238E-04  0.000E+00  1.000E+02
  3.238E-04  3.240E-04  0.000E+00  1.000E+02
  3.240E-04  3.243E-04  0.000E+00  1.000E+02
  3.243E-04  3.245E-04  0.000E+00  1.000E+02
  3.245E-04  3.248E-04  0.000E+00  1.000E+02
  3.248E-04  3.250E-04  0.000E+00  1.000E+02
  3.250E-04  3.253E-04  0.000E+00  1.000E+02
  3.253E-04  3.255E-04  0.000E+00  1.000E+02
  3.255E-04  3.258E-04  0.000E+00  1.000E+02
  3.258E-04  3.260E-04  0.000E+00  1.000E+02
  3.260E-04  3.263E-04  0.000E+00  1.000E+02
  3.263E-04  3.265E-04  0.000E+00  1.000E+02
  3.265E-04  3.268E-04  0.000E+00  1.000E+02
  3.268E-04  3.270E-04  0.000E+00  1.000E+02
  3.270E-04  3.273E-04  0.000E+00  1.000E+02
  3.273E-04  3.275E-04  0.000E+00  1.000E+02
  3.275E-04  3.278E-04  0.000E+00  1.000E+02
  3.278E-04  3.280E-04  0.000E+00  1.000E+02
  3.280E-04  3.283E-04  0.000E+00  1.000E+02
  3.283E-04  3.285E-04  0.000E+00  1.000E+02
  3.285E-04  3.288E-04  0.000E+00  1.000E+02
  3.288E-04  3.290E-04  0.000E+00  1.000E+02
  3.290E-04  3.293E-04  0.000E+00  1.000E+02
  3.293E-04  3.295E-04  0.000E+00  1.000E+02
  3.295E-04  3.298E-04  0.000E+00  1.000E+02
  3.298E-04  3.300E-04  0.000E+00  1.000E+02
  3.300E-04  3.303E-04  0.000E+00  1.000E+02
  3.303E-04  3.305E-04  0.000E+00  1.000E+02
  3.305E-04  3.308E-04  0.000E+00  1.000E+02
  3.308E-04  3.310E-04  0.000E+00  1.000E+02
  3.310E-04  3.313E-04  0.000E+00  1.000E+02
  3.313E-04  3.315E-04  0.000E+00  1.000E+02
  3.315E-04  3.318E-04  0.000E+00  1.000E+02
  3.318E-04  3.320E-04  0.000E+00  1.000E+02
  3.320E-04  3.323E-04  0.000E+00  1.000E+02
  3.323E-04  3.325E-04  0.000E+00  1.000E+02
  3.325E-04  3.328E-04  0.000E+00  1.000E+02
  3.328E-04  3.330E-04  0.000E+00  1.000E+02
  3.330E-04  3.333E-04  0.000E+00  1.000E+02
  3.333E-04  3.335E-04  0.000E+00  1.000E+02
  3.335E-04  3.338E-04  0.000E+00  1.000E+02
  3.338E-04  3.340E-04  0.000E+00  1.000E+02
  3.340E-04  3.343E-04  0.000E+00  1.000E+02
  3.343E-04  3.345E-04  0.000E+00  1.000E+02
  3.345E-04  3.348E-04  0.000E+00  1.000E+02
  3.348E-04  3.350E-04  0.000E+00  1.000E+02
  3.350E-04  3.353E-04  0.000E+00  1.000E+02
  3.353E-04  3.355E-04  0.000E+00  1.000E+02
  3.355E-04  3.358E-04  0.000E+00  1.000E+02
  3.358E-04  3.360E-04  0.000E+00  1.000E+02
  3.360E-04  3.363E-04  0.000E+00  1.000E+02
  3.363E-04  3.365E-04  0.000E+00  1.000E+02
  3.365E-04  3.368E-04  0.000E+00  1.000E+02
  3.368E-04  3.370E-04  0.000E+00  1.000E+02
  3.370E-04  3.373E-04  0.000E+00  1.000E+02
  3.373E-04  3.375E-04  0.000E+00  1.000E+02
  3.375E-04  3.378E-04  0.000E+00  1.000E+02
  3.378E-04  3.380E-04  0.000E+00  1.000E+02
  3.380E-04  3.383E-04  0.000E+00  1.000E+02
  3.383E-04  3.385E-04  0.000E+00  1.000E+02
  3.385E-04  3.388E-04  0.000E+00  1.000E+02
  3.388E-04  3.390E-04  0.000E+00  1.000E+02
  3.390E-04  3.393E-04  0.000E+00  1.000E+02
  3.393E-04  3.395E-04  0.000E+00  1.000E+02
  3.395E-04  3.398E-04  0.000E+00  1.000E+02
  3.398E-04  3.400E-04  0.000E+00  1.000E+02
  3.400E-04  3.403E-04  0.000E+00  1.000E+02
  3.403E-04  3.405E-04  0.000E+00  1.000E+02
  3.405E-04  3.408E-04  0.000E+00  1.000E+02
  3.408E-04  3.410E-04  0.000E+00  1.000E+02
  3.410E-04  3.413E-04  0.000E+00  1.000E+02
  3.413E-04  3.415E-04  0.000E+00  1.000E+02
  3.415E-04  3.418E-04  0.000E+00  1.000E+02
  3.418E-04  3.420E-04  0.000E+00  1.000E+02
  3.420E-04  3.423E-04  0.000E+00  1.000E+02
  3.423E-04  3.425E-04  0.000E+00  1.000E+02
  3.425E-04  3.428E-04  0.000E+00  1.000E+02
  3.428E-04  3.430E-04  0.000E+00  1.000E+02
  3.430E-04  3.433E-04  0.000E+00  1.000E+02
  3.433E-04  3.435E-04  0.000E+00  1.000E+02
  3.435E-04  3.438E-04  0.000E+00  1.000E+02
  3.438E-04  3.440E-04  0.000E+00  1.000E+02
  3.440E-04  3.443E-04  0.000E+00  1.000E+02
  3.443E-04  3.445E-04  0.000E+00  1.000E+02
  3.445E-04  3.448E-04  0.000E+00  1.000E+02
  3.448E-04  3.450E-04  0.000E+00  1.000E+02
  3.450E-04  3.453E-04  0.000E+00  1.000E+02
  3.453E-04  3.455E-04  0.000E+00  1.000E+02
  3.455E-04  3.458E-04  0.000E+00  1.000E+02
  3.458E-04  3.460E-04  0.000E+00  1.000E+02
  3.460E-04  3.463E-04  0.000E+00  1.000E+02
  3.463E-04  3.465E-04  0.000E+00  1.000E+02
  3.465E-04  3.468E-04  0.000E+00  1.000E+02
  3.468E-04  3.470E-04  0.000E+00  1.000E+02
  3.470E-04  3.473E-04  0.000E+00  1.000E+02
  3.473E-04  3.475E-04  0.000E+00  1.000E+02
  3.475E-04  3.478E-04  0.000E+00  1.000E+02
  3.478E-04  3.480E-04  0.000E+00  1.000E+02
  3.480E-04  3.483E-04  0.000E+00  1.000E+02
  3.483E-04  3.485E-04  0.000E+00  1.000E+02
  3.485E-04  3.488E-04  0.000E+00  1.000E+02
  3.488E-04  3.490E-04  0.000E+00  1.000E+02
  3.490E-04  3.493E-04  0.000E+00  1.000E+02
  3.493E-04  3.495E-04  0.000E+00  1.000E+02
  3.495E-04  3.498E-04  0.000E+00  1.000E+02
  3.498E-04  3.500E-04  0.000E+00  1.000E+02
  3.500E-04  3.503E-04  0.000E+00  1.000E+02
  3.503E-04  3.505E-04  0.000E+00  1.000E+02
  3.505E-04  3.508E-04  0.000E+00  1.000E+02
  3.508E-04  3.510E-04  0.000E+00  1.000E+02
  3.510E-04  3.513E-04  0.000E+00  1.000E+02
  3.513E-04  3.515E-04  0.000E+00  1.000E+02
  3.515E-04  3.518E-04  0.000E+00  1.000E+02
  3.518E-04  3.520E-04  0.000E+00  1.000E+02
  3.520E-04  3.523E-04  0.000E+00  1.000E+02
  3.523E-04  3.525E-04  0.000E+00  1.000E+02
  3.525E-04  3.528E-04  0.000E+00  1.000E+02
  3.528E-04  3.530E-04  0.000E+00  1.000E+02
  3.530E-04  3.533E-04  0.000E+00  1.000E+02
  3.533E-04  3.535E-04  0.000E+00  1.000E+02
  3.535E-04  3.538E-04  0.000E+00  1.000E+02
  3.538E-04  3.540E-04  0.000E+00  1.000E+02
  3.540E-04  3.543E-04  0.000E+00  1.000E+02
  3.543E-04  3.545E-04  0.000E+00  1.000E+02
  3.545E-04  3.548E-04  0.000E+00  1.000E+02
  3.548E-04  3.550E-04  0.000E+00  1.000E+02
  3.550E-04  3.553E-04  0.000E+00  1.000E+02
  3.553E-04  3.555E-04  0.000E+00  1.000E+02
  3.555E-04  3.558E-04  0.000E+00  1.000E+02
  3.558E-04  3.560E-04  0.000E+00  1.000E+02
  3.560E-04  3.563E-04  0.000E+00  1.000E+02
  3.563E-04  3.565E-04  0.000E+00  1.000E+02
  3.565E-04  3.568E-04  0.000E+00  1.000E+02
  3.568E-04  3.570E-04  0.000E+00  1.000E+02
  3.570E-04  3.573E-04  0.000E+00  1.000E+02
  3.573E-04  3.575E-04  0.000E+00  1.000E+02
  3.575E-04  3.578E-04  0.000E+00  1.000E+02
  3.578E-04  3.580E-04  0.000E+00  1.000E+02
  3.580E-04  3.583E-04  0.000E+00  1.000E+02
  3.583E-04  3.585E-04  0.000E+00  1.000E+02
  3.585E-04  3.588E-04  0.000E+00  1.000E+02
  3.588E-04  3.590E-04  0.000E+00  1.000E+02
  3.590E-04  3.593E-04  0.000E+00  1.000E+02
  3.593E-04  3.595E-04  0.000E+00  1.000E+02
  3.595E-04  3.598E-04  0.000E+00  1.000E+02
  3.598E-04  3.600E-04  0.000E+00  1.000E+02
  3.600E-04  3.603E-04  0.000E+00  1.000E+02
  3.603E-04  3.605E-04  0.000E+00  1.000E+02
  3.605E-04  3.608E-04  0.000E+00  1.000E+02
  3.608E-04  3.610E-04  0.000E+00  1.000E+02
  3.610E-04  3.613E-04  0.000E+00  1.000E+02
  3.613E-04  3.615E-04  0.000E+00  1.000E+02
  3.615E-04  3.618E-04  0.000E+00  1.000E+02
  3.618E-04  3.620E-04  0.000E+00  1.000E+02
  3.620E-04  3.623E-04  0.000E+00  1.000E+02
  3.623E-04  3.625E-04  0.000E+00  1.000E+02
  3.625E-04  3.628E-04  0.000E+00  1.000E+02
  3.628E-04  3.630E-04  0.000E+00  1.000E+02
  3.630E-04  3.633E-04  0.000E+00  1.000E+02
  3.633E-04  3.635E-04  0.000E+00  1.000E+02
  3.635E-04  3.638E-04  0.000E+00  1.000E+02
  3.638E-04  3.640E-04  0.000E+00  1.000E+02
  3.640E-04  3.643E-04  0.000E+00  1.000E+02
  3.643E-04  3.645E-04  0.000E+00  1.000E+02
  3.645E-04  3.648E-04  0.000E+00  1.000E+02
  3.648E-04  3.650E-04  0.000E+00  1.000E+02
  3.650E-04  3.653E-04  0.000E+00  1.000E+02
  3.653E-04  3.655E-04  0.000E+00  1.000E+02
  3.655E-04  3.658E-04  0.000E+00  1.000E+02
  3.658E-04  3.660E-04  0.000E+00  1.000E+02
  3.660E-04  3.663E-04  0.000E+00  1.000E+02
  3.663E-04  3.665E-04  0.000E+00  1.000E+02
  3.665E-04  3.668E-04  0.000E+00  1.000E+02
  3.668E-04  3.670E-04  0.000E+00  1.000E+02
  3.670E-04  3.673E-04  0.000E+00  1.000E+02
  3.673E-04  3.675E-04  0.000E+00  1.000E+02
  3.675E-04  3.678E-04  0.000E+00  1.000E+02
  3.678E-04  3.680E-04  0.000E+00  1.000E+02
  3.680E-04  3.683E-04  0.000E+00  1.000E+02
  3.683E-04  3.685E-04  0.000E+00  1.000E+02
  3.685E-04  3.688E-04  0.000E+00  1.000E+02
  3.688E-04  3.690E-04  0.000E+00  1.000E+02
  3.690E-04  3.693E-04  0.000E+00  1.000E+02
  3.693E-04  3.695E-04  0.000E+00  1.000E+02
  3.695E-04  3.698E-04  0.000E+00  1.000E+02
  3.698E-04  3.700E-04  0.000E+00  1.000E+02
  3.700E-04  3.703E-04  0.000E+00  1.000E+02
  3.703E-04  3.705E-04  0.000E+00  1.000E+02
  3.705E-04  3.708E-04  0.000E+00  1.000E+02
  3.708E-04  3.710E-04  0.000E+00  1.000E+02
  3.710E-04  3.713E-04  0.000E+00  1.000E+02
  3.713E-04  3.715E-04  0.000E+00  1.000E+02
  3.715E-04  3.718E-04  0.000E+00  1.000E+02
  3.718E-04  3.720E-04  0.000E+00  1.000E+02
  3.720E-04  3.723E-04  0.000E+00  1.000E+02
  3.723E-04  3.725E-04  0.000E+00  1.000E+02
  3.725E-04  3.728E-04  0.000E+00  1.000E+02
  3.728E-04  3.730E-04  0.000E+00  1.000E+02
  3.730E-04  3.733E-04  0.000E+00  1.000E+02
  3.733E-04  3.735E-04  0.000E+00  1.000E+02
  3.735E-04  3.738E-04  0.000E+00  1.000E+02
  3.738E-04  3.740E-04  0.000E+00  1.000E+02
  3.740E-04  3.743E-04  0.000E+00  1.000E+02
  3.743E-04  3.745E-04  0.000E+00  1.000E+02
  3.745E-04  3.748E-04  0.000E+00  1.000E+02
  3.748E-04  3.750E-04  0.000E+00  1.000E+02
  3.750E-04  3.753E-04  0.000E+00  1.000E+02
  3.753E-04  3.755E-04  0.000E+00  1.000E+02
  3.755E-04  3.758E-04  0.000E+00  1.000E+02
  3.758E-04  3.760E-04  0.000E+00  1.000E+02
  3.760E-04  3.763E-04  0.000E+00  1.000E+02
  3.763E-04  3.765E-04  0.000E+00  1.000E+02
  3.765E-04  3.768E-04  0.000E+00  1.000E+02
  3.768E-04  3.770E-04  0.000E+00  1.000E+02
  3.770E-04  3.773E-04  0.000E+00  1.000E+02
  3.773E-04  3.775E-04  0.000E+00  1.000E+02
  3.775E-04  3.778E-04  0.000E+00  1.000E+02
  3.778E-04  3.780E-04  0.000E+00  1.000E+02
  3.780E-04  3.783E-04  0.000E+00  1.000E+02
  3.783E-04  3.785E-04  0.000E+00  1.000E+02
  3.785E-04  3.788E-04  0.000E+00  1.000E+02
  3.788E-04  3.790E-04  0.000E+00  1.000E+02
  3.790E-04  3.793E-04  0.000E+00  1.000E+02
  3.793E-04  3.795E-04  0.000E+00  1.000E+02
  3.795E-04  3.798E-04  0.000E+00  1.000E+02
  3.798E-04  3.800E-04  0.000E+00  1.000E+02
  3.800E-04  3.803E-04  0.000E+00  1.000E+02
  3.803E-04  3.805E-04  0.000E+00  1.000E+02
  3.805E-04  3.808E-04  0.000E+00  1.000E+02
  3.808E-04  3.810E-04  0.000E+00  1.000E+02
  3.810E-04  3.813E-04  0.000E+00  1.000E+02
  3.813E-04  3.815E-04  0.000E+00  1.000E+02
  3.815E-04  3.818E-04  0.000E+00  1.000E+02
  3.818E-04  3.820E-04  0.000E+00  1.000E+02
  3.820E-04  3.823E-04  0.000E+00  1.000E+02
  3.823E-04  3.825E-04  0.000E+00  1.000E+02
  3.825E-04  3.828E-04  0.000E+00  1.000E+02
  3.828E-04  3.830E-04  0.000E+00  1.000E+02
  3.830E-04  3.833E-04  0.000E+00  1.000E+02
  3.833E-04  3.835E-04  0.000E+00  1.000E+02
  3.835E-04  3.838E-04  0.000E+00  1.000E+02
  3.838E-04  3.840E-04  0.000E+00  1.000E+02
  3.840E-04  3.843E-04  0.000E+00  1.000E+02
  3.843E-04  3.845E-04  0.000E+00  1.000E+02
  3.845E-04  3.848E-04  0.000E+00  1.000E+02
  3.848E-04  3.850E-04  0.000E+00  1.000E+02
  3.850E-04  3.853E-04  0.000E+00  1.000E+02
  3.853E-04  3.855E-04  0.000E+00  1.000E+02
  3.855E-04  3.858E-04  0.000E+00  1.000E+02
  3.858E-04  3.860E-04  0.000E+00  1.000E+02
  3.860E-04  3.863E-04  0.000E+00  1.000E+02
  3.863E-04  3.865E-04  0.000E+00  1.000E+02
  3.865E-04  3.868E-04  0.000E+00  1.000E+02
  3.868E-04  3.870E-04  0.000E+00  1.000E+02
  3.870E-04  3.873E-04  0.000E+00  1.000E+02
  3.873E-04  3.875E-04  0.000E+00  1.000E+02
  3.875E-04  3.878E-04  0.000E+00  1.000E+02
  3.878E-04  3.880E-04  0.000E+00  1.000E+02
  3.880E-04  3.883E-04  0.000E+00  1.000E+02
  3.883E-04  3.885E-04  0.000E+00  1.000E+02
  3.885E-04  3.888E-04  0.000E+00  1.000E+02
  3.888E-04  3.890E-04  0.000E+00  1.000E+02
  3.890E-04  3.893E-04  0.000E+00  1.000E+02
  3.893E-04  3.895E-04  0.000E+00  1.000E+02
  3.895E-04  3.898E-04  0.000E+00  1.000E+02
  3.898E-04  3.900E-04  0.000E+00  1.000E+02
  3.900E-04  3.903E-04  0.000E+00  1.000E+02
  3.903E-04  3.905E-04  0.000E+00  1.000E+02
  3.905E-04  3.908E-04  0.000E+00  1.000E+02
  3.908E-04  3.910E-04  0.000E+00  1.000E+02
  3.910E-04  3.913E-04  0.000E+00  1.000E+02
  3.913E-04  3.915E-04  0.000E+00  1.000E+02
  3.915E-04  3.918E-04  0.000E+00  1.000E+02
  3.918E-04  3.920E-04  0.000E+00  1.000E+02
  3.920E-04  3.923E-04  0.000E+00  1.000E+02
  3.923E-04  3.925E-04  0.000E+00  1.000E+02
  3.925E-04  3.928E-04  0.000E+00  1.000E+02
  3.928E-04  3.930E-04  0.000E+00  1.000E+02
  3.930E-04  3.933E-04  0.000E+00  1.000E+02
  3.933E-04  3.935E-04  0.000E+00  1.000E+02
  3.935E-04  3.938E-04  0.000E+00  1.000E+02
  3.938E-04  3.940E-04  0.000E+00  1.000E+02
  3.940E-04  3.943E-04  0.000E+00  1.000E+02
  3.943E-04  3.945E-04  0.000E+00  1.000E+02
  3.945E-04  3.948E-04  0.000E+00  1.000E+02
  3.948E-04  3.950E-04  0.000E+00  1.000E+02
  3.950E-04  3.953E-04  0.000E+00  1.000E+02
  3.953E-04  3.955E-04  0.000E+00  1.000E+02
  3.955E-04  3.958E-04  0.000E+00  1.000E+02
  3.958E-04  3.960E-04  0.000E+00  1.000E+02
  3.960E-04  3.963E-04  0.000E+00  1.000E+02
  3.963E-04  3.965E-04  0.000E+00  1.000E+02
  3.965E-04  3.968E-04  0.000E+00  1.000E+02
  3.968E-04  3.970E-04  0.000E+00  1.000E+02
  3.970E-04  3.973E-04  0.000E+00  1.000E+02
  3.973E-04  3.975E-04  0.000E+00  1.000E+02
  3.975E-04  3.978E-04  0.000E+00  1.000E+02
  3.978E-04  3.980E-04  0.000E+00  1.000E+02
  3.980E-04  3.983E-04  0.000E+00  1.000E+02
  3.983E-04  3.985E-04  0.000E+00  1.000E+02
  3.985E-04  3.988E-04  0.000E+00  1.000E+02
  3.988E-04  3.990E-04  0.000E+00  1.000E+02
  3.990E-04  3.993E-04  0.000E+00  1.000E+02
  3.993E-04  3.995E-04  0.000E+00  1.000E+02
  3.995E-04  3.998E-04  0.000E+00  1.000E+02
  3.998E-04  4.000E-04  0.000E+00  1.000E+02
  4.000E-04  4.003E-04  0.000E+00  1.000E+02
  4.003E-04  4.005E-04  0.000E+00  1.000E+02
  4.005E-04  4.008E-04  0.000E+00  1.000E+02
  4.008E-04  4.010E-04  0.000E+00  1.000E+02
  4.010E-04  4.013E-04  0.000E+00  1.000E+02
  4.013E-04  4.015E-04  0.000E+00  1.000E+02
  4.015E-04  4.018E-04  0.000E+00  1.000E+02
  4.018E-04  4.020E-04  0.000E+00  1.000E+02
  4.020E-04  4.023E-04  0.000E+00  1.000E+02
  4.023E-04  4.025E-04  0.000E+00  1.000E+02
  4.025E-04  4.028E-04  0.000E+00  1.000E+02
  4.028E-04  4.030E-04  0.000E+00  1.000E+02
  4.030E-04  4.033E-04  0.000E+00  1.000E+02
  4.033E-04  4.035E-04  0.000E+00  1.000E+02
  4.035E-04  4.038E-04  0.000E+00  1.000E+02
  4.038E-04  4.040E-04  0.000E+00  1.000E+02
  4.040E-04  4.043E-04  0.000E+00  1.000E+02
  4.043E-04  4.045E-04  0.000E+00  1.000E+02
  4.045E-04  4.048E-04  0.000E+00  1.000E+02
  4.048E-04  4.050E-04  0.000E+00  1.000E+02
  4.050E-04  4.053E-04  0.000E+00  1.000E+02
  4.053E-04  4.055E-04  0.000E+00  1.000E+02
  4.055E-04  4.058E-04  0.000E+00  1.000E+02
  4.058E-04  4.060E-04  0.000E+00  1.000E+02
  4.060E-04  4.063E-04  0.000E+00  1.000E+02
  4.063E-04  4.065E-04  0.000E+00  1.000E+02
  4.065E-04  4.068E-04  0.000E+00  1.000E+02
  4.068E-04  4.070E-04  0.000E+00  1.000E+02
  4.070E-04  4.073E-04  0.000E+00  1.000E+02
  4.073E-04  4.075E-04  0.000E+00  1.000E+02
  4.075E-04  4.078E-04  0.000E+00  1.000E+02
  4.078E-04  4.080E-04  0.000E+00  1.000E+02
  4.080E-04  4.083E-04  0.000E+00  1.000E+02
  4.083E-04  4.085E-04  0.000E+00  1.000E+02
  4.085E-04  4.088E-04  0.000E+00  1.000E+02
  4.088E-04  4.090E-04  0.000E+00  1.000E+02
  4.090E-04  4.093E-04  0.000E+00  1.000E+02
  4.093E-04  4.095E-04  0.000E+00  1.000E+02
  4.095E-04  4.098E-04  0.000E+00  1.000E+02
  4.098E-04  4.100E-04  0.000E+00  1.000E+02
  4.100E-04  4.103E-04  0.000E+00  1.000E+02
  4.103E-04  4.105E-04  0.000E+00  1.000E+02
  4.105E-04  4.108E-04  0.000E+00  1.000E+02
  4.108E-04  4.110E-04  0.000E+00  1.000E+02
  4.110E-04  4.113E-04  0.000E+00  1.000E+02
  4.113E-04  4.115E-04  0.000E+00  1.000E+02
  4.115E-04  4.118E-04  0.000E+00  1.000E+02
  4.118E-04  4.120E-04  0.000E+00  1.000E+02
  4.120E-04  4.123E-04  0.000E+00  1.000E+02
  4.123E-04  4.125E-04  0.000E+00  1.000E+02
  4.125E-04  4.128E-04  0.000E+00  1.000E+02
  4.128E-04  4.130E-04  0.000E+00  1.000E+02
  4.130E-04  4.133E-04  0.000E+00  1.000E+02
  4.133E-04  4.135E-04  0.000E+00  1.000E+02
  4.135E-04  4.138E-04  0.000E+00  1.000E+02
  4.138E-04  4.140E-04  0.000E+00  1.000E+02
  4.140E-04  4.143E-04  0.000E+00  1.000E+02
  4.143E-04  4.145E-04  0.000E+00  1.000E+02
  4.145E-04  4.148E-04  0.000E+00  1.000E+02
  4.148E-04  4.150E-04  0.000E+00  1.000E+02
  4.150E-04  4.153E-04  0.000E+00  1.000E+02
  4.153E-04  4.155E-04  0.000E+00  1.000E+02
  4.155E-04  4.158E-04  0.000E+00  1.000E+02
  4.158E-04  4.160E-04  0.000E+00  1.000E+02
  4.160E-04  4.163E-04  0.000E+00  1.000E+02
  4.163E-04  4.165E-04  0.000E+00  1.000E+02
  4.165E-04  4.168E-04  0.000E+00  1.000E+02
  4.168E-04  4.170E-04  0.000E+00  1.000E+02
  4.170E-04  4.173E-04  0.000E+00  1.000E+02
  4.173E-04  4.175E-04  0.000E+00  1.000E+02
  4.175E-04  4.178E-04  0.000E+00  1.000E+02
  4.178E-04  4.180E-04  0.000E+00  1.000E+02
  4.180E-04  4.183E-04  0.000E+00  1.000E+02
  4.183E-04  4.185E-04  0.000E+00  1.000E+02
  4.185E-04  4.188E-04  0.000E+00  1.000E+02
  4.188E-04  4.190E-04  0.000E+00  1.000E+02
  4.190E-04  4.193E-04  0.000E+00  1.000E+02
  4.193E-04  4.195E-04  0.000E+00  1.000E+02
  4.195E-04  4.198E-04  0.000E+00  1.000E+02
  4.198E-04  4.200E-04  0.000E+00  1.000E+02
  4.200E-04  4.203E-04  0.000E+00  1.000E+02
  4.203E-04  4.205E-04  0.000E+00  1.000E+02
  4.205E-04  4.208E-04  0.000E+00  1.000E+02
  4.208E-04  4.210E-04  0.000E+00  1.000E+02
  4.210E-04  4.213E-04  0.000E+00  1.000E+02
  4.213E-04  4.215E-04  0.000E+00  1.000E+02
  4.215E-04  4.218E-04  0.000E+00  1.000E+02
  4.218E-04  4.220E-04  0.000E+00  1.000E+02
  4.220E-04  4.223E-04  0.000E+00  1.000E+02
  4.223E-04  4.225E-04  0.000E+00  1.000E+02
  4.225E-04  4.228E-04  0.000E+00  1.000E+02
  4.228E-04  4.230E-04  0.000E+00  1.000E+02
  4.230E-04  4.233E-04  0.000E+00  1.000E+02
  4.233E-04  4.235E-04  0.000E+00  1.000E+02
  4.235E-04  4.238E-04  0.000E+00  1.000E+02
  4.238E-04  4.240E-04  0.000E+00  1.000E+02
  4.240E-04  4.243E-04  0.000E+00  1.000E+02
  4.243E-04  4.245E-04  0.000E+00  1.000E+02
  4.245E-04  4.248E-04  0.000E+00  1.000E+02
  4.248E-04  4.250E-04  0.000E+00  1.000E+02
  4.250E-04  4.253E-04  0.000E+00  1.000E+02
  4.253E-04  4.255E-04  0.000E+00  1.000E+02
  4.255E-04  4.258E-04  0.000E+00  1.000E+02
  4.258E-04  4.260E-04  0.000E+00  1.000E+02
  4.260E-04  4.263E-04  0.000E+00  1.000E+02
  4.263E-04  4.265E-04  0.000E+00  1.000E+02
  4.265E-04  4.268E-04  0.000E+00  1.000E+02
  4.268E-04  4.270E-04  0.000E+00  1.000E+02
  4.270E-04  4.273E-04  0.000E+00  1.000E+02
  4.273E-04  4.275E-04  0.000E+00  1.000E+02
  4.275E-04  4.278E-04  0.000E+00  1.000E+02
  4.278E-04  4.280E-04  0.000E+00  1.000E+02
  4.280E-04  4.283E-04  0.000E+00  1.000E+02
  4.283E-04  4.285E-04  0.000E+00  1.000E+02
  4.285E-04  4.288E-04  0.000E+00  1.000E+02
  4.288E-04  4.290E-04  0.000E+00  1.000E+02
  4.290E-04  4.293E-04  0.000E+00  1.000E+02
  4.293E-04  4.295E-04  0.000E+00  1.000E+02
  4.295E-04  4.298E-04  0.000E+00  1.000E+02
  4.298E-04  4.300E-04  0.000E+00  1.000E+02
  4.300E-04  4.303E-04  0.000E+00  1.000E+02
  4.303E-04  4.305E-04  0.000E+00  1.000E+02
  4.305E-04  4.308E-04  0.000E+00  1.000E+02
  4.308E-04  4.310E-04  0.000E+00  1.000E+02
  4.310E-04  4.313E-04  0.000E+00  1.000E+02
  4.313E-04  4.315E-04  0.000E+00  1.000E+02
  4.315E-04  4.318E-04  0.000E+00  1.000E+02
  4.318E-04  4.320E-04  0.000E+00  1.000E+02
  4.320E-04  4.323E-04  0.000E+00  1.000E+02
  4.323E-04  4.325E-04  0.000E+00  1.000E+02
  4.325E-04  4.328E-04  0.000E+00  1.000E+02
  4.328E-04  4.330E-04  0.000E+00  1.000E+02
  4.330E-04  4.333E-04  0.000E+00  1.000E+02
  4.333E-04  4.335E-04  0.000E+00  1.000E+02
  4.335E-04  4.338E-04  0.000E+00  1.000E+02
  4.338E-04  4.340E-04  0.000E+00  1.000E+02
  4.340E-04  4.343E-04  0.000E+00  1.000E+02
  4.343E-04  4.345E-04  0.000E+00  1.000E+02
  4.345E-04  4.348E-04  0.000E+00  1.000E+02
  4.348E-04  4.350E-04  0.000E+00  1.000E+02
  4.350E-04  4.353E-04  0.000E+00  1.000E+02
  4.353E-04  4.355E-04  0.000E+00  1.000E+02
  4.355E-04  4.358E-04  0.000E+00  1.000E+02
  4.358E-04  4.360E-04  0.000E+00  1.000E+02
  4.360E-04  4.363E-04  0.000E+00  1.000E+02
  4.363E-04  4.365E-04  0.000E+00  1.000E+02
  4.365E-04  4.368E-04  0.000E+00  1.000E+02
  4.368E-04  4.370E-04  0.000E+00  1.000E+02
  4.370E-04  4.373E-04  0.000E+00  1.000E+02
  4.373E-04  4.375E-04  0.000E+00  1.000E+02
  4.375E-04  4.378E-04  0.000E+00  1.000E+02
  4.378E-04  4.380E-04  0.000E+00  1.000E+02
  4.380E-04  4.383E-04  0.000E+00  1.000E+02
  4.383E-04  4.385E-04  0.000E+00  1.000E+02
  4.385E-04  4.388E-04  0.000E+00  1.000E+02
  4.388E-04  4.390E-04  0.000E+00  1.000E+02
  4.390E-04  4.393E-04  0.000E+00  1.000E+02
  4.393E-04  4.395E-04  0.000E+00  1.000E+02
  4.395E-04  4.398E-04  0.000E+00  1.000E+02
  4.398E-04  4.400E-04  0.000E+00  1.000E+02
  4.400E-04  4.403E-04  0.000E+00  1.000E+02
  4.403E-04  4.405E-04  0.000E+00  1.000E+02
  4.405E-04  4.408E-04  0.000E+00  1.000E+02
  4.408E-04  4.410E-04  0.000E+00  1.000E+02
  4.410E-04  4.413E-04  0.000E+00  1.000E+02
  4.413E-04  4.415E-04  0.000E+00  1.000E+02
  4.415E-04  4.418E-04  0.000E+00  1.000E+02
  4.418E-04  4.420E-04  0.000E+00  1.000E+02
  4.420E-04  4.423E-04  0.000E+00  1.000E+02
  4.423E-04  4.425E-04  0.000E+00  1.000E+02
  4.425E-04  4.428E-04  0.000E+00  1.000E+02
  4.428E-04  4.430E-04  0.000E+00  1.000E+02
  4.430E-04  4.433E-04  0.000E+00  1.000E+02
  4.433E-04  4.435E-04  0.000E+00  1.000E+02
  4.435E-04  4.438E-04  0.000E+00  1.000E+02
  4.438E-04  4.440E-04  0.000E+00  1.000E+02
  4.440E-04  4.443E-04  0.000E+00  1.000E+02
  4.443E-04  4.445E-04  0.000E+00  1.000E+02
  4.445E-04  4.448E-04  0.000E+00  1.000E+02
  4.448E-04  4.450E-04  0.000E+00  1.000E+02
  4.450E-04  4.453E-04  0.000E+00  1.000E+02
  4.453E-04  4.455E-04  0.000E+00  1.000E+02
  4.455E-04  4.458E-04  0.000E+00  1.000E+02
  4.458E-04  4.460E-04  0.000E+00  1.000E+02
  4.460E-04  4.463E-04  0.000E+00  1.000E+02
  4.463E-04  4.465E-04  0.000E+00  1.000E+02
  4.465E-04  4.468E-04  0.000E+00  1.000E+02
  4.468E-04  4.470E-04  0.000E+00  1.000E+02
  4.470E-04  4.473E-04  0.000E+00  1.000E+02
  4.473E-04  4.475E-04  0.000E+00  1.000E+02
  4.475E-04  4.478E-04  0.000E+00  1.000E+02
  4.478E-04  4.480E-04  0.000E+00  1.000E+02
  4.480E-04  4.483E-04  0.000E+00  1.000E+02
  4.483E-04  4.485E-04  0.000E+00  1.000E+02
  4.485E-04  4.488E-04  0.000E+00  1.000E+02
  4.488E-04  4.490E-04  0.000E+00  1.000E+02
  4.490E-04  4.493E-04  0.000E+00  1.000E+02
  4.493E-04  4.495E-04  0.000E+00  1.000E+02
  4.495E-04  4.498E-04  0.000E+00  1.000E+02
  4.498E-04  4.500E-04  0.000E+00  1.000E+02
  4.500E-04  4.503E-04  0.000E+00  1.000E+02
  4.503E-04  4.505E-04  0.000E+00  1.000E+02
  4.505E-04  4.508E-04  0.000E+00  1.000E+02
  4.508E-04  4.510E-04  0.000E+00  1.000E+02
  4.510E-04  4.513E-04  0.000E+00  1.000E+02
  4.513E-04  4.515E-04  0.000E+00  1.000E+02
  4.515E-04  4.518E-04  0.000E+00  1.000E+02
  4.518E-04  4.520E-04  0.000E+00  1.000E+02
  4.520E-04  4.523E-04  0.000E+00  1.000E+02
  4.523E-04  4.525E-04  0.000E+00  1.000E+02
  4.525E-04  4.528E-04  0.000E+00  1.000E+02
  4.528E-04  4.530E-04  0.000E+00  1.000E+02
  4.530E-04  4.533E-04  0.000E+00  1.000E+02
  4.533E-04  4.535E-04  0.000E+00  1.000E+02
  4.535E-04  4.538E-04  0.000E+00  1.000E+02
  4.538E-04  4.540E-04  0.000E+00  1.000E+02
  4.540E-04  4.543E-04  0.000E+00  1.000E+02
  4.543E-04  4.545E-04  0.000E+00  1.000E+02
  4.545E-04  4.548E-04  0.000E+00  1.000E+02
  4.548E-04  4.550E-04  0.000E+00  1.000E+02
  4.550E-04  4.553E-04  0.000E+00  1.000E+02
  4.553E-04  4.555E-04  0.000E+00  1.000E+02
  4.555E-04  4.558E-04  0.000E+00  1.000E+02
  4.558E-04  4.560E-04  0.000E+00  1.000E+02
  4.560E-04  4.563E-04  0.000E+00  1.000E+02
  4.563E-04  4.565E-04  0.000E+00  1.000E+02
  4.565E-04  4.568E-04  0.000E+00  1.000E+02
  4.568E-04  4.570E-04  0.000E+00  1.000E+02
  4.570E-04  4.573E-04  0.000E+00  1.000E+02
  4.573E-04  4.575E-04  0.000E+00  1.000E+02
  4.575E-04  4.578E-04  0.000E+00  1.000E+02
  4.578E-04  4.580E-04  0.000E+00  1.000E+02
  4.580E-04  4.583E-04  0.000E+00  1.000E+02
  4.583E-04  4.585E-04  0.000E+00  1.000E+02
  4.585E-04  4.588E-04  0.000E+00  1.000E+02
  4.588E-04  4.590E-04  0.000E+00  1.000E+02
  4.590E-04  4.593E-04  0.000E+00  1.000E+02
  4.593E-04  4.595E-04  0.000E+00  1.000E+02
  4.595E-04  4.598E-04  0.000E+00  1.000E+02
  4.598E-04  4.600E-04  0.000E+00  1.000E+02
  4.600E-04  4.603E-04  0.000E+00  1.000E+02
  4.603E-04  4.605E-04  0.000E+00  1.000E+02
  4.605E-04  4.608E-04  0.000E+00  1.000E+02
  4.608E-04  4.610E-04  0.000E+00  1.000E+02
  4.610E-04  4.613E-04  0.000E+00  1.000E+02
  4.613E-04  4.615E-04  0.000E+00  1.000E+02
  4.615E-04  4.618E-04  0.000E+00  1.000E+02
  4.618E-04  4.620E-04  0.000E+00  1.000E+02
  4.620E-04  4.623E-04  0.000E+00  1.000E+02
  4.623E-04  4.625E-04  0.000E+00  1.000E+02
  4.625E-04  4.628E-04  0.000E+00  1.000E+02
  4.628E-04  4.630E-04  0.000E+00  1.000E+02
  4.630E-04  4.633E-04  0.000E+00  1.000E+02
  4.633E-04  4.635E-04  0.000E+00  1.000E+02
  4.635E-04  4.638E-04  0.000E+00  1.000E+02
  4.638E-04  4.640E-04  0.000E+00  1.000E+02
  4.640E-04  4.643E-04  0.000E+00  1.000E+02
  4.643E-04  4.645E-04  0.000E+00  1.000E+02
  4.645E-04  4.648E-04  0.000E+00  1.000E+02
  4.648E-04  4.650E-04  0.000E+00  1.000E+02
  4.650E-04  4.653E-04  0.000E+00  1.000E+02
  4.653E-04  4.655E-04  0.000E+00  1.000E+02
  4.655E-04  4.658E-04  0.000E+00  1.000E+02
  4.658E-04  4.660E-04  0.000E+00  1.000E+02
  4.660E-04  4.663E-04  0.000E+00  1.000E+02
  4.663E-04  4.665E-04  0.000E+00  1.000E+02
  4.665E-04  4.668E-04  0.000E+00  1.000E+02
  4.668E-04  4.670E-04  0.000E+00  1.000E+02
  4.670E-04  4.673E-04  0.000E+00  1.000E+02
  4.673E-04  4.675E-04  0.000E+00  1.000E+02
  4.675E-04  4.678E-04  0.000E+00  1.000E+02
  4.678E-04  4.680E-04  0.000E+00  1.000E+02
  4.680E-04  4.683E-04  0.000E+00  1.000E+02
  4.683E-04  4.685E-04  0.000E+00  1.000E+02
  4.685E-04  4.688E-04  0.000E+00  1.000E+02
  4.688E-04  4.690E-04  0.000E+00  1.000E+02
  4.690E-04  4.693E-04  0.000E+00  1.000E+02
  4.693E-04  4.695E-04  0.000E+00  1.000E+02
  4.695E-04  4.698E-04  0.000E+00  1.000E+02
  4.698E-04  4.700E-04  0.000E+00  1.000E+02
  4.700E-04  4.703E-04  0.000E+00  1.000E+02
  4.703E-04  4.705E-04  0.000E+00  1.000E+02
  4.705E-04  4.708E-04  0.000E+00  1.000E+02
  4.708E-04  4.710E-04  0.000E+00  1.000E+02
  4.710E-04  4.713E-04  0.000E+00  1.000E+02
  4.713E-04  4.715E-04  0.000E+00  1.000E+02
  4.715E-04  4.718E-04  0.000E+00  1.000E+02
  4.718E-04  4.720E-04  0.000E+00  1.000E+02
  4.720E-04  4.723E-04  0.000E+00  1.000E+02
  4.723E-04  4.725E-04  0.000E+00  1.000E+02
  4.725E-04  4.728E-04  0.000E+00  1.000E+02
  4.728E-04  4.730E-04  0.000E+00  1.000E+02
  4.730E-04  4.733E-04  0.000E+00  1.000E+02
  4.733E-04  4.735E-04  0.000E+00  1.000E+02
  4.735E-04  4.738E-04  0.000E+00  1.000E+02
  4.738E-04  4.740E-04  0.000E+00  1.000E+02
  4.740E-04  4.743E-04  0.000E+00  1.000E+02
  4.743E-04  4.745E-04  0.000E+00  1.000E+02
  4.745E-04  4.748E-04  0.000E+00  1.000E+02
  4.748E-04  4.750E-04  0.000E+00  1.000E+02
  4.750E-04  4.753E-04  0.000E+00  1.000E+02
  4.753E-04  4.755E-04  0.000E+00  1.000E+02
  4.755E-04  4.758E-04  0.000E+00  1.000E+02
  4.758E-04  4.760E-04  0.000E+00  1.000E+02
  4.760E-04  4.763E-04  0.000E+00  1.000E+02
  4.763E-04  4.765E-04  0.000E+00  1.000E+02
  4.765E-04  4.768E-04  0.000E+00  1.000E+02
  4.768E-04  4.770E-04  0.000E+00  1.000E+02
  4.770E-04  4.773E-04  0.000E+00  1.000E+02
  4.773E-04  4.775E-04  0.000E+00  1.000E+02
  4.775E-04  4.778E-04  0.000E+00  1.000E+02
  4.778E-04  4.780E-04  0.000E+00  1.000E+02
  4.780E-04  4.783E-04  0.000E+00  1.000E+02
  4.783E-04  4.785E-04  0.000E+00  1.000E+02
  4.785E-04  4.788E-04  0.000E+00  1.000E+02
  4.788E-04  4.790E-04  0.000E+00  1.000E+02
  4.790E-04  4.793E-04  0.000E+00  1.000E+02
  4.793E-04  4.795E-04  0.000E+00  1.000E+02
  4.795E-04  4.798E-04  0.000E+00  1.000E+02
  4.798E-04  4.800E-04  0.000E+00  1.000E+02
  4.800E-04  4.803E-04  0.000E+00  1.000E+02
  4.803E-04  4.805E-04  0.000E+00  1.000E+02
  4.805E-04  4.808E-04  0.000E+00  1.000E+02
  4.808E-04  4.810E-04  0.000E+00  1.000E+02
  4.810E-04  4.813E-04  0.000E+00  1.000E+02
  4.813E-04  4.815E-04  0.000E+00  1.000E+02
  4.815E-04  4.818E-04  0.000E+00  1.000E+02
  4.818E-04  4.820E-04  0.000E+00  1.000E+02
  4.820E-04  4.823E-04  0.000E+00  1.000E+02
  4.823E-04  4.825E-04  0.000E+00  1.000E+02
  4.825E-04  4.828E-04  0.000E+00  1.000E+02
  4.828E-04  4.830E-04  0.000E+00  1.000E+02
  4.830E-04  4.833E-04  0.000E+00  1.000E+02
  4.833E-04  4.835E-04  0.000E+00  1.000E+02
  4.835E-04  4.838E-04  0.000E+00  1.000E+02
  4.838E-04  4.840E-04  0.000E+00  1.000E+02
  4.840E-04  4.843E-04  0.000E+00  1.000E+02
  4.843E-04  4.845E-04  0.000E+00  1.000E+02
  4.845E-04  4.848E-04  0.000E+00  1.000E+02
  4.848E-04  4.850E-04  0.000E+00  1.000E+02
  4.850E-04  4.853E-04  0.000E+00  1.000E+02
  4.853E-04  4.855E-04  0.000E+00  1.000E+02
  4.855E-04  4.858E-04  0.000E+00  1.000E+02
  4.858E-04  4.860E-04  0.000E+00  1.000E+02
  4.860E-04  4.863E-04  0.000E+00  1.000E+02
  4.863E-04  4.865E-04  0.000E+00  1.000E+02
  4.865E-04  4.868E-04  0.000E+00  1.000E+02
  4.868E-04  4.870E-04  0.000E+00  1.000E+02
  4.870E-04  4.873E-04  0.000E+00  1.000E+02
  4.873E-04  4.875E-04  0.000E+00  1.000E+02
  4.875E-04  4.878E-04  0.000E+00  1.000E+02
  4.878E-04  4.880E-04  0.000E+00  1.000E+02
  4.880E-04  4.882E-04  0.000E+00  1.000E+02
  4.882E-04  4.885E-04  0.000E+00  1.000E+02
  4.885E-04  4.887E-04  0.000E+00  1.000E+02
  4.887E-04  4.890E-04  0.000E+00  1.000E+02
  4.890E-04  4.892E-04  0.000E+00  1.000E+02
  4.892E-04  4.895E-04  0.000E+00  1.000E+02
  4.895E-04  4.897E-04  0.000E+00  1.000E+02
  4.897E-04  4.900E-04  0.000E+00  1.000E+02
  4.900E-04  4.902E-04  0.000E+00  1.000E+02
  4.902E-04  4.905E-04  0.000E+00  1.000E+02
  4.905E-04  4.907E-04  0.000E+00  1.000E+02
  4.907E-04  4.910E-04  0.000E+00  1.000E+02
  4.910E-04  4.912E-04  0.000E+00  1.000E+02
  4.912E-04  4.915E-04  0.000E+00  1.000E+02
  4.915E-04  4.917E-04  0.000E+00  1.000E+02
  4.917E-04  4.920E-04  0.000E+00  1.000E+02
  4.920E-04  4.922E-04  0.000E+00  1.000E+02
  4.922E-04  4.925E-04  0.000E+00  1.000E+02
  4.925E-04  4.927E-04  0.000E+00  1.000E+02
  4.927E-04  4.930E-04  0.000E+00  1.000E+02
  4.930E-04  4.932E-04  0.000E+00  1.000E+02
  4.932E-04  4.935E-04  0.000E+00  1.000E+02
  4.935E-04  4.937E-04  0.000E+00  1.000E+02
  4.937E-04  4.940E-04  0.000E+00  1.000E+02
  4.940E-04  4.942E-04  0.000E+00  1.000E+02
  4.942E-04  4.945E-04  0.000E+00  1.000E+02
  4.945E-04  4.947E-04  0.000E+00  1.000E+02
  4.947E-04  4.950E-04  0.000E+00  1.000E+02
  4.950E-04  4.952E-04  0.000E+00  1.000E+02
  4.952E-04  4.955E-04  0.000E+00  1.000E+02
  4.955E-04  4.957E-04  0.000E+00  1.000E+02
  4.957E-04  4.960E-04  0.000E+00  1.000E+02
  4.960E-04  4.962E-04  0.000E+00  1.000E+02
  4.962E-04  4.965E-04  0.000E+00  1.000E+02
  4.965E-04  4.967E-04  0.000E+00  1.000E+02
  4.967E-04  4.970E-04  0.000E+00  1.000E+02
  4.970E-04  4.972E-04  0.000E+00  1.000E+02
  4.972E-04  4.975E-04  0.000E+00  1.000E+02
  4.975E-04  4.977E-04  0.000E+00  1.000E+02
  4.977E-04  4.980E-04  0.000E+00  1.000E+02
  4.980E-04  4.982E-04  0.000E+00  1.000E+02
  4.982E-04  4.985E-04  0.000E+00  1.000E+02
  4.985E-04  4.987E-04  0.000E+00  1.000E+02
  4.987E-04  4.990E-04  0.000E+00  1.000E+02
  4.990E-04  4.992E-04  0.000E+00  1.000E+02
  4.992E-04  4.995E-04  0.000E+00  1.000E+02
  4.995E-04  4.997E-04  0.000E+00  1.000E+02
  4.997E-04  5.000E-04  0.000E+00  1.000E+02
